[21:50:13.051] Cloning github.com/Abelhubprog/CursorforWriterz (Branch: main, Commit: 094565e)
[21:50:13.261] Previous build caches not available
[21:50:13.490] Cloning completed: 438.000ms
[21:50:13.586] Found .vercelignore
[21:50:13.600] Removed 34 ignored files defined in .vercelignore
[21:50:13.936] Running build in Washington, D.C., USA (East) â€“ iad1
[21:50:14.262] Running "vercel build"
[21:50:14.652] Vercel CLI 41.4.1
[21:50:15.432] Warning: Detected "engines": { "node": ">=18.0.0" } in your `package.json` that will automatically upgrade when a new major Node.js Version is released. Learn More: http://vercel.link/node-version
[21:50:15.463] Detected `pnpm-lock.yaml` 9 which may be generated by pnpm@9.x or pnpm@10.x
[21:50:15.464] Using pnpm@10.x based on project creation date
[21:50:15.464] To use pnpm@9.x, manually opt in using corepack (https://vercel.com/docs/deployments/configure-a-build#corepack)
[21:50:15.464] Running "install" command: `pnpm install --frozen-lockfile`...
[21:50:18.982] Lockfile is up to date, resolution step is skipped
[21:50:19.271] Packages: +991
[21:50:19.273] ++++++++++++++++++++++++++++++++++++++++++++++++++++++++++++++++++++++++++++++++
[21:50:19.639] Progress: resolved 0, reused 0, downloaded 1, added 0
[21:50:20.643] Progress: resolved 0, reused 0, downloaded 15, added 0
[21:50:22.687] Progress: resolved 0, reused 0, downloaded 16, added 0
[21:50:23.702] Progress: resolved 0, reused 0, downloaded 31, added 13
[21:50:27.737] Progress: resolved 0, reused 0, downloaded 31, added 14
[21:50:28.738] Progress: resolved 0, reused 0, downloaded 38, added 24
[21:50:29.739] Progress: resolved 0, reused 0, downloaded 42, added 27
[21:50:30.742] Progress: resolved 0, reused 0, downloaded 50, added 34
[21:50:31.745] Progress: resolved 0, reused 0, downloaded 52, added 37
[21:50:32.746] Progress: resolved 0, reused 0, downloaded 57, added 40
[21:50:33.747] Progress: resolved 0, reused 0, downloaded 58, added 40
[21:50:34.748] Progress: resolved 0, reused 0, downloaded 70, added 52
[21:50:35.757] Progress: resolved 0, reused 0, downloaded 102, added 83
[21:50:36.759] Progress: resolved 0, reused 0, downloaded 118, added 101
[21:50:37.760] Progress: resolved 0, reused 0, downloaded 162, added 150
[21:50:38.761] Progress: resolved 0, reused 0, downloaded 186, added 172
[21:50:39.762] Progress: resolved 0, reused 0, downloaded 187, added 172
[21:50:40.763] Progress: resolved 0, reused 0, downloaded 199, added 184
[21:50:41.762] Progress: resolved 0, reused 0, downloaded 246, added 234
[21:50:42.764] Progress: resolved 0, reused 0, downloaded 351, added 337
[21:50:43.766] Progress: resolved 0, reused 0, downloaded 437, added 428
[21:50:44.766] Progress: resolved 0, reused 0, downloaded 583, added 575
[21:50:45.766] Progress: resolved 0, reused 0, downloaded 736, added 734
[21:50:46.767] Progress: resolved 0, reused 0, downloaded 916, added 920
[21:50:47.767] Progress: resolved 0, reused 0, downloaded 969, added 991, done
[21:50:48.307] 
[21:50:48.307] â•­ Warning â”€â”€â”€â”€â”€â”€â”€â”€â”€â”€â”€â”€â”€â”€â”€â”€â”€â”€â”€â”€â”€â”€â”€â”€â”€â”€â”€â”€â”€â”€â”€â”€â”€â”€â”€â”€â”€â”€â”€â”€â”€â”€â”€â”€â”€â”€â”€â”€â”€â”€â”€â”€â”€â”€â”€â”€â”€â”€â”€â”€â”€â”€â”€â”€â”€â”€â”€â”€â”€â•®â”‚                                                                              â”‚â”‚   Ignored build scripts: @prisma/client, bufferutil, esbuild, sharp,         â”‚â”‚   utf-8-validate.                                                            â”‚â”‚   Run "pnpm approve-builds" to pick which dependencies should be allowed     â”‚â”‚   to run scripts.                                                            â”‚â”‚                                                                              â”‚â•°â”€â”€â”€â”€â”€â”€â”€â”€â”€â”€â”€â”€â”€â”€â”€â”€â”€â”€â”€â”€â”€â”€â”€â”€â”€â”€â”€â”€â”€â”€â”€â”€â”€â”€â”€â”€â”€â”€â”€â”€â”€â”€â”€â”€â”€â”€â”€â”€â”€â”€â”€â”€â”€â”€â”€â”€â”€â”€â”€â”€â”€â”€â”€â”€â”€â”€â”€â”€â”€â”€â”€â”€â”€â”€â”€â”€â”€â”€â•¯
[21:50:48.309] 
[21:50:48.437] Done in 30.1s using pnpm v10.6.3
[21:50:48.875] 
[21:50:48.876] > handywriterz@1.0.0 vercel-build /vercel/path0
[21:50:48.877] > node scripts/vercel-build.js
[21:50:48.877] 
[21:50:48.961] ðŸš€ Starting Vercel build process...
[21:50:48.962] ðŸ“¦ Installing dependencies...
[21:50:49.406] Lockfile is up to date, resolution step is skipped
[21:50:51.178] Packages: -86
[21:50:51.178] --------------------------------------------------------------------------------
[21:50:51.185] Progress: resolved 0, reused 0, downloaded 1, added 0
[21:50:52.248] Progress: resolved 0, reused 0, downloaded 7, added 0
[21:50:52.955] Progress: resolved 0, reused 0, downloaded 13, added 0, done
[21:50:53.390] 
[21:50:53.392] â•­ Warning â”€â”€â”€â”€â”€â”€â”€â”€â”€â”€â”€â”€â”€â”€â”€â”€â”€â”€â”€â”€â”€â”€â”€â”€â”€â”€â”€â”€â”€â”€â”€â”€â”€â”€â”€â”€â”€â”€â”€â”€â”€â”€â”€â”€â”€â”€â”€â”€â”€â”€â”€â”€â”€â”€â”€â”€â”€â”€â”€â”€â”€â”€â”€â”€â”€â”€â”€â”€â”€â•®â”‚                                                                              â”‚â”‚   Ignored build scripts: @prisma/client, bufferutil, esbuild, sharp,         â”‚â”‚   utf-8-validate.                                                            â”‚â”‚   Run "pnpm approve-builds" to pick which dependencies should be allowed     â”‚â”‚   to run scripts.                                                            â”‚â”‚                                                                              â”‚â•°â”€â”€â”€â”€â”€â”€â”€â”€â”€â”€â”€â”€â”€â”€â”€â”€â”€â”€â”€â”€â”€â”€â”€â”€â”€â”€â”€â”€â”€â”€â”€â”€â”€â”€â”€â”€â”€â”€â”€â”€â”€â”€â”€â”€â”€â”€â”€â”€â”€â”€â”€â”€â”€â”€â”€â”€â”€â”€â”€â”€â”€â”€â”€â”€â”€â”€â”€â”€â”€â”€â”€â”€â”€â”€â”€â”€â”€â”€â•¯
[21:50:53.392] 
[21:51:03.033] Done in 14s using pnpm v10.6.3
[21:51:03.081] ðŸ—ï¸ Building application...
[21:51:03.388] 
[21:51:03.388] > handywriterz@1.0.0 build /vercel/path0
[21:51:03.388] > tsc && vite build
[21:51:03.388] 
[21:51:29.979] src/admin/components/hooks/useAuth.tsx(85,79): error TS7006: Parameter 'event' implicitly has an 'any' type.
[21:51:29.979] src/admin/components/hooks/useAuth.tsx(85,86): error TS7006: Parameter 'session' implicitly has an 'any' type.
[21:51:29.979] src/admin/pages/Dashboard.tsx(120,48): error TS7006: Parameter 'post' implicitly has an 'any' type.
[21:51:29.979] src/admin/pages/Dashboard.tsx(121,44): error TS7006: Parameter 'post' implicitly has an 'any' type.
[21:51:29.979] src/admin/pages/Dashboard.tsx(122,48): error TS7006: Parameter 'post' implicitly has an 'any' type.
[21:51:29.979] src/admin/pages/Dashboard.tsx(139,45): error TS7006: Parameter 'sum' implicitly has an 'any' type.
[21:51:29.979] src/admin/pages/Dashboard.tsx(139,50): error TS7006: Parameter 'item' implicitly has an 'any' type.
[21:51:29.979] src/admin/pages/Dashboard.tsx(167,54): error TS7006: Parameter 'post' implicitly has an 'any' type.
[21:51:29.979] src/admin/pages/Dashboard.tsx(168,50): error TS7006: Parameter 'post' implicitly has an 'any' type.
[21:51:29.980] src/admin/pages/Dashboard.tsx(178,42): error TS7006: Parameter 'sum' implicitly has an 'any' type.
[21:51:29.980] src/admin/pages/Dashboard.tsx(178,47): error TS7006: Parameter 'item' implicitly has an 'any' type.
[21:51:29.980] src/admin/pages/Dashboard.tsx(233,46): error TS7006: Parameter 'post' implicitly has an 'any' type.
[21:51:29.980] src/admin/pages/Dashboard.tsx(272,52): error TS7006: Parameter 'comment' implicitly has an 'any' type.
[21:51:29.980] src/admin/pages/content/Categories.tsx(51,35): error TS7006: Parameter 'item' implicitly has an 'any' type.
[21:51:29.980] src/admin/pages/content/ContentEditor.tsx(140,35): error TS7006: Parameter 'item' implicitly has an 'any' type.
[21:51:29.981] src/admin/pages/content/ContentEditor.tsx(900,59): error TS18048: 'post.contentBlocks' is possibly 'undefined'.
[21:51:29.981] src/admin/pages/content/ContentList.tsx(19,35): error TS2307: Cannot find module '@/utils/formatters' or its corresponding type declarations.
[21:51:29.981] src/admin/pages/content/ContentList.tsx(108,35): error TS7006: Parameter 'item' implicitly has an 'any' type.
[21:51:29.981] src/admin/pages/content/ServiceEditor.tsx(112,36): error TS2345: Argument of type 'string | undefined' is not assignable to parameter of type 'string'.
[21:51:29.982]   Type 'undefined' is not assignable to type 'string'.
[21:51:29.982] src/admin/pages/content/ServiceEditor.tsx(115,42): error TS2345: Argument of type 'string | undefined' is not assignable to parameter of type 'string'.
[21:51:29.982]   Type 'undefined' is not assignable to type 'string'.
[21:51:29.985] src/admin/pages/content/ServiceEditor.tsx(116,64): error TS2345: Argument of type 'string | undefined' is not assignable to parameter of type 'string'.
[21:51:29.987]   Type 'undefined' is not assignable to type 'string'.
[21:51:29.987] src/admin/pages/content/ServiceEditor.tsx(147,11): error TS2698: Spread types may only be created from object types.
[21:51:29.987] src/admin/pages/content/ServiceEditor.tsx(164,11): error TS2698: Spread types may only be created from object types.
[21:51:29.987] src/admin/pages/users/UsersList.tsx(66,46): error TS2345: Argument of type '({ id: string; name: string; email: string; role: string; status: string; lastLogin: string; avatar: string; } | { id: string; name: string; email: string; role: string; status: string; lastLogin: null; avatar: string; })[]' is not assignable to parameter of type 'User[] | (() => User[])'.
[21:51:29.987]   Type '({ id: string; name: string; email: string; role: string; status: string; lastLogin: string; avatar: string; } | { id: string; name: string; email: string; role: string; status: string; lastLogin: null; avatar: string; })[]' is not assignable to type 'User[]'.
[21:51:29.988]     Type '{ id: string; name: string; email: string; role: string; status: string; lastLogin: string; avatar: string; } | { id: string; name: string; email: string; role: string; status: string; lastLogin: null; avatar: string; }' is not assignable to type 'User'.
[21:51:29.988]       Type '{ id: string; name: string; email: string; role: string; status: string; lastLogin: string; avatar: string; }' is not assignable to type 'User'.
[21:51:29.988]         Types of property 'status' are incompatible.
[21:51:29.988]           Type 'string' is not assignable to type '"pending" | "active" | "inactive"'.
[21:51:29.988] src/api/controllers/PostController.ts(9,35): error TS2307: Cannot find module 'express' or its corresponding type declarations.
[21:51:29.988] src/api/controllers/PostController.ts(175,9): error TS2561: Object literal may only specify known properties, but 'featuredImage' does not exist in type 'PostInput'. Did you mean to write 'featured_image'?
[21:51:29.988] src/api/controllers/PostController.ts(219,87): error TS2551: Property 'authorId' does not exist on type 'Post'. Did you mean 'author_id'?
[21:51:29.989] src/api/controllers/PostController.ts(290,87): error TS2551: Property 'authorId' does not exist on type 'Post'. Did you mean 'author_id'?
[21:51:29.989] src/api/controllers/PostController.ts(380,87): error TS2551: Property 'authorId' does not exist on type 'Post'. Did you mean 'author_id'?
[21:51:29.989] src/api/createCharge.ts(1,44): error TS2307: Cannot find module 'express' or its corresponding type declarations.
[21:51:29.989] src/api/createCharge.ts(2,24): error TS2307: Cannot find module 'express' or its corresponding type declarations.
[21:51:29.989] src/api/createCharge.ts(16,28): error TS2339: Property 'body' does not exist on type 'AuthenticatedRequest'.
[21:51:29.989] src/api/createCharge.ts(40,79): error TS2769: No overload matches this call.
[21:51:29.989]   Overload 1 of 2, '(input: string | URL | Request, init?: RequestInit | undefined): Promise<Response>', gave the following error.
[21:51:29.989]     Argument of type '{ method: string; headers: { 'Content-Type': string; Accept: string; 'X-CC-Api-Key': string | undefined; }; body: string; }' is not assignable to parameter of type 'RequestInit'.
[21:51:29.990]       Types of property 'headers' are incompatible.
[21:51:29.990]         Type '{ 'Content-Type': string; Accept: string; 'X-CC-Api-Key': string | undefined; }' is not assignable to type 'HeadersInit | undefined'.
[21:51:29.990]           Type '{ 'Content-Type': string; Accept: string; 'X-CC-Api-Key': string | undefined; }' is not assignable to type 'Record<string, string>'.
[21:51:29.990]             Property ''X-CC-Api-Key'' is incompatible with index signature.
[21:51:29.990]               Type 'string | undefined' is not assignable to type 'string'.
[21:51:29.990]                 Type 'undefined' is not assignable to type 'string'.
[21:51:29.990]   Overload 2 of 2, '(input: URL | RequestInfo, init?: RequestInit | undefined): Promise<Response>', gave the following error.
[21:51:29.990]     Argument of type '{ method: string; headers: { 'Content-Type': string; Accept: string; 'X-CC-Api-Key': string | undefined; }; body: string; }' is not assignable to parameter of type 'RequestInit'.
[21:51:29.990]       Types of property 'headers' are incompatible.
[21:51:29.990]         Type '{ 'Content-Type': string; Accept: string; 'X-CC-Api-Key': string | undefined; }' is not assignable to type 'HeadersInit | undefined'.
[21:51:29.991]           Type '{ 'Content-Type': string; Accept: string; 'X-CC-Api-Key': string | undefined; }' is not assignable to type 'Record<string, string>'.
[21:51:29.991]             Property ''X-CC-Api-Key'' is incompatible with index signature.
[21:51:29.991]               Type 'string | undefined' is not assignable to type 'string'.
[21:51:29.991]                 Type 'undefined' is not assignable to type 'string'.
[21:51:29.991] src/api/middleware/auth.ts(9,49): error TS2307: Cannot find module 'express' or its corresponding type declarations.
[21:51:29.991] src/api/middleware/auth.ts(10,37): error TS2307: Cannot find module 'appwrite' or its corresponding type declarations.
[21:51:29.991] src/api/middleware/auth.ts(12,32): error TS2307: Cannot find module '@/config/appwrite' or its corresponding type declarations.
[21:51:29.992] src/api/middleware/auth.ts(51,53): error TS2339: Property '$id' does not exist on type 'User'.
[21:51:29.992] src/api/routes/index.ts(9,21): error TS2307: Cannot find module 'express' or its corresponding type declarations.
[21:51:29.992] src/api/routes/index.ts(16,24): error TS7006: Parameter 'req' implicitly has an 'any' type.
[21:51:29.992] src/api/routes/index.ts(16,29): error TS7006: Parameter 'res' implicitly has an 'any' type.
[21:51:29.992] src/api/routes/postRoutes.ts(9,21): error TS2307: Cannot find module 'express' or its corresponding type declarations.
[21:51:29.992] src/components/CommentSection.tsx(4,36): error TS2307: Cannot find module '@/utils/formatDate' or its corresponding type declarations.
[21:51:29.992] src/components/CommentSection.tsx(35,48): error TS2339: Property 'getCommentsByPostId' does not exist on type 'DatabaseService'.
[21:51:29.992] src/components/CommentSection.tsx(38,48): error TS2339: Property 'getCommentsByPostId' does not exist on type 'DatabaseService'.
[21:51:29.992] src/components/CommentSection.tsx(74,41): error TS2339: Property 'submitComment' does not exist on type 'DatabaseService'.
[21:51:29.992] src/components/CommentSection.tsx(76,41): error TS2339: Property 'submitComment' does not exist on type 'DatabaseService'.
[21:51:29.993] src/components/Comments/CommentSection.tsx(39,8): error TS2307: Cannot find module '@chakra-ui/react' or its corresponding type declarations.
[21:51:29.993] src/components/Comments/CommentSection.tsx(55,99): error TS2307: Cannot find module '../../lib/databaseService' or its corresponding type declarations.
[21:51:29.993] src/components/Comments/CommentSection.tsx(365,21): error TS2551: Property 'avatar_url' does not exist on type 'User'. Did you mean 'avatarUrl'?
[21:51:29.993] src/components/Comments/CommentSection.tsx(376,20): error TS7006: Parameter 'e' implicitly has an 'any' type.
[21:51:29.993] src/components/Comments/CommentSection.tsx(465,17): error TS2339: Property 'userRole' does not exist on type '{ user: User | null; session: Session | null; isLoading: boolean; error: Error | null; signIn: (email: string, password: string) => Promise<void>; ... 4 more ...; isAdmin: boolean; }'.
[21:51:29.993] src/components/Dashboard/Dashboard.tsx(461,54): error TS2554: Expected 3-4 arguments, but got 1.
[21:51:29.993] src/components/Dashboard/Dashboard.tsx(566,17): error TS2339: Property 'info' does not exist on type '{ (message: Message, opts?: Partial<Pick<Toast, "id" | "style" | "icon" | "className" | "duration" | "ariaProps" | "position" | "iconTheme" | "removeDelay">> | undefined): string; ... 6 more ...; promise<T>(promise: Promise<...> | (() => Promise<...>), msgs: { ...; }, opts?: DefaultToastOptions | undefined): Promise...'.
[21:51:29.993] src/components/Dashboard/DashboardWrapper.tsx(6,10): error TS2724: '"@/lib/supabaseClient"' has no exported member named 'pingSupabase'. Did you mean 'supabase'?
[21:51:29.993] src/components/Dashboard/DashboardWrapper.tsx(9,17): error TS2339: Property 'loading' does not exist on type '{ user: User | null; session: Session | null; isLoading: boolean; error: Error | null; signIn: (email: string, password: string) => Promise<void>; ... 4 more ...; isAdmin: boolean; }'.
[21:51:29.994] src/components/Dashboard/DashboardWrapper.tsx(9,35): error TS2339: Property 'userRole' does not exist on type '{ user: User | null; session: Session | null; isLoading: boolean; error: Error | null; signIn: (email: string, password: string) => Promise<void>; ... 4 more ...; isAdmin: boolean; }'.
[21:51:29.994] src/components/Dashboard/SendToAdminButton.tsx(5,15): error TS2305: Module '"@clerk/clerk-react"' has no exported member 'User'.
[21:51:29.994] src/components/Dashboard/SendToAdminButton.tsx(87,10): error TS2367: This comparison appears to be unintentional because the types '"uploading" | "notifying" | "submitting"' and '"success"' have no overlap.
[21:51:29.994] src/components/Dashboard/SendToAdminButton.tsx(93,10): error TS2367: This comparison appears to be unintentional because the types '"uploading" | "notifying" | "submitting"' and '"error"' have no overlap.
[21:51:29.994] src/components/Dashboard/SendToAdminButton.tsx(99,10): error TS2367: This comparison appears to be unintentional because the types '"uploading" | "notifying" | "submitting"' and '"partial"' have no overlap.
[21:51:29.994] src/components/Documents/DocumentManager.tsx(252,13): error TS2322: Type '{ placeholder: string; value: string; onChange: (e: ChangeEvent<HTMLInputElement>) => void; startIcon: Element; }' is not assignable to type 'IntrinsicAttributes & InputProps & RefAttributes<HTMLInputElement>'.
[21:51:29.994]   Property 'startIcon' does not exist on type 'IntrinsicAttributes & InputProps & RefAttributes<HTMLInputElement>'.
[21:51:29.994] src/components/Documents/DocumentManager.tsx(293,24): error TS2322: Type 'IconType' is not assignable to type 'ReactNode'.
[21:51:29.994] src/components/Documents/DocumentManager.tsx(293,36): error TS2345: Argument of type 'string' is not assignable to parameter of type 'FileCategory'.
[21:51:29.994] src/components/Documents/DocumentManager.tsx(321,59): error TS2322: Type '{ children: Element; variant: "outline"; size: "sm"; asChild: true; }' is not assignable to type 'IntrinsicAttributes & ButtonProps & RefAttributes<HTMLButtonElement>'.
[21:51:29.995]   Property 'asChild' does not exist on type 'IntrinsicAttributes & ButtonProps & RefAttributes<HTMLButtonElement>'.
[21:51:29.995] src/components/Editor/RichTextEditor.test.tsx(2,52): error TS2307: Cannot find module '@testing-library/react' or its corresponding type declarations.
[21:51:29.995] src/components/Editor/RichTextEditor.test.tsx(46,44): error TS2339: Property 'toBeInTheDocument' does not exist on type 'JestMatchers<any>'.
[21:51:29.995] src/components/Editor/RichTextEditor.test.tsx(47,46): error TS2339: Property 'toBeInTheDocument' does not exist on type 'JestMatchers<any>'.
[21:51:29.996] src/components/Editor/RichTextEditor.test.tsx(48,51): error TS2339: Property 'toBeInTheDocument' does not exist on type 'JestMatchers<any>'.
[21:51:29.996] src/components/Editor/RichTextEditor.test.tsx(49,52): error TS2339: Property 'toBeInTheDocument' does not exist on type 'JestMatchers<any>'.
[21:51:29.996] src/components/Editor/RichTextEditor.test.tsx(50,45): error TS2339: Property 'toBeInTheDocument' does not exist on type 'JestMatchers<any>'.
[21:51:29.996] src/components/Editor/RichTextEditor.test.tsx(51,50): error TS2339: Property 'toBeInTheDocument' does not exist on type 'JestMatchers<any>'.
[21:51:29.996] src/components/Editor/RichTextEditor.test.tsx(58,50): error TS2339: Property 'toBeInTheDocument' does not exist on type 'Matchers<void, any>'.
[21:51:29.996] src/components/Editor/RichTextEditor.test.tsx(65,37): error TS2339: Property 'toBeInTheDocument' does not exist on type 'JestMatchers<any>'.
[21:51:29.997] src/components/Editor/RichTextEditor.test.tsx(66,47): error TS2339: Property 'toHaveClass' does not exist on type 'JestMatchers<any>'.
[21:51:29.997] src/components/Editor/RichTextEditor.test.tsx(137,23): error TS2339: Property 'toHaveAttribute' does not exist on type 'JestMatchers<any>'.
[21:51:29.997] src/components/Editor/RichTextEditor.test.tsx(140,23): error TS7006: Parameter 'button' implicitly has an 'any' type.
[21:51:29.997] src/components/Editor/RichTextEditor.test.tsx(141,24): error TS2339: Property 'toHaveAttribute' does not exist on type 'JestMatchers<any>'.
[21:51:29.997] src/components/Editor/RichTextEditor.test.tsx(178,25): error TS2339: Property 'toHaveAttribute' does not exist on type 'JestMatchers<any>'.
[21:51:29.997] src/components/Editor/RichTextEditor.tsx(2,24): error TS2307: Cannot find module '@tiptap/react' or its corresponding type declarations.
[21:51:29.997] src/components/Editor/RichTextEditor.tsx(3,24): error TS2307: Cannot find module '@tiptap/starter-kit' or its corresponding type declarations.
[21:51:29.997] src/components/Editor/RichTextEditor.tsx(4,19): error TS2307: Cannot find module '@tiptap/extension-image' or its corresponding type declarations.
[21:51:29.997] src/components/Editor/RichTextEditor.tsx(5,18): error TS2307: Cannot find module '@tiptap/extension-link' or its corresponding type declarations.
[21:51:29.998] src/components/Editor/RichTextEditor.tsx(6,27): error TS2307: Cannot find module '@tiptap/react' or its corresponding type declarations.
[21:51:29.998] src/components/Editor/RichTextEditor.tsx(55,18): error TS7031: Binding element 'editor' implicitly has an 'any' type.
[21:51:29.998] src/components/Messages/MessageCenter.tsx(33,8): error TS2307: Cannot find module '@chakra-ui/react' or its corresponding type declarations.
[21:51:29.998] src/components/Messages/MessageCenter.tsx(51,80): error TS2307: Cannot find module '../../lib/databaseService' or its corresponding type declarations.
[21:51:29.998] src/components/Messages/MessageCenter.tsx(161,27): error TS7006: Parameter 'e' implicitly has an 'any' type.
[21:51:29.998] src/components/Messages/MessageCenter.tsx(175,25): error TS7006: Parameter 'e' implicitly has an 'any' type.
[21:51:29.998] src/components/Messages/MessageCenter.tsx(294,24): error TS7006: Parameter 'e' implicitly has an 'any' type.
[21:51:29.998] src/components/Messages/MessageCenter.tsx(317,24): error TS7006: Parameter 'e' implicitly has an 'any' type.
[21:51:29.998] src/components/Messages/MessageCenter.tsx(584,30): error TS7006: Parameter 'e' implicitly has an 'any' type.
[21:51:29.998] src/components/Messages/MessageCenter.tsx(702,11): error TS2322: Type 'Message | null | undefined' is not assignable to type 'Message | undefined'.
[21:51:29.998]   Type 'null' is not assignable to type 'Message | undefined'.
[21:51:29.998] src/components/Navbar.tsx(5,2): error TS2304: Cannot find name 'Link'.
[21:51:29.998] src/components/Navbar.tsx(5,63): error TS2304: Cannot find name 'Link'.
[21:51:29.998] src/components/Payments/PaymentProcessor.tsx(48,8): error TS2307: Cannot find module '@chakra-ui/react' or its corresponding type declarations.
[21:51:29.999] src/components/Payments/PaymentProcessor.tsx(62,69): error TS2307: Cannot find module '../../lib/databaseService' or its corresponding type declarations.
[21:51:29.999] src/components/Payments/PaymentProcessor.tsx(332,59): error TS7006: Parameter 'value' implicitly has an 'any' type.
[21:51:29.999] src/components/Payments/PaymentProcessor.tsx(986,24): error TS2304: Cannot find name 'AlertTitle'.
[21:51:29.999] src/components/Payments/PaymentProcessor.tsx(986,51): error TS2304: Cannot find name 'AlertTitle'.
[21:51:29.999] src/components/Payments/PaymentProcessor.tsx(987,24): error TS2304: Cannot find name 'AlertDescription'.
[21:51:29.999] src/components/Payments/PaymentProcessor.tsx(987,57): error TS2304: Cannot find name 'AlertDescription'.
[21:51:29.999] src/components/admin/MediaLibrary.tsx(25,98): error TS2307: Cannot find module '@/lib/appwriteClient' or its corresponding type declarations.
[21:51:29.999] src/components/admin/MediaLibrary.tsx(153,35): error TS7006: Parameter 'file' implicitly has an 'any' type.
[21:51:29.999] src/components/admin/MessagesManager.tsx(2,59): error TS2307: Cannot find module '@/lib/appwriteClient' or its corresponding type declarations.
[21:51:29.999] src/components/admin/MessagesManager.tsx(270,19): error TS2345: Argument of type '(prevMessages: Message[]) => (Message | { status: string; replies: MessageReply[]; $id: string; userId: string; fromName: string; fromEmail: string; subject: string; content: string; createdAt: string; files?: string[] | undefined; order?: string | undefined; })[]' is not assignable to parameter of type 'SetStateAction<Message[]>'.
[21:51:29.999]   Type '(prevMessages: Message[]) => (Message | { status: string; replies: MessageReply[]; $id: string; userId: string; fromName: string; fromEmail: string; subject: string; content: string; createdAt: string; files?: string[] | undefined; order?: string | undefined; })[]' is not assignable to type '(prevState: Message[]) => Message[]'.
[21:51:29.999]     Type '(Message | { status: string; replies: MessageReply[]; $id: string; userId: string; fromName: string; fromEmail: string; subject: string; content: string; createdAt: string; files?: string[] | undefined; order?: string | undefined; })[]' is not assignable to type 'Message[]'.
[21:51:29.999]       Type 'Message | { status: string; replies: MessageReply[]; $id: string; userId: string; fromName: string; fromEmail: string; subject: string; content: string; createdAt: string; files?: string[] | undefined; order?: string | undefined; }' is not assignable to type 'Message'.
[21:51:29.999]         Type '{ status: string; replies: MessageReply[]; $id: string; userId: string; fromName: string; fromEmail: string; subject: string; content: string; createdAt: string; files?: string[]; order?: string; }' is not assignable to type 'Message'.
[21:51:29.999]           Types of property 'status' are incompatible.
[21:51:29.999]             Type 'string' is not assignable to type '"read" | "unread" | "replied"'.
[21:51:29.999] src/components/admin/MessagesManager.tsx(276,26): error TS2345: Argument of type '{ status: string; replies: MessageReply[]; $id: string; userId: string; fromName: string; fromEmail: string; subject: string; content: string; createdAt: string; files?: string[]; order?: string; }' is not assignable to parameter of type 'SetStateAction<Message | null>'.
[21:51:29.999]   Type '{ status: string; replies: MessageReply[]; $id: string; userId: string; fromName: string; fromEmail: string; subject: string; content: string; createdAt: string; files?: string[]; order?: string; }' is not assignable to type 'Message'.
[21:51:30.000]     Types of property 'status' are incompatible.
[21:51:30.000]       Type 'string' is not assignable to type '"read" | "unread" | "replied"'.
[21:51:30.000] src/components/admin/MessagesManager.tsx(746,17): error TS2322: Type '{ value: string; onChange: Dispatch<SetStateAction<string>>; placeholder: string; height: string; showMarkdownToggle: false; }' is not assignable to type 'IntrinsicAttributes & RichTextEditorProps'.
[21:51:30.000]   Property 'value' does not exist on type 'IntrinsicAttributes & RichTextEditorProps'.
[21:51:30.000] src/components/admin/PostEditor.tsx(4,49): error TS2307: Cannot find module '@/lib/appwriteClient' or its corresponding type declarations.
[21:51:30.000] src/components/admin/PostEditor.tsx(25,10): error TS2614: Module '"./MediaLibrary"' has no exported member 'MediaLibrary'. Did you mean to use 'import MediaLibrary from "./MediaLibrary"' instead?
[21:51:30.000] src/components/admin/PostEditor.tsx(582,17): error TS2322: Type '{ value: string; onChange: (value: string) => void; height: string; }' is not assignable to type 'IntrinsicAttributes & RichTextEditorProps'.
[21:51:30.000]   Property 'value' does not exist on type 'IntrinsicAttributes & RichTextEditorProps'.
[21:51:30.000] src/components/admin/PostRenderer.tsx(7,23): error TS2307: Cannot find module 'dompurify' or its corresponding type declarations.
[21:51:30.000] src/components/admin/PostRenderer.tsx(79,26): error TS2339: Property 'inline' does not exist on type 'ClassAttributes<HTMLElement> & HTMLAttributes<HTMLElement> & ExtraProps'.
[21:51:30.000] src/components/admin/PostsList.tsx(20,61): error TS2307: Cannot find module '@/lib/appwriteClient' or its corresponding type declarations.
[21:51:30.000] src/components/admin/PostsList.tsx(21,23): error TS2307: Cannot find module 'appwrite' or its corresponding type declarations.
[21:51:30.000] src/components/admin/PostsList.tsx(148,53): error TS7006: Parameter 'doc' implicitly has an 'any' type.
[21:51:30.000] src/components/admin/PostsList.tsx(570,26): error TS2304: Cannot find name 'MessageSquare'.
[21:51:30.000] src/components/admin/RichTextEditor.tsx(2,24): error TS2307: Cannot find module 'react-quill' or its corresponding type declarations.
[21:51:30.000] src/components/admin/RichTextEditor.tsx(4,46): error TS2307: Cannot find module '@/lib/appwriteClient' or its corresponding type declarations.
[21:51:30.000] src/components/admin/content/ContentEditor.tsx(9,3): error TS2305: Module '"@/components/ui/select"' has no exported member 'SelectContent'.
[21:51:30.000] src/components/admin/content/ContentEditor.tsx(10,3): error TS2305: Module '"@/components/ui/select"' has no exported member 'SelectItem'.
[21:51:30.001] src/components/admin/content/ContentEditor.tsx(11,3): error TS2305: Module '"@/components/ui/select"' has no exported member 'SelectTrigger'.
[21:51:30.001] src/components/admin/content/ContentEditor.tsx(12,3): error TS2305: Module '"@/components/ui/select"' has no exported member 'SelectValue'.
[21:51:30.001] src/components/admin/content/ContentEditor.tsx(20,50): error TS2307: Cannot find module '@/services/adminContentService' or its corresponding type declarations.
[21:51:30.001] src/components/admin/content/ContentEditor.tsx(23,37): error TS2307: Cannot find module '@/components/editor/RichTextEditor' or its corresponding type declarations.
[21:51:30.001] src/components/admin/content/ContentEditor.tsx(86,17): error TS7006: Parameter 'prev' implicitly has an 'any' type.
[21:51:30.001] src/components/admin/content/ContentEditor.tsx(96,17): error TS7006: Parameter 'prev' implicitly has an 'any' type.
[21:51:30.001] src/components/admin/content/ContentEditor.tsx(106,17): error TS7006: Parameter 'prev' implicitly has an 'any' type.
[21:51:30.001] src/components/admin/content/ContentEditor.tsx(122,21): error TS7006: Parameter 'prev' implicitly has an 'any' type.
[21:51:30.001] src/components/admin/content/ContentEditor.tsx(136,17): error TS7006: Parameter 'prev' implicitly has an 'any' type.
[21:51:30.001] src/components/admin/content/ContentEditor.tsx(144,17): error TS7006: Parameter 'prev' implicitly has an 'any' type.
[21:51:30.001] src/components/admin/content/ContentEditor.tsx(146,32): error TS7006: Parameter 't' implicitly has an 'any' type.
[21:51:30.001] src/components/admin/content/ContentEditor.tsx(152,17): error TS7006: Parameter 'prev' implicitly has an 'any' type.
[21:51:30.001] src/components/admin/content/ContentEditor.tsx(163,17): error TS7006: Parameter 'prev' implicitly has an 'any' type.
[21:51:30.001] src/components/admin/content/ContentEditor.tsx(167,47): error TS7006: Parameter 'k' implicitly has an 'any' type.
[21:51:30.001] src/components/admin/content/ContentEditor.tsx(264,15): error TS2322: Type '{ value: any; onChange: (value: string) => void; placeholder: string; }' is not assignable to type 'IntrinsicAttributes'.
[21:51:30.001]   Property 'value' does not exist on type 'IntrinsicAttributes'.
[21:51:30.001] src/components/admin/content/ContentEditor.tsx(292,19): error TS2322: Type '{ children: Element[]; value: any; onValueChange: (value: any) => void; }' is not assignable to type 'IntrinsicAttributes & SelectProps & RefAttributes<HTMLSelectElement>'.
[21:51:30.002]   Property 'onValueChange' does not exist on type 'IntrinsicAttributes & SelectProps & RefAttributes<HTMLSelectElement>'. Did you mean 'onVolumeChange'?
[21:51:30.002] src/components/admin/content/ContentEditor.tsx(292,35): error TS7006: Parameter 'value' implicitly has an 'any' type.
[21:51:30.002] src/components/admin/content/ContentEditor.tsx(293,33): error TS7006: Parameter 'prev' implicitly has an 'any' type.
[21:51:30.002] src/components/admin/content/ContentEditor.tsx(350,39): error TS7006: Parameter 'tag' implicitly has an 'any' type.
[21:51:30.002] src/components/admin/content/ContentEditor.tsx(392,33): error TS7006: Parameter 'prev' implicitly has an 'any' type.
[21:51:30.002] src/components/admin/content/ContentEditor.tsx(449,48): error TS7006: Parameter 'keyword' implicitly has an 'any' type.
[21:51:30.002] src/components/admin/content/ContentManagement.tsx(10,8): error TS2307: Cannot find module '@/components/ui/table' or its corresponding type declarations.
[21:51:30.002] src/components/admin/content/ContentManagement.tsx(21,3): error TS2305: Module '"@/components/ui/select"' has no exported member 'SelectContent'.
[21:51:30.002] src/components/admin/content/ContentManagement.tsx(22,3): error TS2305: Module '"@/components/ui/select"' has no exported member 'SelectItem'.
[21:51:30.002] src/components/admin/content/ContentManagement.tsx(23,3): error TS2305: Module '"@/components/ui/select"' has no exported member 'SelectTrigger'.
[21:51:30.002] src/components/admin/content/ContentManagement.tsx(24,3): error TS2305: Module '"@/components/ui/select"' has no exported member 'SelectValue'.
[21:51:30.002] src/components/admin/content/ContentManagement.tsx(29,26): error TS2307: Cannot find module '@/components/ui/calendar' or its corresponding type declarations.
[21:51:30.002] src/components/admin/content/ContentManagement.tsx(47,78): error TS2307: Cannot find module '@/services/adminContentService' or its corresponding type declarations.
[21:51:30.003] src/components/admin/content/ContentManagement.tsx(91,16): error TS7006: Parameter 'prev' implicitly has an 'any' type.
[21:51:30.003] src/components/admin/content/ContentManagement.tsx(96,14): error TS7006: Parameter 'prev' implicitly has an 'any' type.
[21:51:30.003] src/components/admin/content/ContentManagement.tsx(196,15): error TS2322: Type '{ children: Element[]; value: any; onValueChange: (value: any) => void; }' is not assignable to type 'IntrinsicAttributes & SelectProps & RefAttributes<HTMLSelectElement>'.
[21:51:30.003]   Property 'onValueChange' does not exist on type 'IntrinsicAttributes & SelectProps & RefAttributes<HTMLSelectElement>'. Did you mean 'onVolumeChange'?
[21:51:30.003] src/components/admin/content/ContentManagement.tsx(212,15): error TS2322: Type '{ children: Element[]; value: any; onValueChange: (value: any) => void; }' is not assignable to type 'IntrinsicAttributes & SelectProps & RefAttributes<HTMLSelectElement>'.
[21:51:30.004]   Property 'onValueChange' does not exist on type 'IntrinsicAttributes & SelectProps & RefAttributes<HTMLSelectElement>'. Did you mean 'onVolumeChange'?
[21:51:30.004] src/components/admin/content/ContentManagement.tsx(250,32): error TS7006: Parameter 'range' implicitly has an 'any' type.
[21:51:30.004] src/components/admin/content/ContentManagement.tsx(287,15): error TS2322: Type '"destructive"' is not assignable to type '"default" | "secondary" | "outline" | "ghost" | "link" | null | undefined'.
[21:51:30.004] src/components/admin/content/ContentManagement.tsx(307,19): error TS2322: Type '{ checked: boolean; onCheckedChange: (checked: boolean) => void; }' is not assignable to type 'IntrinsicAttributes & CheckboxProps & RefAttributes<HTMLInputElement>'.
[21:51:30.004]   Property 'onCheckedChange' does not exist on type 'IntrinsicAttributes & CheckboxProps & RefAttributes<HTMLInputElement>'.
[21:51:30.004] src/components/admin/content/ContentManagement.tsx(357,23): error TS2322: Type '{ checked: boolean; onCheckedChange: (checked: any) => void; }' is not assignable to type 'IntrinsicAttributes & CheckboxProps & RefAttributes<HTMLInputElement>'.
[21:51:30.005]   Property 'onCheckedChange' does not exist on type 'IntrinsicAttributes & CheckboxProps & RefAttributes<HTMLInputElement>'.
[21:51:30.005] src/components/admin/content/ContentManagement.tsx(357,41): error TS7006: Parameter 'checked' implicitly has an 'any' type.
[21:51:30.005] src/components/admin/content/ContentManagement.tsx(368,34): error TS7053: Element implicitly has an 'any' type because expression of type 'any' can't be used to index type '{ draft: string; published: string; archived: string; }'.
[21:51:30.005] src/components/admin/dashboard/RecentPosts.tsx(38,18): error TS2345: Argument of type 'false' is not assignable to parameter of type 'SetStateAction<true>'.
[21:51:30.005] src/components/admin/dashboard/RecentPosts.tsx(47,51): error TS2339: Property 'getDashboardStats' does not exist on type '{ getPosts(): Promise<any>; getPostById(id: string): Promise<{ id: any; title: any; slug: any; excerpt: any; content: any; contentBlocks: any; author: { id: any; name: any; avatar: any; }; service: any; ... 15 more ...; stats: { ...; }; } | null>; ... 18 more ...; updateSettings(generalSettings: Partial<...>, seoSet...'.
[21:51:30.007] src/components/admin/dashboard/RecentPosts.tsx(50,59): error TS7006: Parameter 'post' implicitly has an 'any' type.
[21:51:30.007] src/components/admin/dashboard/RecentPosts.tsx(68,20): error TS2345: Argument of type 'false' is not assignable to parameter of type 'SetStateAction<true>'.
[21:51:30.007] src/components/admin/dashboard/Stats.tsx(29,51): error TS2339: Property 'getDashboardStats' does not exist on type '{ getPosts(): Promise<any>; getPostById(id: string): Promise<{ id: any; title: any; slug: any; excerpt: any; content: any; contentBlocks: any; author: { id: any; name: any; avatar: any; }; service: any; ... 15 more ...; stats: { ...; }; } | null>; ... 18 more ...; updateSettings(generalSettings: Partial<...>, seoSet...'.
[21:51:30.008] src/components/admin/dashboard/editor/ContentRenderer.tsx(46,20): error TS2339: Property 'metadata' does not exist on type 'ContentBlock'.
[21:51:30.008] src/components/admin/dashboard/editor/ContentRenderer.tsx(48,24): error TS2339: Property 'metadata' does not exist on type 'ContentBlock'.
[21:51:30.008] src/components/admin/dashboard/editor/ContentRenderer.tsx(55,71): error TS2339: Property 'id' does not exist on type 'ContentBlock'.
[21:51:30.008] src/components/admin/dashboard/editor/ContentRenderer.tsx(59,41): error TS2339: Property 'id' does not exist on type 'ContentBlock'.
[21:51:30.008] src/components/admin/dashboard/editor/ContentRenderer.tsx(65,24): error TS2339: Property 'metadata' does not exist on type 'ContentBlock'.
[21:51:30.009] src/components/admin/dashboard/editor/ContentRenderer.tsx(67,28): error TS2339: Property 'metadata' does not exist on type 'ContentBlock'.
[21:51:30.009] src/components/admin/dashboard/editor/ContentRenderer.tsx(72,33): error TS2339: Property 'metadata' does not exist on type 'ContentBlock'.
[21:51:30.009] src/components/admin/dashboard/editor/ContentRenderer.tsx(95,26): error TS2339: Property 'metadata' does not exist on type 'ContentBlock'.
[21:51:30.009] src/components/admin/dashboard/editor/ContentRenderer.tsx(98,21): error TS2339: Property 'metadata' does not exist on type 'ContentBlock'.
[21:51:30.009] src/components/admin/dashboard/editor/ContentRenderer.tsx(98,46): error TS2339: Property 'metadata' does not exist on type 'ContentBlock'.
[21:51:30.009] src/components/admin/dashboard/editor/ContentRenderer.tsx(100,24): error TS2339: Property 'metadata' does not exist on type 'ContentBlock'.
[21:51:30.009] src/components/admin/dashboard/editor/ContentRenderer.tsx(100,79): error TS2339: Property 'metadata' does not exist on type 'ContentBlock'.
[21:51:30.009] src/components/admin/dashboard/editor/ContentRenderer.tsx(101,24): error TS2339: Property 'metadata' does not exist on type 'ContentBlock'.
[21:51:30.009] src/components/admin/dashboard/editor/ContentRenderer.tsx(101,61): error TS2339: Property 'metadata' does not exist on type 'ContentBlock'.
[21:51:30.009] src/components/admin/dashboard/editor/ContentRenderer.tsx(114,28): error TS2339: Property 'metadata' does not exist on type 'ContentBlock'.
[21:51:30.009] src/components/admin/dashboard/editor/ContentRenderer.tsx(116,21): error TS2339: Property 'metadata' does not exist on type 'ContentBlock'.
[21:51:30.009] src/components/admin/dashboard/editor/ContentRenderer.tsx(116,46): error TS2339: Property 'metadata' does not exist on type 'ContentBlock'.
[21:51:30.009] src/components/admin/dashboard/editor/ContentRenderer.tsx(118,24): error TS2339: Property 'metadata' does not exist on type 'ContentBlock'.
[21:51:30.009] src/components/admin/dashboard/editor/ContentRenderer.tsx(118,79): error TS2339: Property 'metadata' does not exist on type 'ContentBlock'.
[21:51:30.009] src/components/admin/dashboard/editor/ContentRenderer.tsx(119,24): error TS2339: Property 'metadata' does not exist on type 'ContentBlock'.
[21:51:30.009] src/components/admin/dashboard/editor/ContentRenderer.tsx(119,61): error TS2339: Property 'metadata' does not exist on type 'ContentBlock'.
[21:51:30.009] src/components/admin/dashboard/editor/ContentRenderer.tsx(125,12): error TS2678: Type '"audio"' is not comparable to type '"code" | "image" | "video" | "heading" | "list" | "text" | "quote" | "divider"'.
[21:51:30.009] src/components/admin/dashboard/editor/ContentRenderer.tsx(132,28): error TS2339: Property 'metadata' does not exist on type 'ContentBlock'.
[21:51:30.009] src/components/admin/dashboard/editor/ContentRenderer.tsx(134,21): error TS2339: Property 'metadata' does not exist on type 'ContentBlock'.
[21:51:30.009] src/components/admin/dashboard/editor/ContentRenderer.tsx(134,46): error TS2339: Property 'metadata' does not exist on type 'ContentBlock'.
[21:51:30.009] src/components/admin/dashboard/editor/ContentRenderer.tsx(136,24): error TS2339: Property 'metadata' does not exist on type 'ContentBlock'.
[21:51:30.009] src/components/admin/dashboard/editor/ContentRenderer.tsx(136,79): error TS2339: Property 'metadata' does not exist on type 'ContentBlock'.
[21:51:30.009] src/components/admin/dashboard/editor/ContentRenderer.tsx(137,24): error TS2339: Property 'metadata' does not exist on type 'ContentBlock'.
[21:51:30.009] src/components/admin/dashboard/editor/ContentRenderer.tsx(137,61): error TS2339: Property 'metadata' does not exist on type 'ContentBlock'.
[21:51:30.009] src/components/admin/dashboard/editor/ContentRenderer.tsx(149,53): error TS2339: Property 'order' does not exist on type 'ContentBlock'.
[21:51:30.009] src/components/admin/dashboard/editor/ContentRenderer.tsx(149,63): error TS2339: Property 'order' does not exist on type 'ContentBlock'.
[21:51:30.009] src/components/admin/dashboard/editor/ContentRenderer.tsx(154,25): error TS2339: Property 'id' does not exist on type 'ContentBlock'.
[21:51:30.009] src/components/admin/dashboard/editor/RichContentEditor.tsx(57,7): error TS2353: Object literal may only specify known properties, and 'id' does not exist in type 'ContentBlock'.
[21:51:30.010] src/components/admin/dashboard/editor/RichContentEditor.tsx(68,31): error TS2339: Property 'id' does not exist on type 'ContentBlock'.
[21:51:30.010] src/components/admin/dashboard/editor/RichContentEditor.tsx(74,13): error TS2339: Property 'id' does not exist on type 'ContentBlock'.
[21:51:30.010] src/components/admin/dashboard/editor/RichContentEditor.tsx(82,56): error TS2339: Property 'id' does not exist on type 'ContentBlock'.
[21:51:30.010] src/components/admin/dashboard/editor/RichContentEditor.tsx(94,56): error TS2339: Property 'id' does not exist on type 'ContentBlock'.
[21:51:30.010] src/components/admin/dashboard/editor/RichContentEditor.tsx(142,58): error TS2339: Property 'id' does not exist on type 'ContentBlock'.
[21:51:30.010] src/components/admin/dashboard/editor/RichContentEditor.tsx(143,57): error TS2339: Property 'id' does not exist on type 'ContentBlock'.
[21:51:30.010] src/components/admin/dashboard/editor/RichContentEditor.tsx(205,36): error TS2339: Property 'metadata' does not exist on type 'ContentBlock'.
[21:51:30.010] src/components/admin/dashboard/editor/RichContentEditor.tsx(237,9): error TS2353: Object literal may only specify known properties, and 'metadata' does not exist in type 'Partial<ContentBlock>'.
[21:51:30.010] src/components/admin/dashboard/editor/RichContentEditor.tsx(255,50): error TS2339: Property 'id' does not exist on type 'ContentBlock'.
[21:51:30.010] src/components/admin/dashboard/editor/RichContentEditor.tsx(266,30): error TS2339: Property 'metadata' does not exist on type 'ContentBlock'.
[21:51:30.010] src/components/admin/dashboard/editor/RichContentEditor.tsx(267,52): error TS2339: Property 'id' does not exist on type 'ContentBlock'.
[21:51:30.010] src/components/admin/dashboard/editor/RichContentEditor.tsx(268,19): error TS2353: Object literal may only specify known properties, and 'metadata' does not exist in type 'Partial<ContentBlock>'.
[21:51:30.010] src/components/admin/dashboard/editor/RichContentEditor.tsx(268,40): error TS2339: Property 'metadata' does not exist on type 'ContentBlock'.
[21:51:30.010] src/components/admin/dashboard/editor/RichContentEditor.tsx(294,30): error TS2339: Property 'metadata' does not exist on type 'ContentBlock'.
[21:51:30.010] src/components/admin/dashboard/editor/RichContentEditor.tsx(295,52): error TS2339: Property 'id' does not exist on type 'ContentBlock'.
[21:51:30.010] src/components/admin/dashboard/editor/RichContentEditor.tsx(296,19): error TS2353: Object literal may only specify known properties, and 'metadata' does not exist in type 'Partial<ContentBlock>'.
[21:51:30.010] src/components/admin/dashboard/editor/RichContentEditor.tsx(296,40): error TS2339: Property 'metadata' does not exist on type 'ContentBlock'.
[21:51:30.010] src/components/admin/dashboard/editor/RichContentEditor.tsx(305,33): error TS2339: Property 'metadata' does not exist on type 'ContentBlock'.
[21:51:30.010] src/components/admin/dashboard/editor/RichContentEditor.tsx(307,56): error TS2339: Property 'id' does not exist on type 'ContentBlock'.
[21:51:30.010] src/components/admin/dashboard/editor/RichContentEditor.tsx(329,75): error TS2339: Property 'id' does not exist on type 'ContentBlock'.
[21:51:30.010] src/components/admin/dashboard/editor/RichContentEditor.tsx(332,45): error TS2339: Property 'id' does not exist on type 'ContentBlock'.
[21:51:30.010] src/components/admin/dashboard/editor/RichContentEditor.tsx(339,30): error TS2339: Property 'metadata' does not exist on type 'ContentBlock'.
[21:51:30.012] src/components/admin/dashboard/editor/RichContentEditor.tsx(343,37): error TS2339: Property 'metadata' does not exist on type 'ContentBlock'.
[21:51:30.012] src/components/admin/dashboard/editor/RichContentEditor.tsx(365,12): error TS2678: Type '"audio"' is not comparable to type '"code" | "image" | "video" | "heading" | "list" | "text" | "quote" | "divider"'.
[21:51:30.012] src/components/admin/dashboard/editor/RichContentEditor.tsx(373,32): error TS2339: Property 'metadata' does not exist on type 'ContentBlock'.
[21:51:30.012] src/components/admin/dashboard/editor/RichContentEditor.tsx(384,18): error TS2367: This comparison appears to be unintentional because the types '"image" | "video"' and '"audio"' have no overlap.
[21:51:30.012] src/components/admin/dashboard/editor/RichContentEditor.tsx(393,52): error TS2339: Property 'id' does not exist on type 'ContentBlock'.
[21:51:30.012] src/components/admin/dashboard/editor/RichContentEditor.tsx(410,37): error TS2339: Property 'id' does not exist on type 'ContentBlock'.
[21:51:30.012] src/components/admin/dashboard/editor/RichContentEditor.tsx(413,54): error TS2339: Property 'id' does not exist on type 'ContentBlock'.
[21:51:30.012] src/components/admin/dashboard/editor/RichContentEditor.tsx(417,42): error TS2339: Property 'id' does not exist on type 'ContentBlock'.
[21:51:30.012] src/components/admin/dashboard/editor/RichContentEditor.tsx(423,22): error TS2367: This comparison appears to be unintentional because the types '"image" | "video"' and '"audio"' have no overlap.
[21:51:30.013] src/components/admin/dashboard/editor/RichContentEditor.tsx(440,30): error TS2339: Property 'metadata' does not exist on type 'ContentBlock'.
[21:51:30.013] src/components/admin/dashboard/editor/RichContentEditor.tsx(441,52): error TS2339: Property 'id' does not exist on type 'ContentBlock'.
[21:51:30.013] src/components/admin/dashboard/editor/RichContentEditor.tsx(442,19): error TS2353: Object literal may only specify known properties, and 'metadata' does not exist in type 'Partial<ContentBlock>'.
[21:51:30.013] src/components/admin/dashboard/editor/RichContentEditor.tsx(442,40): error TS2339: Property 'metadata' does not exist on type 'ContentBlock'.
[21:51:30.013] src/components/admin/dashboard/editor/RichContentEditor.tsx(449,30): error TS2339: Property 'metadata' does not exist on type 'ContentBlock'.
[21:51:30.013] src/components/admin/dashboard/editor/RichContentEditor.tsx(450,52): error TS2339: Property 'id' does not exist on type 'ContentBlock'.
[21:51:30.013] src/components/admin/dashboard/editor/RichContentEditor.tsx(451,19): error TS2353: Object literal may only specify known properties, and 'metadata' does not exist in type 'Partial<ContentBlock>'.
[21:51:30.013] src/components/admin/dashboard/editor/RichContentEditor.tsx(451,40): error TS2339: Property 'metadata' does not exist on type 'ContentBlock'.
[21:51:30.013] src/components/admin/dashboard/editor/RichContentEditor.tsx(503,26): error TS2339: Property 'id' does not exist on type 'ContentBlock'.
[21:51:30.013] src/components/admin/dashboard/editor/RichContentEditor.tsx(505,56): error TS2339: Property 'id' does not exist on type 'ContentBlock'.
[21:51:30.014] src/components/admin/dashboard/editor/RichContentEditor.tsx(506,43): error TS2339: Property 'id' does not exist on type 'ContentBlock'.
[21:51:30.014] src/components/admin/dashboard/editor/RichContentEditor.tsx(507,53): error TS2339: Property 'id' does not exist on type 'ContentBlock'.
[21:51:30.014] src/components/admin/dashboard/editor/RichContentEditor.tsx(509,60): error TS2339: Property 'id' does not exist on type 'ContentBlock'.
[21:51:30.014] src/components/admin/dashboard/editor/RichContentEditor.tsx(510,58): error TS2339: Property 'id' does not exist on type 'ContentBlock'.
[21:51:30.014] src/components/admin/dashboard/editor/RichContentEditor.tsx(515,103): error TS2339: Property 'id' does not exist on type 'ContentBlock'.
[21:51:30.014] src/components/admin/dashboard/editor/RichContentEditor.tsx(525,52): error TS2339: Property 'id' does not exist on type 'ContentBlock'.
[21:51:30.027] src/components/admin/dashboard/editor/RichContentEditor.tsx(533,52): error TS2339: Property 'id' does not exist on type 'ContentBlock'.
[21:51:30.027] src/components/admin/dashboard/editor/RichContentEditor.tsx(541,54): error TS2339: Property 'id' does not exist on type 'ContentBlock'.
[21:51:30.027] src/components/admin/dashboard/editor/RichContentEditor.tsx(582,39): error TS2345: Argument of type '"audio"' is not assignable to parameter of type '"code" | "image" | "video" | "heading" | "list" | "text" | "quote" | "divider"'.
[21:51:30.027] src/components/admin/editor/PostEditor.tsx(190,30): error TS7006: Parameter 'cat' implicitly has an 'any' type.
[21:51:30.028] src/components/admin/editor/PostEditor.tsx(208,27): error TS7006: Parameter 'tag' implicitly has an 'any' type.
[21:51:30.028] src/components/admin/editor/PostEditor.tsx(619,13): error TS2322: Type '{ content: string; onChange: (content: string) => void; placeholder: string; }' is not assignable to type 'IntrinsicAttributes & RichTextEditorProps'.
[21:51:30.028]   Property 'content' does not exist on type 'IntrinsicAttributes & RichTextEditorProps'.
[21:51:30.028] src/components/admin/editor/RichTextEditor.tsx(2,42): error TS2307: Cannot find module '@tiptap/react' or its corresponding type declarations.
[21:51:30.028] src/components/admin/editor/RichTextEditor.tsx(3,24): error TS2307: Cannot find module '@tiptap/starter-kit' or its corresponding type declarations.
[21:51:30.028] src/components/admin/editor/RichTextEditor.tsx(4,19): error TS2307: Cannot find module '@tiptap/extension-image' or its corresponding type declarations.
[21:51:30.028] src/components/admin/editor/RichTextEditor.tsx(5,18): error TS2307: Cannot find module '@tiptap/extension-link' or its corresponding type declarations.
[21:51:30.028] src/components/admin/editor/RichTextEditor.tsx(6,31): error TS2307: Cannot find module '@tiptap/extension-code-block-lowlight' or its corresponding type declarations.
[21:51:30.028] src/components/admin/editor/RichTextEditor.tsx(7,40): error TS7016: Could not find a declaration file for module 'lowlight'. '/vercel/path0/node_modules/lowlight/index.js' implicitly has an 'any' type.
[21:51:30.028]   Try `npm i --save-dev @types/lowlight` if it exists or add a new declaration (.d.ts) file containing `declare module 'lowlight';`
[21:51:30.028] src/components/admin/editor/RichTextEditor.tsx(120,18): error TS7031: Binding element 'editor' implicitly has an 'any' type.
[21:51:30.028] src/components/admin/layout/TopNav.tsx(133,22): error TS2339: Property 'avatar' does not exist on type 'User'.
[21:51:30.028] src/components/admin/layout/TopNav.tsx(134,32): error TS2339: Property 'avatar' does not exist on type 'User'.
[21:51:30.028] src/components/admin/layout/UserMenu.tsx(2,34): error TS2307: Cannot find module '@headlessui/react' or its corresponding type declarations.
[21:51:30.028] src/components/admin/navigation/AdminNav.tsx(285,36): error TS2339: Property 'logout' does not exist on type '{ isAdmin: (userId: string) => Promise<boolean>; getAdmin: (userId: string) => Promise<AdminUser | null>; addAdmin: (email: string, role?: string) => Promise<...>; removeAdmin: (userId: string) => Promise<...>; }'.
[21:51:30.029] src/components/auth/AdminRoute.tsx(13,11): error TS2339: Property 'isAdmin' does not exist on type 'SupabaseContextType'.
[21:51:30.029] src/components/auth/AdminRoute.tsx(13,20): error TS2339: Property 'isConnected' does not exist on type 'SupabaseContextType'.
[21:51:30.029] src/components/auth/AuthMiddleware.tsx(16,11): error TS2339: Property 'isAuthenticated' does not exist on type '{ user: User | null; session: Session | null; isLoading: boolean; error: Error | null; signIn: (email: string, password: string) => Promise<void>; ... 4 more ...; isAdmin: boolean; }'.
[21:51:30.029] src/components/auth/AuthModal.tsx(2,29): error TS2307: Cannot find module '../../../services/supabase/auth.service' or its corresponding type declarations.
[21:51:30.029] src/components/common/Button.tsx(9,11): error TS2430: Interface 'import("/vercel/path0/src/components/common/Button").ButtonProps' incorrectly extends interface 'import("/vercel/path0/src/components/ui/button").ButtonProps'.
[21:51:30.029]   Types of property 'variant' are incompatible.
[21:51:30.029]     Type '"default" | "secondary" | "outline" | "ghost" | "link" | "destructive" | undefined' is not assignable to type '"default" | "secondary" | "outline" | "ghost" | "link" | null | undefined'.
[21:51:30.029]       Type '"destructive"' is not assignable to type '"default" | "secondary" | "outline" | "ghost" | "link" | null | undefined'.
[21:51:30.029] src/components/common/Button.tsx(36,7): error TS2322: Type '"default" | "secondary" | "outline" | "ghost" | "link" | "destructive"' is not assignable to type '"default" | "secondary" | "outline" | "ghost" | "link" | null | undefined'.
[21:51:30.029]   Type '"destructive"' is not assignable to type '"default" | "secondary" | "outline" | "ghost" | "link" | null | undefined'.
[21:51:30.029] src/components/common/Loader.tsx(27,16): error TS2322: Type '"sm" | "lg" | "xs" | "md" | "xl"' is not assignable to type '"sm" | "lg" | "md" | undefined'.
[21:51:30.029]   Type '"xs"' is not assignable to type '"sm" | "lg" | "md" | undefined'.
[21:51:30.029] src/components/common/Pagination.test.tsx(2,43): error TS2307: Cannot find module '@testing-library/react' or its corresponding type declarations.
[21:51:30.030] src/components/common/Pagination.test.tsx(22,51): error TS2339: Property 'toBeInTheDocument' does not exist on type 'JestMatchers<any>'.
[21:51:30.030] src/components/common/Pagination.test.tsx(23,53): error TS2339: Property 'toHaveClass' does not exist on type 'JestMatchers<any>'.
[21:51:30.030] src/components/common/Pagination.test.tsx(24,50): error TS2339: Property 'toBeInTheDocument' does not exist on type 'JestMatchers<any>'.
[21:51:30.031] src/components/common/Pagination.test.tsx(25,54): error TS2339: Property 'toBeInTheDocument' does not exist on type 'JestMatchers<any>'.
[21:51:30.031] src/components/common/Pagination.test.tsx(29,44): error TS2322: Type '{ className: string; currentPage: number; totalPages: number; onPageChange: Mock<any, any, any>; siblingCount: number; }' is not assignable to type 'IntrinsicAttributes & PaginationProps'.
[21:51:30.031]   Property 'className' does not exist on type 'IntrinsicAttributes & PaginationProps'.
[21:51:30.031] src/components/common/Pagination.test.tsx(30,51): error TS2339: Property 'toHaveClass' does not exist on type 'JestMatchers<any>'.
[21:51:30.031] src/components/common/Pagination.test.tsx(38,9): error TS7006: Parameter 'button' implicitly has an 'any' type.
[21:51:30.031] src/components/common/Pagination.test.tsx(51,26): error TS2339: Property 'toBeDisabled' does not exist on type 'JestMatchers<any>'.
[21:51:30.031] src/components/common/Pagination.test.tsx(58,26): error TS2339: Property 'toBeDisabled' does not exist on type 'JestMatchers<any>'.
[21:51:30.031] src/components/common/Pagination.test.tsx(67,30): error TS2339: Property 'toBeDisabled' does not exist on type 'Matchers<void, any>'.
[21:51:30.031] src/components/common/Pagination.test.tsx(68,30): error TS2339: Property 'toBeDisabled' does not exist on type 'Matchers<void, any>'.
[21:51:30.031] src/components/common/Pagination.test.tsx(109,27): error TS2339: Property 'toBeInTheDocument' does not exist on type 'JestMatchers<any>'.
[21:51:30.031] src/components/common/Pagination.test.tsx(116,27): error TS2339: Property 'toBeInTheDocument' does not exist on type 'JestMatchers<any>'.
[21:51:30.031] src/components/common/Pagination.test.tsx(129,60): error TS2322: Type '{ currentPage: number; siblingCount: number; totalPages: number; onPageChange: Mock<any, any, any>; className: string; }' is not assignable to type 'IntrinsicAttributes & PaginationProps'.
[21:51:30.031]   Property 'siblingCount' does not exist on type 'IntrinsicAttributes & PaginationProps'.
[21:51:30.031] src/components/common/Pagination.test.tsx(133,9): error TS7006: Parameter 'button' implicitly has an 'any' type.
[21:51:30.031] src/components/common/Pagination.test.tsx(141,60): error TS2322: Type '{ currentPage: number; siblingCount: number; totalPages: number; onPageChange: Mock<any, any, any>; className: string; }' is not assignable to type 'IntrinsicAttributes & PaginationProps'.
[21:51:30.031]   Property 'siblingCount' does not exist on type 'IntrinsicAttributes & PaginationProps'.
[21:51:30.031] src/components/common/Pagination.test.tsx(145,9): error TS7006: Parameter 'button' implicitly has an 'any' type.
[21:51:30.031] src/components/common/Pagination.test.tsx(157,45): error TS2339: Property 'toBeInTheDocument' does not exist on type 'Matchers<void, any>'.
[21:51:30.031] src/components/common/Pagination.test.tsx(158,54): error TS2339: Property 'toBeDisabled' does not exist on type 'JestMatchers<any>'.
[21:51:30.031] src/components/common/Pagination.test.tsx(159,50): error TS2339: Property 'toBeDisabled' does not exist on type 'JestMatchers<any>'.
[21:51:30.031] src/components/common/Pagination.test.tsx(165,45): error TS2339: Property 'toBeInTheDocument' does not exist on type 'Matchers<void, any>'.
[21:51:30.031] src/components/common/Pagination.test.tsx(167,9): error TS7006: Parameter 'button' implicitly has an 'any' type.
[21:51:30.031] src/components/common/Pagination.test.tsx(177,54): error TS2339: Property 'toHaveClass' does not exist on type 'JestMatchers<any>'.
[21:51:30.031] src/components/common/Pagination.test.tsx(184,53): error TS2339: Property 'toHaveClass' does not exist on type 'JestMatchers<any>'.
[21:51:30.031] src/components/common/Pagination.test.tsx(192,51): error TS2339: Property 'toBeInTheDocument' does not exist on type 'JestMatchers<any>'.
[21:51:30.031] src/components/common/Pagination.test.tsx(193,54): error TS2339: Property 'toBeInTheDocument' does not exist on type 'JestMatchers<any>'.
[21:51:30.031] src/components/common/Pagination.test.tsx(194,50): error TS2339: Property 'toBeInTheDocument' does not exist on type 'JestMatchers<any>'.
[21:51:30.031] src/components/common/Pagination.test.tsx(195,53): error TS2339: Property 'toBeInTheDocument' does not exist on type 'JestMatchers<any>'.
[21:51:30.031] src/components/common/Pagination.test.tsx(225,23): error TS7006: Parameter 'button' implicitly has an 'any' type.
[21:51:30.031] src/components/common/Pagination.test.tsx(226,24): error TS2339: Property 'toHaveClass' does not exist on type 'JestMatchers<any>'.
[21:51:30.032] src/components/common/Pagination.test.tsx(227,24): error TS2339: Property 'toHaveClass' does not exist on type 'JestMatchers<any>'.
[21:51:30.032] src/components/common/Pagination.test.tsx(228,24): error TS2339: Property 'toHaveClass' does not exist on type 'JestMatchers<any>'.
[21:51:30.032] src/components/common/Pagination.test.tsx(236,28): error TS2339: Property 'toHaveClass' does not exist on type 'JestMatchers<any>'.
[21:51:30.032] src/components/common/Pagination.test.tsx(237,28): error TS2339: Property 'toHaveClass' does not exist on type 'JestMatchers<any>'.
[21:51:30.032] src/components/common/Pagination.test.tsx(244,23): error TS7006: Parameter 'button' implicitly has an 'any' type.
[21:51:30.032] src/components/common/Pagination.test.tsx(246,26): error TS2339: Property 'toHaveClass' does not exist on type 'JestMatchers<any>'.
[21:51:30.032] src/components/common/Pagination.test.tsx(267,53): error TS2339: Property 'toHaveClass' does not exist on type 'JestMatchers<any>'.
[21:51:30.032] src/components/contents/ContentManager.tsx(14,24): error TS2307: Cannot find module 'react-quill' or its corresponding type declarations.
[21:51:30.032] src/components/contents/ContentManager.tsx(39,23): error TS2307: Cannot find module 'sonner' or its corresponding type declarations.
[21:51:30.032] src/components/contents/ContentManager.tsx(110,40): error TS7006: Parameter 'sum' implicitly has an 'any' type.
[21:51:30.032] src/components/contents/ContentManager.tsx(110,45): error TS7006: Parameter 'post' implicitly has an 'any' type.
[21:51:30.032] src/components/contents/ContentManager.tsx(111,40): error TS7006: Parameter 'sum' implicitly has an 'any' type.
[21:51:30.032] src/components/contents/ContentManager.tsx(111,45): error TS7006: Parameter 'post' implicitly has an 'any' type.
[21:51:30.032] src/components/contents/ContentManager.tsx(112,43): error TS7006: Parameter 'sum' implicitly has an 'any' type.
[21:51:30.032] src/components/contents/ContentManager.tsx(112,48): error TS7006: Parameter 'post' implicitly has an 'any' type.
[21:51:30.032] src/components/contents/ContentManager.tsx(116,33): error TS7006: Parameter 'post' implicitly has an 'any' type.
[21:51:30.032] src/components/contents/ContentManager.tsx(117,30): error TS7006: Parameter 'post' implicitly has an 'any' type.
[21:51:30.032] src/components/contents/ContentManager.tsx(118,32): error TS7006: Parameter 'post' implicitly has an 'any' type.
[21:51:30.032] src/components/contents/ContentManager.tsx(139,53): error TS7006: Parameter 'post' implicitly has an 'any' type.
[21:51:30.032] src/components/contents/ContentManager.tsx(140,21): error TS2345: Argument of type 'unknown[]' is not assignable to parameter of type 'SetStateAction<string[]>'.
[21:51:30.032]   Type 'unknown[]' is not assignable to type 'string[]'.
[21:51:30.032]     Type 'unknown' is not assignable to type 'string'.
[21:51:30.032] src/components/contents/ContentManager.tsx(386,25): error TS2322: Type '"destructive"' is not assignable to type '"default" | "secondary" | "outline" | "ghost" | "link" | null | undefined'.
[21:51:30.032] src/components/contents/ContentManager.tsx(591,28): error TS7006: Parameter 'content' implicitly has an 'any' type.
[21:51:30.032] src/components/contents/PublicContent.tsx(44,27): error TS2307: Cannot find module 'react-intersection-observer' or its corresponding type declarations.
[21:51:30.032] src/components/contents/PublicContent.tsx(45,25): error TS2307: Cannot find module '@/utils/shimmer' or its corresponding type declarations.
[21:51:30.032] src/components/contents/PublicContent.tsx(156,67): error TS7006: Parameter 'item' implicitly has an 'any' type.
[21:51:30.032] src/components/contents/PublicContent.tsx(157,25): error TS2345: Argument of type 'unknown[]' is not assignable to parameter of type 'SetStateAction<string[]>'.
[21:51:30.032]   Type 'unknown[]' is not assignable to type 'string[]'.
[21:51:30.032]     Type 'unknown' is not assignable to type 'string'.
[21:51:30.032] src/components/contents/PublicContent.tsx(246,15): error TS2322: Type '"destructive"' is not assignable to type '"default" | "secondary" | "outline" | "ghost" | "link" | null | undefined'.
[21:51:30.032] src/components/interactions/Comments.tsx(53,20): error TS2339: Property 'photoURL' does not exist on type 'User'.
[21:51:30.032] src/components/interactions/Comments.tsx(55,27): error TS2339: Property 'photoURL' does not exist on type 'User'.
[21:51:30.033] src/components/interactions/Comments.tsx(56,27): error TS2339: Property 'displayName' does not exist on type 'User'.
[21:51:30.033] src/components/layout/Navbar.tsx(7,17): error TS2339: Property 'signOut' does not exist on type 'AuthContextType'.
[21:51:30.033] src/components/layout/Navbar.tsx(65,36): error TS2339: Property 'full_name' does not exist on type 'AuthUser'.
[21:51:30.033] src/components/navigation/Navbar.tsx(4,31): error TS2307: Cannot find module '@dynamic-labs/sdk-react-core' or its corresponding type declarations.
[21:51:30.033] src/components/navigation/Navigation.tsx(29,3): error TS2305: Module '"@mui/icons-material"' has no exported member 'BookOpen'.
[21:51:30.033] src/components/navigation/Navigation.tsx(31,37): error TS2307: Cannot find module 'next-auth/react' or its corresponding type declarations.
[21:51:30.033] src/components/navigation/Navigation.tsx(34,25): error TS2307: Cannot find module '@/components/ThemeToggle' or its corresponding type declarations.
[21:51:30.033] src/components/navigation/Navigation.tsx(111,13): error TS2769: No overload matches this call.
[21:51:30.033]   Overload 1 of 2, '(props: { component: ForwardRefExoticComponent<Omit<AnchorHTMLAttributes<HTMLAnchorElement>, keyof InternalLinkProps> & InternalLinkProps & { ...; } & RefAttributes<...>>; } & ListItemOwnProps & CommonProps & Omit<...>): Element | null', gave the following error.
[21:51:30.033]     Type '{ children: Element[]; button: true; key: string; component: ForwardRefExoticComponent<Omit<AnchorHTMLAttributes<HTMLAnchorElement>, keyof InternalLinkProps> & InternalLinkProps & { ...; } & RefAttributes<...>>; href: string; selected: boolean; }' is not assignable to type 'IntrinsicAttributes & { component: ForwardRefExoticComponent<Omit<AnchorHTMLAttributes<HTMLAnchorElement>, keyof InternalLinkProps> & InternalLinkProps & { ...; } & RefAttributes<...>>; } & ListItemOwnProps & CommonProps & Omit<...>'.
[21:51:30.033]       Property 'button' does not exist on type 'IntrinsicAttributes & { component: ForwardRefExoticComponent<Omit<AnchorHTMLAttributes<HTMLAnchorElement>, keyof InternalLinkProps> & InternalLinkProps & { ...; } & RefAttributes<...>>; } & ListItemOwnProps & CommonProps & Omit<...>'.
[21:51:30.033]   Overload 2 of 2, '(props: DefaultComponentProps<ListItemTypeMap<{}, "li">>): Element | null', gave the following error.
[21:51:30.033]     Type '{ children: Element[]; button: true; key: string; component: ForwardRefExoticComponent<Omit<AnchorHTMLAttributes<HTMLAnchorElement>, keyof InternalLinkProps> & InternalLinkProps & { ...; } & RefAttributes<...>>; href: string; selected: boolean; }' is not assignable to type 'IntrinsicAttributes & ListItemOwnProps & CommonProps & Omit<Omit<DetailedHTMLProps<LiHTMLAttributes<HTMLLIElement>, HTMLLIElement>, "ref"> & { ...; }, "style" | ... 15 more ... | "secondaryAction">'.
[21:51:30.033]       Property 'button' does not exist on type 'IntrinsicAttributes & ListItemOwnProps & CommonProps & Omit<Omit<DetailedHTMLProps<LiHTMLAttributes<HTMLLIElement>, HTMLLIElement>, "ref"> & { ...; }, "style" | ... 15 more ... | "secondaryAction">'.
[21:51:30.033] src/components/services/BlogPostDetail.tsx(24,23): error TS2307: Cannot find module 'dompurify' or its corresponding type declarations.
[21:51:30.033] src/components/services/BlogPostDetail.tsx(56,31): error TS2339: Property 'isLoading' does not exist on type 'UseMutationResult<Comment, Error, { postId: number; content: string; }, { previousComments: Comment[] | undefined; }>'.
[21:51:30.033] src/components/services/BlogPostDetail.tsx(227,22): error TS2339: Property 'seo_title' does not exist on type 'Post'.
[21:51:30.033] src/components/services/BlogPostDetail.tsx(228,48): error TS2339: Property 'seo_description' does not exist on type 'Post'.
[21:51:30.033] src/components/services/BlogPostDetail.tsx(229,15): error TS2339: Property 'seo_keywords' does not exist on type 'Post'.
[21:51:30.033] src/components/services/BlogPostDetail.tsx(230,47): error TS2339: Property 'seo_keywords' does not exist on type 'Post'.
[21:51:30.033] src/components/services/BlogPostDetail.tsx(296,29): error TS2339: Property 'read_time' does not exist on type 'Post'.
[21:51:30.033] src/components/services/BlogPostDetail.tsx(300,21): error TS2339: Property 'tags' does not exist on type 'Post'.
[21:51:30.033] src/components/services/BlogPostDetail.tsx(300,34): error TS2339: Property 'tags' does not exist on type 'Post'.
[21:51:30.033] src/components/services/BlogPostDetail.tsx(304,27): error TS2339: Property 'tags' does not exist on type 'Post'.
[21:51:30.033] src/components/services/BlogPostDetail.tsx(304,37): error TS7006: Parameter 'tag' implicitly has an 'any' type.
[21:51:30.033] src/components/services/BlogPostDetail.tsx(304,42): error TS7006: Parameter 'index' implicitly has an 'any' type.
[21:51:30.033] src/components/services/BlogPostDetail.tsx(306,44): error TS2339: Property 'tags' does not exist on type 'Post'.
[21:51:30.033] src/components/services/BlogPostDetail.tsx(435,75): error TS2339: Property 'app_metadata' does not exist on type 'User'.
[21:51:30.033] src/components/services/BlogPostsList.tsx(69,5): error TS2339: Property 'isPreviousData' does not exist on type 'DefinedUseQueryResult<unknown, Error>'.
[21:51:30.033] src/components/services/BlogPostsList.tsx(92,5): error TS7006: Parameter 'cat' implicitly has an 'any' type.
[21:51:30.033] src/components/services/BlogPostsList.tsx(108,24): error TS2339: Property 'length' does not exist on type '{}'.
[21:51:30.034] src/components/services/BlogPostsList.tsx(110,21): error TS2345: Argument of type '{}' is not assignable to parameter of type 'SetStateAction<Post[]>'.
[21:51:30.034] src/components/services/BlogPostsList.tsx(114,34): error TS2339: Property 'filter' does not exist on type '{}'.
[21:51:30.034] src/components/services/BlogPostsList.tsx(115,13): error TS7006: Parameter 'post' implicitly has an 'any' type.
[21:51:30.034] src/components/services/BlogPostsList.tsx(132,59): error TS18046: 'posts' is of type 'unknown'.
[21:51:30.034] src/components/services/BlogPostsList.tsx(254,44): error TS7006: Parameter 'cat' implicitly has an 'any' type.
[21:51:30.034] src/components/services/BlogPostsList.tsx(434,37): error TS18046: 'posts' is of type 'unknown'.
[21:51:30.034] src/components/services/OrderFlow.tsx(22,18): error TS2305: Module '"@/components/ui/select"' has no exported member 'SelectContent'.
[21:51:30.034] src/components/services/OrderFlow.tsx(22,33): error TS2305: Module '"@/components/ui/select"' has no exported member 'SelectItem'.
[21:51:30.034] src/components/services/OrderFlow.tsx(22,45): error TS2305: Module '"@/components/ui/select"' has no exported member 'SelectTrigger'.
[21:51:30.034] src/components/services/OrderFlow.tsx(22,60): error TS2305: Module '"@/components/ui/select"' has no exported member 'SelectValue'.
[21:51:30.034] src/components/services/OrderFlow.tsx(75,17): error TS2339: Property 'isAuthenticated' does not exist on type '{ user: User | null; session: Session | null; isLoading: boolean; error: Error | null; signIn: (email: string, password: string) => Promise<void>; ... 4 more ...; isAdmin: boolean; }'.
[21:51:30.034] src/components/services/OrderFlow.tsx(386,19): error TS2322: Type '{ children: Element[]; value: string; onValueChange: (value: string) => void; }' is not assignable to type 'IntrinsicAttributes & SelectProps & RefAttributes<HTMLSelectElement>'.
[21:51:30.034]   Property 'onValueChange' does not exist on type 'IntrinsicAttributes & SelectProps & RefAttributes<HTMLSelectElement>'. Did you mean 'onVolumeChange'?
[21:51:30.034] src/components/services/ServicePageTemplate.tsx(22,27): error TS2307: Cannot find module 'react-intersection-observer' or its corresponding type declarations.
[21:51:30.034] src/components/services/ServicePageTemplate.tsx(138,38): error TS7006: Parameter 'post' implicitly has an 'any' type.
[21:51:30.034] src/components/services/ServicePageTemplate.tsx(169,36): error TS7006: Parameter 'post' implicitly has an 'any' type.
[21:51:30.034] src/components/services/StandardServicePage.tsx(8,10): error TS2305: Module '"@/hooks/usePostQueries"' has no exported member 'usePostQueries'.
[21:51:30.034] src/components/shared/Chat.tsx(2,35): error TS2307: Cannot find module '@dynamic-labs/sdk-react-core' or its corresponding type declarations.
[21:51:30.034] src/components/shared/Chat.tsx(62,10): error TS7006: Parameter 'payload' implicitly has an 'any' type.
[21:51:30.034] src/components/shared/NotificationCenter.tsx(2,35): error TS2307: Cannot find module '@dynamic-labs/sdk-react-core' or its corresponding type declarations.
[21:51:30.034] src/components/shared/NotificationCenter.tsx(78,36): error TS7006: Parameter 'n' implicitly has an 'any' type.
[21:51:30.034] src/components/shared/NotificationCenter.tsx(96,10): error TS7006: Parameter 'payload' implicitly has an 'any' type.
[21:51:30.034] src/components/shared/TurnitinUpload.tsx(2,35): error TS2307: Cannot find module '@dynamic-labs/sdk-react-core' or its corresponding type declarations.
[21:51:30.034] src/components/ui/DataSourceIndicator.tsx(3,74): error TS2307: Cannot find module './tooltip' or its corresponding type declarations.
[21:51:30.034] src/components/ui/DataTable.tsx(4,32): error TS2307: Cannot find module '@/apps/main/components/ui/LoadingSpinner' or its corresponding type declarations.
[21:51:30.034] src/components/ui/DataTable.tsx(118,11): error TS2322: Type '{ children: string; variant: "secondary"; size: "sm"; onClick: () => void; disabled: boolean; leftIcon: Element; }' is not assignable to type 'IntrinsicAttributes & ButtonProps & RefAttributes<HTMLButtonElement>'.
[21:51:30.038]   Property 'leftIcon' does not exist on type 'IntrinsicAttributes & ButtonProps & RefAttributes<HTMLButtonElement>'.
[21:51:30.038] src/components/ui/DataTable.tsx(127,11): error TS2322: Type '{ children: string; variant: "secondary"; size: "sm"; onClick: () => void; disabled: boolean; rightIcon: Element; }' is not assignable to type 'IntrinsicAttributes & ButtonProps & RefAttributes<HTMLButtonElement>'.
[21:51:30.038]   Property 'rightIcon' does not exist on type 'IntrinsicAttributes & ButtonProps & RefAttributes<HTMLButtonElement>'.
[21:51:30.038] src/components/ui/DocumentProcessingStatus.tsx(16,29): error TS2307: Cannot find module '@/hooks/useInterval' or its corresponding type declarations.
[21:51:30.038] src/components/ui/DocumentUploadForm.tsx(20,28): error TS2307: Cannot find module 'next-auth/react' or its corresponding type declarations.
[21:51:30.038] src/components/ui/EmailInterface.tsx(40,28): error TS2307: Cannot find module 'next-auth/react' or its corresponding type declarations.
[21:51:30.038] src/components/ui/EmailInterface.tsx(215,14): error TS2769: No overload matches this call.
[21:51:30.038]   Overload 1 of 2, '(props: { component: ElementType<any, keyof IntrinsicElements>; } & ListItemOwnProps & CommonProps & Omit<any, "style" | ... 15 more ... | "secondaryAction">): Element | null', gave the following error.
[21:51:30.038]     Property 'component' is missing in type '{ children: Element[]; button: true; selected: true; }' but required in type '{ component: ElementType<any, keyof IntrinsicElements>; }'.
[21:51:30.038]   Overload 2 of 2, '(props: DefaultComponentProps<ListItemTypeMap<{}, "li">>): Element | null', gave the following error.
[21:51:30.038]     Type '{ children: Element[]; button: true; selected: true; }' is not assignable to type 'IntrinsicAttributes & ListItemOwnProps & CommonProps & Omit<Omit<DetailedHTMLProps<LiHTMLAttributes<HTMLLIElement>, HTMLLIElement>, "ref"> & { ...; }, "style" | ... 15 more ... | "secondaryAction">'.
[21:51:30.038]       Property 'button' does not exist on type 'IntrinsicAttributes & ListItemOwnProps & CommonProps & Omit<Omit<DetailedHTMLProps<LiHTMLAttributes<HTMLLIElement>, HTMLLIElement>, "ref"> & { ...; }, "style" | ... 15 more ... | "secondaryAction">'.
[21:51:30.038] src/components/ui/EmailInterface.tsx(223,14): error TS2769: No overload matches this call.
[21:51:30.038]   Overload 1 of 2, '(props: { component: ElementType<any, keyof IntrinsicElements>; } & ListItemOwnProps & CommonProps & Omit<any, "style" | ... 15 more ... | "secondaryAction">): Element | null', gave the following error.
[21:51:30.038]     Property 'component' is missing in type '{ children: Element[]; button: true; }' but required in type '{ component: ElementType<any, keyof IntrinsicElements>; }'.
[21:51:30.038]   Overload 2 of 2, '(props: DefaultComponentProps<ListItemTypeMap<{}, "li">>): Element | null', gave the following error.
[21:51:30.038]     Type '{ children: Element[]; button: true; }' is not assignable to type 'IntrinsicAttributes & ListItemOwnProps & CommonProps & Omit<Omit<DetailedHTMLProps<LiHTMLAttributes<HTMLLIElement>, HTMLLIElement>, "ref"> & { ...; }, "style" | ... 15 more ... | "secondaryAction">'.
[21:51:30.039]       Property 'button' does not exist on type 'IntrinsicAttributes & ListItemOwnProps & CommonProps & Omit<Omit<DetailedHTMLProps<LiHTMLAttributes<HTMLLIElement>, HTMLLIElement>, "ref"> & { ...; }, "style" | ... 15 more ... | "secondaryAction">'.
[21:51:30.039] src/components/ui/EmailInterface.tsx(229,14): error TS2769: No overload matches this call.
[21:51:30.039]   Overload 1 of 2, '(props: { component: ElementType<any, keyof IntrinsicElements>; } & ListItemOwnProps & CommonProps & Omit<any, "style" | ... 15 more ... | "secondaryAction">): Element | null', gave the following error.
[21:51:30.039]     Property 'component' is missing in type '{ children: Element[]; button: true; }' but required in type '{ component: ElementType<any, keyof IntrinsicElements>; }'.
[21:51:30.039]   Overload 2 of 2, '(props: DefaultComponentProps<ListItemTypeMap<{}, "li">>): Element | null', gave the following error.
[21:51:30.039]     Type '{ children: Element[]; button: true; }' is not assignable to type 'IntrinsicAttributes & ListItemOwnProps & CommonProps & Omit<Omit<DetailedHTMLProps<LiHTMLAttributes<HTMLLIElement>, HTMLLIElement>, "ref"> & { ...; }, "style" | ... 15 more ... | "secondaryAction">'.
[21:51:30.039]       Property 'button' does not exist on type 'IntrinsicAttributes & ListItemOwnProps & CommonProps & Omit<Omit<DetailedHTMLProps<LiHTMLAttributes<HTMLLIElement>, HTMLLIElement>, "ref"> & { ...; }, "style" | ... 15 more ... | "secondaryAction">'.
[21:51:30.039] src/components/ui/EmailInterface.tsx(251,10): error TS2322: Type '{ children: Element; loading: boolean; error: string | null; retry: () => Promise<void>; variant: string; skeletonType: string; skeletonCount: number; }' is not assignable to type 'IntrinsicAttributes & LoadingStateProps'.
[21:51:30.039]   Property 'children' does not exist on type 'IntrinsicAttributes & LoadingStateProps'.
[21:51:30.039] src/components/ui/EmailInterface.tsx(274,24): error TS2769: No overload matches this call.
[21:51:30.039]   Overload 1 of 2, '(props: { component: ElementType<any, keyof IntrinsicElements>; } & ListItemOwnProps & CommonProps & Omit<any, "style" | ... 15 more ... | "secondaryAction">): Element | null', gave the following error.
[21:51:30.039]     Property 'component' is missing in type '{ children: Element[]; button: true; selected: boolean; onClick: () => void; }' but required in type '{ component: ElementType<any, keyof IntrinsicElements>; }'.
[21:51:30.039]   Overload 2 of 2, '(props: DefaultComponentProps<ListItemTypeMap<{}, "li">>): Element | null', gave the following error.
[21:51:30.039]     Type '{ children: Element[]; button: true; selected: boolean; onClick: () => void; }' is not assignable to type 'IntrinsicAttributes & ListItemOwnProps & CommonProps & Omit<Omit<DetailedHTMLProps<LiHTMLAttributes<HTMLLIElement>, HTMLLIElement>, "ref"> & { ...; }, "style" | ... 15 more ... | "secondaryAction">'.
[21:51:30.039]       Property 'button' does not exist on type 'IntrinsicAttributes & ListItemOwnProps & CommonProps & Omit<Omit<DetailedHTMLProps<LiHTMLAttributes<HTMLLIElement>, HTMLLIElement>, "ref"> & { ...; }, "style" | ... 15 more ... | "secondaryAction">'.
[21:51:30.039] src/components/ui/FormField.tsx(2,20): error TS2307: Cannot find module '@/utils/cn' or its corresponding type declarations.
[21:51:30.039] src/components/ui/FormField.tsx(47,5): error TS2339: Property 'size' does not exist on type 'FormFieldProps'.
[21:51:30.039] src/components/ui/FormLayout.tsx(73,21): error TS2322: Type '{ children: string; type: "submit"; isLoading: boolean | undefined; disabled: boolean | undefined; leftIcon: ReactNode; }' is not assignable to type 'IntrinsicAttributes & ButtonProps & RefAttributes<HTMLButtonElement>'.
[21:51:30.039]   Property 'isLoading' does not exist on type 'IntrinsicAttributes & ButtonProps & RefAttributes<HTMLButtonElement>'. Did you mean 'loading'?
[21:51:30.039] src/components/ui/IconButton.tsx(72,34): error TS2769: No overload matches this call.
[21:51:30.039]   The last overload gave the following error.
[21:51:30.039]     Object literal may only specify known properties, and 'size' does not exist in type 'Partial<unknown> & Attributes'.
[21:51:30.039] src/components/ui/IconButton.tsx(76,6): error TS2322: Type '{ value?: string | number | readonly string[] | undefined; type?: "submit" | "reset" | "button" | undefined; id?: string | undefined; style?: CSSProperties | undefined; title?: string | undefined; ... 283 more ...; className: string; }' is not assignable to type 'AccessibleButtonProps'.
[21:51:30.039]   Types of property 'onClick' are incompatible.
[21:51:30.039]     Type 'MouseEventHandler<HTMLButtonElement> | undefined' is not assignable to type '(() => void) | undefined'.
[21:51:30.039]       Type 'MouseEventHandler<HTMLButtonElement>' is not assignable to type '() => void'.
[21:51:30.039]         Target signature provides too few arguments. Expected 1 or more, but got 0.
[21:51:30.040] src/components/ui/animated.tsx(58,7): error TS2322: Type 'AnimationEventHandler<HTMLDivElement> | undefined' is not assignable to type '(AnimationEventHandler<SVGSymbolElement> & AnimationEventHandler<HTMLObjectElement> & ... 116 more ... & AnimationEventHandler<...>) | undefined'.
[21:51:30.040]   Type 'AnimationEventHandler<HTMLDivElement>' is not assignable to type 'AnimationEventHandler<SVGSymbolElement> & AnimationEventHandler<HTMLObjectElement> & ... 116 more ... & AnimationEventHandler<...>'.
[21:51:30.040]     Type 'AnimationEventHandler<HTMLDivElement>' is not assignable to type 'AnimationEventHandler<SVGSymbolElement>'.
[21:51:30.040]       Type 'HTMLDivElement' is missing the following properties from type 'SVGSymbolElement': ownerSVGElement, viewportElement, preserveAspectRatio, viewBox
[21:51:30.040] src/components/ui/animated.tsx(100,6): error TS2322: Type '{ children: (string | number | bigint | ReactElement<any, string | JSXElementConstructor<any>> | Iterable<ReactNode> | Promise<...>)[]; ... 275 more ...; className: string | undefined; }' is not assignable to type 'SVGProps<SVGSymbolElement>'.
[21:51:30.040]   Types of property 'onCopy' are incompatible.
[21:51:30.040]     Type 'ClipboardEventHandler<HTMLDivElement> | undefined' is not assignable to type 'ClipboardEventHandler<SVGSymbolElement> | undefined'.
[21:51:30.040]       Type 'ClipboardEventHandler<HTMLDivElement>' is not assignable to type 'ClipboardEventHandler<SVGSymbolElement>'.
[21:51:30.040]         Type 'HTMLDivElement' is missing the following properties from type 'SVGSymbolElement': ownerSVGElement, viewportElement, preserveAspectRatio, viewBox
[21:51:30.040] src/components/ui/avatar-upload.tsx(13,44): error TS2307: Cannot find module '@/lib/appwriteStorage' or its corresponding type declarations.
[21:51:30.040] src/components/ui/avatar-upload.tsx(124,13): error TS2322: Type '"destructive"' is not assignable to type '"default" | "secondary" | "outline" | "ghost" | "link" | null | undefined'.
[21:51:30.040] src/components/ui/card.tsx(3,20): error TS2307: Cannot find module '@/utils/cn' or its corresponding type declarations.
[21:51:30.040] src/components/ui/document-upload.tsx(13,64): error TS2307: Cannot find module '@/lib/appwriteStorage' or its corresponding type declarations.
[21:51:30.040] src/components/ui/document-upload.tsx(158,17): error TS2322: Type '"destructive"' is not assignable to type '"default" | "secondary" | "outline" | "ghost" | "link" | null | undefined'.
[21:51:30.040] src/components/ui/image-upload.tsx(5,42): error TS2307: Cannot find module '@/lib/appwriteStorage' or its corresponding type declarations.
[21:51:30.040] src/components/ui/image-upload.tsx(90,15): error TS2322: Type '"destructive"' is not assignable to type '"default" | "secondary" | "outline" | "ghost" | "link" | null | undefined'.
[21:51:30.040] src/components/ui/index.ts(16,10): error TS2459: Module '"./card"' declares 'cardVariants' locally, but it is not exported.
[21:51:30.040] src/components/ui/input.tsx(3,20): error TS2307: Cannot find module '@/utils/cn' or its corresponding type declarations.
[21:51:30.040] src/components/ui/label.tsx(3,20): error TS2307: Cannot find module '@/utils/cn' or its corresponding type declarations.
[21:51:30.040] src/components/ui/radio-group.tsx(2,38): error TS2307: Cannot find module '@radix-ui/react-radio-group' or its corresponding type declarations.
[21:51:30.040] src/components/ui/scroll-area.tsx(2,38): error TS2307: Cannot find module '@radix-ui/react-scroll-area' or its corresponding type declarations.
[21:51:30.040] src/components/ui/textarea.tsx(3,20): error TS2307: Cannot find module '@/utils/cn' or its corresponding type declarations.
[21:51:30.040] src/components/ui/types.ts(3,10): error TS2459: Module '"./card"' declares 'cardVariants' locally, but it is not exported.
[21:51:30.040] src/config/deployment.ts(146,10): error TS7053: Element implicitly has an 'any' type because expression of type 'string' can't be used to index type '{ readonly collections: { readonly ADMIN_PROFILES: any; readonly POSTS: any; readonly CATEGORIES: any; readonly TAGS: any; readonly MEDIA: any; readonly COMMENTS: any; readonly ORDERS: any; readonly SERVICES: any; readonly CUSTOMERS: any; }; ... 6 more ...; readonly AVATARS_BUCKET: any; } | { ...; } | { ...; }'.
[21:51:30.040]   No index signature with a parameter of type 'string' was found on type '{ readonly collections: { readonly ADMIN_PROFILES: any; readonly POSTS: any; readonly CATEGORIES: any; readonly TAGS: any; readonly MEDIA: any; readonly COMMENTS: any; readonly ORDERS: any; readonly SERVICES: any; readonly CUSTOMERS: any; }; ... 6 more ...; readonly AVATARS_BUCKET: any; } | { ...; } | { ...; }'.
[21:51:30.040] src/config/deployment.ts(156,10): error TS7053: Element implicitly has an 'any' type because expression of type 'string' can't be used to index type '{ readonly APP_URL: string; readonly API_URL: string; readonly ADMIN_URL: any; readonly ACCOUNTS_URL: any; } | { readonly APP_URL: any; readonly API_URL: any; readonly ADMIN_URL: any; readonly ACCOUNTS_URL: any; } | { ...; }'.
[21:51:30.040]   No index signature with a parameter of type 'string' was found on type '{ readonly APP_URL: string; readonly API_URL: string; readonly ADMIN_URL: any; readonly ACCOUNTS_URL: any; } | { readonly APP_URL: any; readonly API_URL: any; readonly ADMIN_URL: any; readonly ACCOUNTS_URL: any; } | { ...; }'.
[21:51:30.040] src/contexts/AuthContext.tsx(45,17): error TS2345: Argument of type 'UserResponse' is not assignable to parameter of type 'SetStateAction<AuthUser | null>'.
[21:51:30.041]   Type '{ data: { user: User; }; error: null; }' is not assignable to type 'SetStateAction<AuthUser | null>'.
[21:51:30.041] src/contexts/AuthContext.tsx(107,41): error TS2339: Property 'logout' does not exist on type '{ signIn(email: string, password: string): Promise<any>; signOut(): Promise<any>; getCurrentUser(): Promise<UserResponse>; getSession(): Promise<...>; ... 7 more ...; updateProfile: (userId: string, data: Partial<...>) => Promise<...>; }'.
[21:51:30.041] src/contexts/DatabaseConnectionContext.tsx(15,19): error TS7006: Parameter 'status' implicitly has an 'any' type.
[21:51:30.041] src/cron/cleanupJob.ts(1,18): error TS2307: Cannot find module 'node-cron' or its corresponding type declarations.
[21:51:30.041] src/cron/cleanupJob.ts(2,10): error TS2305: Module '"@prisma/client"' has no exported member 'PrismaClient'.
[21:51:30.041] src/cron/cleanupJob.ts(3,10): error TS2724: '"../services/storageService"' has no exported member named 'StorageService'. Did you mean 'storageService'?
[21:51:30.041] src/cron/telegramRetryJob.ts(1,18): error TS2307: Cannot find module 'node-cron' or its corresponding type declarations.
[21:51:30.041] src/hooks/useAdminAuth.tsx(4,33): error TS2305: Module '"../services/adminAuthService"' has no exported member 'AdminUser'.
[21:51:30.041] src/hooks/useAdminAuth.tsx(29,50): error TS2339: Property 'getCurrentUser' does not exist on type '{ login(): Promise<void>; logout(): Promise<void>; isAdmin(userId: string): Promise<boolean>; getCurrentAdmin(): Promise<{ id: string; name: any; email: any; role: any; avatar: any; status: any; lastLogin: string; } | null>; }'.
[21:51:30.041] src/hooks/useAdminAuth.tsx(43,46): error TS2339: Property 'checkSession' does not exist on type '{ login(): Promise<void>; logout(): Promise<void>; isAdmin(userId: string): Promise<boolean>; getCurrentAdmin(): Promise<{ id: string; name: any; email: any; role: any; avatar: any; status: any; lastLogin: string; } | null>; }'.
[21:51:30.041] src/hooks/useAdminAuth.tsx(58,57): error TS2554: Expected 0 arguments, but got 1.
[21:51:30.041] src/hooks/useAdminAuth.tsx(91,50): error TS2339: Property 'updateProfile' does not exist on type '{ login(): Promise<void>; logout(): Promise<void>; isAdmin(userId: string): Promise<boolean>; getCurrentAdmin(): Promise<{ id: string; name: any; email: any; role: any; avatar: any; status: any; lastLogin: string; } | null>; }'.
[21:51:30.041] src/hooks/useAdminAuth.tsx(105,30): error TS2339: Property 'changePassword' does not exist on type '{ login(): Promise<void>; logout(): Promise<void>; isAdmin(userId: string): Promise<boolean>; getCurrentAdmin(): Promise<{ id: string; name: any; email: any; role: any; avatar: any; status: any; lastLogin: string; } | null>; }'.
[21:51:30.041] src/hooks/useAdminAuth.tsx(117,38): error TS2339: Property 'hasRole' does not exist on type '{ login(): Promise<void>; logout(): Promise<void>; isAdmin(userId: string): Promise<boolean>; getCurrentAdmin(): Promise<{ id: string; name: any; email: any; role: any; avatar: any; status: any; lastLogin: string; } | null>; }'.
[21:51:30.041] src/hooks/useAdminAuth.tsx(131,38): error TS2339: Property 'hasRole' does not exist on type '{ login(): Promise<void>; logout(): Promise<void>; isAdmin(userId: string): Promise<boolean>; getCurrentAdmin(): Promise<{ id: string; name: any; email: any; role: any; avatar: any; status: any; lastLogin: string; } | null>; }'.
[21:51:30.041] src/hooks/useAdminAuth.tsx(132,38): error TS2339: Property 'hasRole' does not exist on type '{ login(): Promise<void>; logout(): Promise<void>; isAdmin(userId: string): Promise<boolean>; getCurrentAdmin(): Promise<{ id: string; name: any; email: any; role: any; avatar: any; status: any; lastLogin: string; } | null>; }'.
[21:51:30.041] src/hooks/useAuth.ts(54,75): error TS7006: Parameter 'event' implicitly has an 'any' type.
[21:51:30.041] src/hooks/useAuth.ts(54,82): error TS7006: Parameter 'newSession' implicitly has an 'any' type.
[21:51:30.041] src/hooks/useAuthGuard.ts(3,35): error TS2307: Cannot find module '@dynamic-labs/sdk-react-core' or its corresponding type declarations.
[21:51:30.041] src/hooks/useAuthRedirect.ts(3,35): error TS2307: Cannot find module '@dynamic-labs/sdk-react-core' or its corresponding type declarations.
[21:51:30.041] src/hooks/useCommentQueries.ts(71,39): error TS2559: Type '(string | number)[]' has no properties in common with type 'QueryFilters<unknown, Error, unknown, readonly unknown[]>'.
[21:51:30.041] src/hooks/useCommentQueries.ts(88,31): error TS2339: Property 'user_metadata' does not exist on type 'User'.
[21:51:30.041] src/hooks/useCommentQueries.ts(89,32): error TS2339: Property 'user_metadata' does not exist on type 'User'.
[21:51:30.041] src/hooks/useCommentQueries.ts(107,37): error TS2559: Type '(string | number)[]' has no properties in common with type 'InvalidateQueryFilters<unknown, Error, unknown, readonly unknown[]>'.
[21:51:30.041] src/hooks/useCommentQueries.ts(109,37): error TS2559: Type '(string | number)[]' has no properties in common with type 'InvalidateQueryFilters<unknown, Error, unknown, readonly unknown[]>'.
[21:51:30.041] src/hooks/useCommentQueries.ts(135,39): error TS2559: Type '(string | number)[]' has no properties in common with type 'QueryFilters<unknown, Error, unknown, readonly unknown[]>'.
[21:51:30.041] src/hooks/useCommentQueries.ts(158,37): error TS2559: Type '(string | number)[]' has no properties in common with type 'InvalidateQueryFilters<unknown, Error, unknown, readonly unknown[]>'.
[21:51:30.042] src/hooks/useCommentQueries.ts(160,37): error TS2559: Type '(string | number)[]' has no properties in common with type 'InvalidateQueryFilters<unknown, Error, unknown, readonly unknown[]>'.
[21:51:30.042] src/hooks/useDatabase.ts(27,10): error TS2339: Property 'from' does not exist on type 'SupabaseContextType'.
[21:51:30.042] src/hooks/useDatabase.ts(49,10): error TS2339: Property 'from' does not exist on type 'SupabaseContextType'.
[21:51:30.042] src/hooks/useDatabase.ts(85,12): error TS2339: Property 'from' does not exist on type 'SupabaseContextType'.
[21:51:30.042] src/hooks/useDatabase.ts(90,12): error TS2339: Property 'from' does not exist on type 'SupabaseContextType'.
[21:51:30.042] src/hooks/useDatabase.ts(95,12): error TS2339: Property 'from' does not exist on type 'SupabaseContextType'.
[21:51:30.042] src/hooks/useDatabase.ts(99,18): error TS2339: Property 'rpc' does not exist on type 'SupabaseContextType'.
[21:51:30.042] src/hooks/useDatabase.ts(119,10): error TS2339: Property 'from' does not exist on type 'SupabaseContextType'.
[21:51:30.042] src/hooks/useDatabase.ts(137,12): error TS2339: Property 'from' does not exist on type 'SupabaseContextType'.
[21:51:30.042] src/hooks/useDatabase.ts(148,12): error TS2339: Property 'rpc' does not exist on type 'SupabaseContextType'.
[21:51:30.042] src/hooks/useDatabase.ts(163,10): error TS2339: Property 'from' does not exist on type 'SupabaseContextType'.
[21:51:30.042] src/hooks/useDatabase.ts(187,10): error TS2339: Property 'from' does not exist on type 'SupabaseContextType'.
[21:51:30.042] src/hooks/useDatabase.ts(207,10): error TS2339: Property 'from' does not exist on type 'SupabaseContextType'.
[21:51:30.042] src/hooks/useDatabase.ts(223,10): error TS2339: Property 'from' does not exist on type 'SupabaseContextType'.
[21:51:30.042] src/hooks/useDatabaseQuery.ts(2,52): error TS2307: Cannot find module '@/lib/databaseFallbacks' or its corresponding type declarations.
[21:51:30.042] src/hooks/useDatabaseQuery.ts(3,10): error TS2305: Module '"@/contexts/DatabaseConnectionContext"' has no exported member 'useDatabaseConnection'.
[21:51:30.042] src/hooks/useDatabaseQuery.ts(68,19): error TS7006: Parameter 'err' implicitly has an 'any' type.
[21:51:30.042] src/hooks/useHomeData.ts(6,19): error TS2769: No overload matches this call.
[21:51:30.042]   Overload 1 of 3, '(options: DefinedInitialDataOptions<unknown, Error, unknown, readonly unknown[]>, queryClient?: QueryClient | undefined): DefinedUseQueryResult<unknown, Error>', gave the following error.
[21:51:30.042]     Argument of type 'string[]' is not assignable to parameter of type 'DefinedInitialDataOptions<unknown, Error, unknown, readonly unknown[]>'.
[21:51:30.042]       Property 'queryKey' is missing in type 'string[]' but required in type 'Omit<UseQueryOptions<unknown, Error, unknown, readonly unknown[]>, "queryFn">'.
[21:51:30.042]   Overload 2 of 3, '(options: UndefinedInitialDataOptions<unknown, Error, unknown, readonly unknown[]>, queryClient?: QueryClient | undefined): UseQueryResult<unknown, Error>', gave the following error.
[21:51:30.042]     Argument of type 'string[]' is not assignable to parameter of type 'UndefinedInitialDataOptions<unknown, Error, unknown, readonly unknown[]>'.
[21:51:30.042]       Property 'queryKey' is missing in type 'string[]' but required in type 'UseQueryOptions<unknown, Error, unknown, readonly unknown[]>'.
[21:51:30.042]   Overload 3 of 3, '(options: UseQueryOptions<unknown, Error, unknown, readonly unknown[]>, queryClient?: QueryClient | undefined): UseQueryResult<unknown, Error>', gave the following error.
[21:51:30.042]     Argument of type 'string[]' is not assignable to parameter of type 'UseQueryOptions<unknown, Error, unknown, readonly unknown[]>'.
[21:51:30.042]       Property 'queryKey' is missing in type 'string[]' but required in type 'UseQueryOptions<unknown, Error, unknown, readonly unknown[]>'.
[21:51:30.042] src/hooks/useNotifications.ts(39,10): error TS7006: Parameter 'payload' implicitly has an 'any' type.
[21:51:30.042] src/hooks/usePostQueries.ts(95,5): error TS2769: No overload matches this call.
[21:51:30.042]   Overload 1 of 3, '(options: DefinedInitialDataOptions<unknown, Error, unknown, (string | PostQueryParams)[]>, queryClient?: QueryClient | undefined): DefinedUseQueryResult<...>', gave the following error.
[21:51:30.043]     Object literal may only specify known properties, and 'keepPreviousData' does not exist in type 'DefinedInitialDataOptions<unknown, Error, unknown, (string | PostQueryParams)[]>'.
[21:51:30.043]   Overload 2 of 3, '(options: UndefinedInitialDataOptions<Post[], Error, Post[], (string | PostQueryParams)[]>, queryClient?: QueryClient | undefined): UseQueryResult<...>', gave the following error.
[21:51:30.045]     Object literal may only specify known properties, and 'keepPreviousData' does not exist in type 'UndefinedInitialDataOptions<Post[], Error, Post[], (string | PostQueryParams)[]>'.
[21:51:30.045]   Overload 3 of 3, '(options: UseQueryOptions<Post[], Error, Post[], (string | PostQueryParams)[]>, queryClient?: QueryClient | undefined): UseQueryResult<...>', gave the following error.
[21:51:30.045]     Object literal may only specify known properties, and 'keepPreviousData' does not exist in type 'UseQueryOptions<Post[], Error, Post[], (string | PostQueryParams)[]>'.
[21:51:30.046] src/hooks/usePostQueries.ts(170,37): error TS2559: Type '(string | number)[]' has no properties in common with type 'InvalidateQueryFilters<unknown, Error, unknown, readonly unknown[]>'.
[21:51:30.046] src/hooks/usePostQueries.ts(192,37): error TS2559: Type '(string | number)[]' has no properties in common with type 'InvalidateQueryFilters<unknown, Error, unknown, readonly unknown[]>'.
[21:51:30.046] src/hooks/usePostQueries.ts(193,37): error TS2559: Type 'string[]' has no properties in common with type 'InvalidateQueryFilters<unknown, Error, unknown, readonly unknown[]>'.
[21:51:30.046] src/hooks/useRedirectIfNotAuthenticated.ts(16,37): error TS2339: Property 'role' does not exist on type '{ user: User | null; session: Session | null; isLoading: boolean; error: Error | null; signIn: (email: string, password: string) => Promise<void>; ... 4 more ...; isAdmin: boolean; }'.
[21:51:30.046] src/hooks/useServices.ts(2,10): error TS2305: Module '"@/lib/supabaseClient"' has no exported member 'publicApi'.
[21:51:30.046] src/hooks/useServices.ts(6,15): error TS2305: Module '"@/lib/supabaseClient"' has no exported member 'ServiceData'.
[21:51:30.046] src/hooks/useSupabase.ts(31,5): error TS2769: No overload matches this call.
[21:51:30.046]   Overload 1 of 3, '(options: DefinedInitialDataOptions<unknown, Error, unknown, (string | undefined)[]>, queryClient?: QueryClient | undefined): DefinedUseQueryResult<unknown, Error>', gave the following error.
[21:51:30.046]     Object literal may only specify known properties, and 'cacheTime' does not exist in type 'DefinedInitialDataOptions<unknown, Error, unknown, (string | undefined)[]>'.
[21:51:30.046]   Overload 2 of 3, '(options: UndefinedInitialDataOptions<boolean, Error, boolean, (string | undefined)[]>, queryClient?: QueryClient | undefined): UseQueryResult<...>', gave the following error.
[21:51:30.046]     Object literal may only specify known properties, and 'cacheTime' does not exist in type 'UndefinedInitialDataOptions<boolean, Error, boolean, (string | undefined)[]>'.
[21:51:30.047]   Overload 3 of 3, '(options: UseQueryOptions<boolean, Error, boolean, (string | undefined)[]>, queryClient?: QueryClient | undefined): UseQueryResult<boolean, Error>', gave the following error.
[21:51:30.047]     Object literal may only specify known properties, and 'cacheTime' does not exist in type 'UseQueryOptions<boolean, Error, boolean, (string | undefined)[]>'.
[21:51:30.047] src/hooks/useTheme.ts(2,38): error TS2307: Cannot find module '@/providers/ThemeProvider' or its corresponding type declarations.
[21:51:30.047] src/layouts/AdminLayout.tsx(123,30): error TS2339: Property 'photoURL' does not exist on type 'User'.
[21:51:30.047] src/layouts/AdminLayout.tsx(128,75): error TS2339: Property 'displayName' does not exist on type 'User'.
[21:51:30.047] src/layouts/AdminLayout.tsx(182,32): error TS2339: Property 'photoURL' does not exist on type 'User'.
[21:51:30.047] src/layouts/AdminLayout.tsx(187,75): error TS2339: Property 'displayName' does not exist on type 'User'.
[21:51:30.047] src/layouts/AdminLayout.tsx(236,80): error TS2339: Property 'displayName' does not exist on type 'User'.
[21:51:30.047] src/lib/clerkClient.ts(1,53): error TS2307: Cannot find module './appwriteClient' or its corresponding type declarations.
[21:51:30.047] src/lib/clerkClient.ts(2,27): error TS2307: Cannot find module 'appwrite' or its corresponding type declarations.
[21:51:30.047] src/lib/contentService.ts(1,47): error TS2307: Cannot find module './appwriteClient' or its corresponding type declarations.
[21:51:30.048] src/lib/contentService.ts(12,8): error TS2307: Cannot find module './appwriteSetup' or its corresponding type declarations.
[21:51:30.048] src/lib/contentService.ts(13,35): error TS2305: Module '"@/types/posts"' has no exported member 'Media'.
[21:51:30.061] src/lib/contentService.ts(13,42): error TS2305: Module '"@/types/posts"' has no exported member 'TagCount'.
[21:51:30.061] src/lib/contentService.ts(100,39): error TS7006: Parameter 'doc' implicitly has an 'any' type.
[21:51:30.061] src/lib/contentService.ts(213,37): error TS7006: Parameter 'doc' implicitly has an 'any' type.
[21:51:30.061] src/lib/contentService.ts(245,34): error TS7006: Parameter 'doc' implicitly has an 'any' type.
[21:51:30.061] src/lib/contentService.ts(248,24): error TS7006: Parameter 'tag' implicitly has an 'any' type.
[21:51:30.061] src/lib/contentService.ts(289,39): error TS7006: Parameter 'doc' implicitly has an 'any' type.
[21:51:30.061] src/lib/contentService.ts(322,52): error TS7006: Parameter 'reply' implicitly has an 'any' type.
[21:51:30.061] src/lib/contentService.ts(671,39): error TS7006: Parameter 'doc' implicitly has an 'any' type.
[21:51:30.061] src/lib/contentService.ts(723,39): error TS7006: Parameter 'doc' implicitly has an 'any' type.
[21:51:30.061] src/lib/contentService.ts(762,44): error TS2307: Cannot find module './authService' or its corresponding type declarations.
[21:51:30.061] src/lib/corsCheck.ts(6,20): error TS2724: '"./supabaseClient"' has no exported member named 'supabaseUrl'. Did you mean 'supabase'?
[21:51:30.061] src/lib/corsCheck.ts(6,33): error TS2305: Module '"./supabaseClient"' has no exported member 'supabaseAnonKey'.
[21:51:30.061] src/lib/fileUploadService.ts(147,28): error TS7006: Parameter 'progress' implicitly has an 'any' type.
[21:51:30.062] src/lib/firebase.ts(1,31): error TS2307: Cannot find module 'firebase/app' or its corresponding type declarations.
[21:51:30.062] src/lib/firebase.ts(2,25): error TS2307: Cannot find module 'firebase/auth' or its corresponding type declarations.
[21:51:30.062] src/lib/firebase.ts(3,30): error TS2307: Cannot find module 'firebase/firestore' or its corresponding type declarations.
[21:51:30.062] src/lib/logger.ts(1,18): error TS2307: Cannot find module 'pino' or its corresponding type declarations.
[21:51:30.062] src/lib/prisma.ts(1,10): error TS2305: Module '"@prisma/client"' has no exported member 'PrismaClient'.
[21:51:30.062] src/lib/rateLimit.ts(2,26): error TS7016: Could not find a declaration file for module 'lru-cache'. '/vercel/path0/node_modules/lru-cache/index.js' implicitly has an 'any' type.
[21:51:30.062]   Try `npm i --save-dev @types/lru-cache` if it exists or add a new declaration (.d.ts) file containing `declare module 'lru-cache';`
[21:51:30.062] src/lib/rateLimit.ts(28,66): error TS18048: 'options.interval' is possibly 'undefined'.
[21:51:30.062] src/lib/supabaseDiagnostics.ts(1,10): error TS2305: Module '"./supabaseClient"' has no exported member 'getConnectionStatus'.
[21:51:30.062] src/lib/supabaseDiagnostics.ts(1,31): error TS2724: '"./supabaseClient"' has no exported member named 'pingSupabase'. Did you mean 'supabase'?
[21:51:30.062] src/lib/supabaseDiagnostics.ts(1,45): error TS2305: Module '"./supabaseClient"' has no exported member 'checkForCorsIssues'.
[21:51:30.062] src/lib/supabaseDiagnostics.ts(1,65): error TS2305: Module '"./supabaseClient"' has no exported member 'checkEnvironmentConfig'.
[21:51:30.062] src/lib/supabaseDiagnostics.ts(27,50): error TS7006: Parameter 'issue' implicitly has an 'any' type.
[21:51:30.062] src/middleware.ts(1,50): error TS2307: Cannot find module '@clerk/nextjs' or its corresponding type declarations.
[21:51:30.062] src/middleware.ts(13,13): error TS7006: Parameter 'auth' implicitly has an 'any' type.
[21:51:30.062] src/middleware.ts(13,19): error TS7006: Parameter 'req' implicitly has an 'any' type.
[21:51:30.062] src/models/Post.ts(43,18): error TS2430: Interface 'PostInput' incorrectly extends interface 'Omit<Post, "id" | "created_at" | "updated_at">'.
[21:51:30.062]   Types of property 'status' are incompatible.
[21:51:30.062]     Type 'PostStatus | undefined' is not assignable to type 'PostStatus'.
[21:51:30.062]       Type 'undefined' is not assignable to type 'PostStatus'.
[21:51:30.062] src/models/Post.ts(299,7): error TS2322: Type 'null' is not assignable to type 'string | undefined'.
[21:51:30.062] src/models/User.ts(41,18): error TS2430: Interface 'UserInput' incorrectly extends interface 'Omit<User, "id" | "created_at" | "updated_at">'.
[21:51:30.062]   Types of property 'role' are incompatible.
[21:51:30.062]     Type 'UserRole | undefined' is not assignable to type 'UserRole'.
[21:51:30.062]       Type 'undefined' is not assignable to type 'UserRole'.
[21:51:30.063] src/pages/Blog.tsx(10,24): error TS2307: Cannot find module '../components/common/PageHeader' or its corresponding type declarations.
[21:51:30.063] src/pages/Blog.tsx(55,22): error TS2345: Argument of type 'BlogPostsResponse' is not assignable to parameter of type 'SetStateAction<BlogPost[]>'.
[21:51:30.063] src/pages/Blog.tsx(147,41): error TS2339: Property 'coverImage' does not exist on type 'BlogPost'.
[21:51:30.063] src/pages/Blog.tsx(150,53): error TS2339: Property 'category' does not exist on type 'BlogPost'.
[21:51:30.063] src/pages/Blog.tsx(154,51): error TS2551: Property 'publishedAt' does not exist on type 'BlogPost'. Did you mean 'published_at'?
[21:51:30.063] src/pages/Diagnostics.tsx(15,11): error TS2339: Property 'supabase' does not exist on type 'SupabaseContextType'.
[21:51:30.063] src/pages/Diagnostics.tsx(15,21): error TS2339: Property 'isInitialized' does not exist on type 'SupabaseContextType'.
[21:51:30.063] src/pages/Homepage.tsx(273,19): error TS2322: Type '{ animate: { x: string[]; transition: { duration: number; repeat: number; repeatType: string; ease: string; }; }; }' is not assignable to type 'Variants'.
[21:51:30.063]   Property 'animate' is incompatible with index signature.
[21:51:30.063]     Type '{ x: string[]; transition: { duration: number; repeat: number; repeatType: string; ease: string; }; }' is not assignable to type 'Variant'.
[21:51:30.063]       Type '{ x: string[]; transition: { duration: number; repeat: number; repeatType: string; ease: string; }; }' is not assignable to type 'TargetAndTransition'.
[21:51:30.063]         Type '{ x: string[]; transition: { duration: number; repeat: number; repeatType: string; ease: string; }; }' is not assignable to type '{ transition?: Transition | undefined; transitionEnd?: MakeCustomValueType<TargetProperties> | undefined; }'.
[21:51:30.063]           Types of property 'transition' are incompatible.
[21:51:30.063]             Type '{ duration: number; repeat: number; repeatType: string; ease: string; }' is not assignable to type 'Transition | undefined'.
[21:51:30.063]               Type '{ duration: number; repeat: number; repeatType: string; ease: string; }' is not assignable to type 'Orchestration & Repeat & PermissiveTransitionDefinition & { [key: string]: TransitionDefinition; }'.
[21:51:30.063]                 Type '{ duration: number; repeat: number; repeatType: string; ease: string; }' is not assignable to type 'Repeat'.
[21:51:30.063]                   Types of property 'repeatType' are incompatible.
[21:51:30.063]                     Type 'string' is not assignable to type '"reverse" | "loop" | "mirror" | undefined'.
[21:51:30.063] src/pages/Homepage.tsx(408,19): error TS2322: Type '{ animate: { x: string[]; transition: { duration: number; repeat: number; repeatType: string; ease: string; }; }; }' is not assignable to type 'Variants'.
[21:51:30.063]   Property 'animate' is incompatible with index signature.
[21:51:30.063]     Type '{ x: string[]; transition: { duration: number; repeat: number; repeatType: string; ease: string; }; }' is not assignable to type 'Variant'.
[21:51:30.064]       Type '{ x: string[]; transition: { duration: number; repeat: number; repeatType: string; ease: string; }; }' is not assignable to type 'TargetAndTransition'.
[21:51:30.064]         Type '{ x: string[]; transition: { duration: number; repeat: number; repeatType: string; ease: string; }; }' is not assignable to type '{ transition?: Transition | undefined; transitionEnd?: MakeCustomValueType<TargetProperties> | undefined; }'.
[21:51:30.064]           Types of property 'transition' are incompatible.
[21:51:30.064]             Type '{ duration: number; repeat: number; repeatType: string; ease: string; }' is not assignable to type 'Transition | undefined'.
[21:51:30.064]               Type '{ duration: number; repeat: number; repeatType: string; ease: string; }' is not assignable to type 'Orchestration & Repeat & PermissiveTransitionDefinition & { [key: string]: TransitionDefinition; }'.
[21:51:30.064]                 Type '{ duration: number; repeat: number; repeatType: string; ease: string; }' is not assignable to type 'Repeat'.
[21:51:30.064]                   Types of property 'repeatType' are incompatible.
[21:51:30.064]                     Type 'string' is not assignable to type '"reverse" | "loop" | "mirror" | undefined'.
[21:51:30.064] src/pages/Homepage.tsx(579,15): error TS2322: Type '{ animate: { x: string[]; transition: { duration: number; repeat: number; repeatType: string; ease: string; }; }; }' is not assignable to type 'Variants'.
[21:51:30.064]   Property 'animate' is incompatible with index signature.
[21:51:30.064]     Type '{ x: string[]; transition: { duration: number; repeat: number; repeatType: string; ease: string; }; }' is not assignable to type 'Variant'.
[21:51:30.064]       Type '{ x: string[]; transition: { duration: number; repeat: number; repeatType: string; ease: string; }; }' is not assignable to type 'TargetAndTransition'.
[21:51:30.064]         Type '{ x: string[]; transition: { duration: number; repeat: number; repeatType: string; ease: string; }; }' is not assignable to type '{ transition?: Transition | undefined; transitionEnd?: MakeCustomValueType<TargetProperties> | undefined; }'.
[21:51:30.064]           Types of property 'transition' are incompatible.
[21:51:30.064]             Type '{ duration: number; repeat: number; repeatType: string; ease: string; }' is not assignable to type 'Transition | undefined'.
[21:51:30.064]               Type '{ duration: number; repeat: number; repeatType: string; ease: string; }' is not assignable to type 'Orchestration & Repeat & PermissiveTransitionDefinition & { [key: string]: TransitionDefinition; }'.
[21:51:30.064]                 Type '{ duration: number; repeat: number; repeatType: string; ease: string; }' is not assignable to type 'Repeat'.
[21:51:30.064]                   Types of property 'repeatType' are incompatible.
[21:51:30.065]                     Type 'string' is not assignable to type '"reverse" | "loop" | "mirror" | undefined'.
[21:51:30.065] src/pages/Homepage.tsx(713,14): error TS2322: Type 'string' is not assignable to type 'boolean | undefined'.
[21:51:30.065] src/pages/Homepage.tsx(713,25): error TS2322: Type 'string' is not assignable to type 'boolean | undefined'.
[21:51:30.065] src/pages/LearningHub.tsx(103,16): error TS2552: Cannot find name 'Clock'. Did you mean 'Lock'?
[21:51:30.065] src/pages/LearningHub.tsx(112,16): error TS2304: Cannot find name 'Shield'.
[21:51:30.065] src/pages/Services.tsx(65,29): error TS2339: Property 'likeContent' does not exist on type '{ getContent: (page: number, pageSize: number) => Promise<{ data: any; error: any; }>; }'.
[21:51:30.065] src/pages/Services.tsx(76,27): error TS2339: Property 'shareContent' does not exist on type '{ getContent: (page: number, pageSize: number) => Promise<{ data: any; error: any; }>; }'.
[21:51:30.065] src/pages/admin/AdminRoutes.tsx(8,37): error TS2307: Cannot find module './Dashboard' or its corresponding type declarations.
[21:51:30.065] src/pages/admin/AdminRoutes.tsx(18,36): error TS2307: Cannot find module './Settings' or its corresponding type declarations.
[21:51:30.065] src/pages/admin/AdminRoutes.tsx(21,47): error TS2307: Cannot find module './appwrite-integration' or its corresponding type declarations.
[21:51:30.065] src/pages/admin/AdminRoutes.tsx(51,24): error TS2322: Type '{ children: Element; requiredRole: string; }' is not assignable to type 'IntrinsicAttributes & AdminLayoutProps'.
[21:51:30.065]   Property 'requiredRole' does not exist on type 'IntrinsicAttributes & AdminLayoutProps'.
[21:51:30.067] src/pages/admin/AdminRoutes.tsx(61,24): error TS2322: Type '{ children: Element; requiredRole: string; }' is not assignable to type 'IntrinsicAttributes & AdminLayoutProps'.
[21:51:30.067]   Property 'requiredRole' does not exist on type 'IntrinsicAttributes & AdminLayoutProps'.
[21:51:30.067] src/pages/admin/AdminRoutes.tsx(72,28): error TS2322: Type '{ children: Element; requiredRole: string; }' is not assignable to type 'IntrinsicAttributes & AdminLayoutProps'.
[21:51:30.067]   Property 'requiredRole' does not exist on type 'IntrinsicAttributes & AdminLayoutProps'.
[21:51:30.067] src/pages/admin/AdminRoutes.tsx(80,26): error TS2322: Type '{ children: Element; requiredRole: string; }' is not assignable to type 'IntrinsicAttributes & AdminLayoutProps'.
[21:51:30.067]   Property 'requiredRole' does not exist on type 'IntrinsicAttributes & AdminLayoutProps'.
[21:51:30.067] src/pages/admin/AdminRoutes.tsx(88,26): error TS2322: Type '{ children: Element; requiredRole: string; }' is not assignable to type 'IntrinsicAttributes & AdminLayoutProps'.
[21:51:30.067]   Property 'requiredRole' does not exist on type 'IntrinsicAttributes & AdminLayoutProps'.
[21:51:30.067] src/pages/admin/AdminRoutes.tsx(96,26): error TS2322: Type '{ children: Element; requiredRole: string; }' is not assignable to type 'IntrinsicAttributes & AdminLayoutProps'.
[21:51:30.067]   Property 'requiredRole' does not exist on type 'IntrinsicAttributes & AdminLayoutProps'.
[21:51:30.067] src/pages/admin/AdminRoutes.tsx(104,26): error TS2322: Type '{ children: Element; requiredRole: string; }' is not assignable to type 'IntrinsicAttributes & AdminLayoutProps'.
[21:51:30.067]   Property 'requiredRole' does not exist on type 'IntrinsicAttributes & AdminLayoutProps'.
[21:51:30.067] src/pages/admin/AdminRoutes.tsx(112,26): error TS2322: Type '{ children: Element; requiredRole: string; }' is not assignable to type 'IntrinsicAttributes & AdminLayoutProps'.
[21:51:30.067]   Property 'requiredRole' does not exist on type 'IntrinsicAttributes & AdminLayoutProps'.
[21:51:30.067] src/pages/admin/AdminRoutes.tsx(120,28): error TS2322: Type '{ children: Element; requiredRole: string; }' is not assignable to type 'IntrinsicAttributes & AdminLayoutProps'.
[21:51:30.067]   Property 'requiredRole' does not exist on type 'IntrinsicAttributes & AdminLayoutProps'.
[21:51:30.067] src/pages/admin/AdminRoutes.tsx(132,26): error TS2322: Type '{ children: Element; requiredRole: string; }' is not assignable to type 'IntrinsicAttributes & AdminLayoutProps'.
[21:51:30.067]   Property 'requiredRole' does not exist on type 'IntrinsicAttributes & AdminLayoutProps'.
[21:51:30.067] src/pages/admin/AdminRoutes.tsx(140,26): error TS2322: Type '{ children: Element; requiredRole: string; }' is not assignable to type 'IntrinsicAttributes & AdminLayoutProps'.
[21:51:30.068]   Property 'requiredRole' does not exist on type 'IntrinsicAttributes & AdminLayoutProps'.
[21:51:30.068] src/pages/admin/AdminRoutes.tsx(141,31): error TS2322: Type '{ initialTab: string; }' is not assignable to type 'IntrinsicAttributes'.
[21:51:30.068]   Property 'initialTab' does not exist on type 'IntrinsicAttributes'.
[21:51:30.068] src/pages/admin/AdminRoutes.tsx(151,24): error TS2322: Type '{ children: Element; requiredRole: string; }' is not assignable to type 'IntrinsicAttributes & AdminLayoutProps'.
[21:51:30.068]   Property 'requiredRole' does not exist on type 'IntrinsicAttributes & AdminLayoutProps'.
[21:51:30.068] src/pages/admin/AdminRoutes.tsx(161,24): error TS2322: Type '{ children: Element; requiredRole: string; }' is not assignable to type 'IntrinsicAttributes & AdminLayoutProps'.
[21:51:30.068]   Property 'requiredRole' does not exist on type 'IntrinsicAttributes & AdminLayoutProps'.
[21:51:30.068] src/pages/admin/AdminRoutes.tsx(171,24): error TS2322: Type '{ children: Element; requiredRole: string; }' is not assignable to type 'IntrinsicAttributes & AdminLayoutProps'.
[21:51:30.068]   Property 'requiredRole' does not exist on type 'IntrinsicAttributes & AdminLayoutProps'.
[21:51:30.068] src/pages/admin/AdminRoutes.tsx(181,24): error TS2322: Type '{ children: Element; requiredRole: string; }' is not assignable to type 'IntrinsicAttributes & AdminLayoutProps'.
[21:51:30.068]   Property 'requiredRole' does not exist on type 'IntrinsicAttributes & AdminLayoutProps'.
[21:51:30.068] src/pages/admin/AdminRoutes.tsx(191,24): error TS2322: Type '{ children: Element; requiredRole: string; }' is not assignable to type 'IntrinsicAttributes & AdminLayoutProps'.
[21:51:30.068]   Property 'requiredRole' does not exist on type 'IntrinsicAttributes & AdminLayoutProps'.
[21:51:30.068] src/pages/admin/AdminRoutes.tsx(201,24): error TS2322: Type '{ children: Element; requiredRole: string; }' is not assignable to type 'IntrinsicAttributes & AdminLayoutProps'.
[21:51:30.068]   Property 'requiredRole' does not exist on type 'IntrinsicAttributes & AdminLayoutProps'.
[21:51:30.068] src/pages/admin/AdminRoutes.tsx(211,24): error TS2322: Type '{ children: Element; requiredRole: string; }' is not assignable to type 'IntrinsicAttributes & AdminLayoutProps'.
[21:51:30.068]   Property 'requiredRole' does not exist on type 'IntrinsicAttributes & AdminLayoutProps'.
[21:51:30.068] src/pages/admin/Analytics.tsx(20,89): error TS2307: Cannot find module '@/lib/appwriteClient' or its corresponding type declarations.
[21:51:30.068] src/pages/admin/Analytics.tsx(191,57): error TS7006: Parameter 'sum' implicitly has an 'any' type.
[21:51:30.068] src/pages/admin/Analytics.tsx(191,62): error TS7006: Parameter 'post' implicitly has an 'any' type.
[21:51:30.068] src/pages/admin/Analytics.tsx(221,41): error TS7006: Parameter 'view' implicitly has an 'any' type.
[21:51:30.069] src/pages/admin/Analytics.tsx(235,67): error TS7006: Parameter 'sum' implicitly has an 'any' type.
[21:51:30.069] src/pages/admin/Analytics.tsx(235,72): error TS7006: Parameter 'doc' implicitly has an 'any' type.
[21:51:30.069] src/pages/admin/Analytics.tsx(236,76): error TS7006: Parameter 'sum' implicitly has an 'any' type.
[21:51:30.069] src/pages/admin/Analytics.tsx(236,81): error TS7006: Parameter 'doc' implicitly has an 'any' type.
[21:51:30.069] src/pages/admin/Analytics.tsx(264,52): error TS7006: Parameter 'post' implicitly has an 'any' type.
[21:51:30.069] src/pages/admin/Categories.tsx(14,73): error TS2307: Cannot find module '@/lib/appwriteClient' or its corresponding type declarations.
[21:51:30.069] src/pages/admin/Categories.tsx(16,20): error TS2307: Cannot find module 'appwrite' or its corresponding type declarations.
[21:51:30.069] src/pages/admin/Categories.tsx(78,77): error TS7006: Parameter 'doc' implicitly has an 'any' type.
[21:51:30.069] src/pages/admin/Comments.tsx(22,24): error TS2305: Module '"@/services/adminService"' has no exported member 'DashboardComment'.
[21:51:30.069] src/pages/admin/Comments.tsx(51,52): error TS2339: Property 'fetchPendingComments' does not exist on type '{ getPosts(): Promise<any>; getPostById(id: string): Promise<{ id: any; title: any; slug: any; excerpt: any; content: any; contentBlocks: any; author: { id: any; name: any; avatar: any; }; service: any; ... 15 more ...; stats: { ...; }; } | null>; ... 18 more ...; updateSettings(generalSettings: Partial<...>, seoSet...'.
[21:51:30.069] src/pages/admin/Comments.tsx(56,34): error TS7006: Parameter 'comment' implicitly has an 'any' type.
[21:51:30.069] src/pages/admin/Comments.tsx(62,34): error TS7006: Parameter 'comment' implicitly has an 'any' type.
[21:51:30.069] src/pages/admin/Comments.tsx(88,53): error TS2339: Property 'status' does not exist on type 'ExtendedComment'.
[21:51:30.069] src/pages/admin/Comments.tsx(96,19): error TS2339: Property 'content' does not exist on type 'ExtendedComment'.
[21:51:30.069] src/pages/admin/Comments.tsx(97,19): error TS2339: Property 'author' does not exist on type 'ExtendedComment'.
[21:51:30.069] src/pages/admin/Comments.tsx(98,19): error TS2339: Property 'postTitle' does not exist on type 'ExtendedComment'.
[21:51:30.069] src/pages/admin/Comments.tsx(104,32): error TS2339: Property 'createdAt' does not exist on type 'ExtendedComment'.
[21:51:30.069] src/pages/admin/Comments.tsx(105,32): error TS2339: Property 'createdAt' does not exist on type 'ExtendedComment'.
[21:51:30.069] src/pages/admin/Comments.tsx(155,68): error TS2339: Property 'id' does not exist on type 'ExtendedComment'.
[21:51:30.069] src/pages/admin/Comments.tsx(196,21): error TS2339: Property 'id' does not exist on type 'ExtendedComment'.
[21:51:30.069] src/pages/admin/Comments.tsx(196,44): error TS2339: Property 'id' does not exist on type 'ExtendedComment'.
[21:51:30.070] src/pages/admin/Comments.tsx(203,21): error TS2339: Property 'id' does not exist on type 'ExtendedComment'.
[21:51:30.070] src/pages/admin/Comments.tsx(203,44): error TS2339: Property 'id' does not exist on type 'ExtendedComment'.
[21:51:30.070] src/pages/admin/Comments.tsx(210,21): error TS2339: Property 'id' does not exist on type 'ExtendedComment'.
[21:51:30.070] src/pages/admin/Comments.tsx(210,44): error TS2339: Property 'id' does not exist on type 'ExtendedComment'.
[21:51:30.070] src/pages/admin/Comments.tsx(231,47): error TS2339: Property 'id' does not exist on type 'ExtendedComment'.
[21:51:30.071] src/pages/admin/Comments.tsx(238,47): error TS2339: Property 'id' does not exist on type 'ExtendedComment'.
[21:51:30.071] src/pages/admin/Comments.tsx(245,48): error TS2339: Property 'id' does not exist on type 'ExtendedComment'.
[21:51:30.071] src/pages/admin/Comments.tsx(459,38): error TS2339: Property 'id' does not exist on type 'ExtendedComment'.
[21:51:30.071] src/pages/admin/Comments.tsx(465,72): error TS2339: Property 'id' does not exist on type 'ExtendedComment'.
[21:51:30.071] src/pages/admin/Comments.tsx(466,73): error TS2339: Property 'id' does not exist on type 'ExtendedComment'.
[21:51:30.071] src/pages/admin/Comments.tsx(467,75): error TS2339: Property 'id' does not exist on type 'ExtendedComment'.
[21:51:30.071] src/pages/admin/Comments.tsx(467,112): error TS2339: Property 'author' does not exist on type 'ExtendedComment'.
[21:51:30.071] src/pages/admin/Comments.tsx(467,157): error TS2339: Property 'author' does not exist on type 'ExtendedComment'.
[21:51:30.071] src/pages/admin/Comments.tsx(474,42): error TS2339: Property 'author' does not exist on type 'ExtendedComment'.
[21:51:30.074] src/pages/admin/Comments.tsx(475,42): error TS2339: Property 'author' does not exist on type 'ExtendedComment'.
[21:51:30.074] src/pages/admin/Comments.tsx(479,81): error TS2339: Property 'author' does not exist on type 'ExtendedComment'.
[21:51:30.074] src/pages/admin/Comments.tsx(480,93): error TS2339: Property 'content' does not exist on type 'ExtendedComment'.
[21:51:30.075] src/pages/admin/Comments.tsx(485,98): error TS2339: Property 'postTitle' does not exist on type 'ExtendedComment'.
[21:51:30.075] src/pages/admin/Comments.tsx(488,156): error TS2339: Property 'status' does not exist on type 'ExtendedComment'.
[21:51:30.075] src/pages/admin/Comments.tsx(489,36): error TS2339: Property 'status' does not exist on type 'ExtendedComment'.
[21:51:30.075] src/pages/admin/Comments.tsx(493,45): error TS2339: Property 'createdAt' does not exist on type 'ExtendedComment'.
[21:51:30.075] src/pages/admin/Comments.tsx(497,36): error TS2339: Property 'status' does not exist on type 'ExtendedComment'.
[21:51:30.075] src/pages/admin/Comments.tsx(500,68): error TS2339: Property 'author' does not exist on type 'ExtendedComment'.
[21:51:30.075] src/pages/admin/Comments.tsx(506,36): error TS2339: Property 'status' does not exist on type 'ExtendedComment'.
[21:51:30.075] src/pages/admin/Comments.tsx(509,67): error TS2339: Property 'author' does not exist on type 'ExtendedComment'.
[21:51:30.075] src/pages/admin/Comments.tsx(517,65): error TS2339: Property 'author' does not exist on type 'ExtendedComment'.
[21:51:30.075] src/pages/admin/Comments.tsx(605,40): error TS2339: Property 'author' does not exist on type 'ExtendedComment'.
[21:51:30.075] src/pages/admin/Comments.tsx(606,40): error TS2339: Property 'author' does not exist on type 'ExtendedComment'.
[21:51:30.075] src/pages/admin/Comments.tsx(610,79): error TS2339: Property 'author' does not exist on type 'ExtendedComment'.
[21:51:30.075] src/pages/admin/Comments.tsx(611,86): error TS2339: Property 'createdAt' does not exist on type 'ExtendedComment'.
[21:51:30.075] src/pages/admin/Comments.tsx(614,61): error TS2339: Property 'content' does not exist on type 'ExtendedComment'.
[21:51:30.075] src/pages/admin/Content.tsx(14,18): error TS2305: Module '"@/components/ui/select"' has no exported member 'SelectContent'.
[21:51:30.075] src/pages/admin/Content.tsx(14,33): error TS2305: Module '"@/components/ui/select"' has no exported member 'SelectItem'.
[21:51:30.075] src/pages/admin/Content.tsx(14,45): error TS2305: Module '"@/components/ui/select"' has no exported member 'SelectTrigger'.
[21:51:30.075] src/pages/admin/Content.tsx(14,60): error TS2305: Module '"@/components/ui/select"' has no exported member 'SelectValue'.
[21:51:30.075] src/pages/admin/Content.tsx(49,21): error TS2339: Property 'isConnected' does not exist on type 'SupabaseContextType'.
[21:51:30.075] src/pages/admin/Content.tsx(393,18): error TS2741: Property 'options' is missing in type '{ children: Element[]; name: string; defaultValue: "article" | "post" | "tutorial"; }' but required in type 'SelectProps'.
[21:51:30.075] src/pages/admin/Content.tsx(407,16): error TS2741: Property 'options' is missing in type '{ children: Element[]; name: string; defaultValue: string; }' but required in type 'SelectProps'.
[21:51:30.076] src/pages/admin/ContentManager.tsx(3,24): error TS2307: Cannot find module '@tinymce/tinymce-react' or its corresponding type declarations.
[21:51:30.076] src/pages/admin/ContentManager.tsx(30,30): error TS2307: Cannot find module '@/components/blog/BlogPostCard' or its corresponding type declarations.
[21:51:30.076] src/pages/admin/ContentManager.tsx(379,40): error TS7006: Parameter 'content' implicitly has an 'any' type.
[21:51:30.076] src/pages/admin/ContentManager.tsx(464,27): error TS2322: Type '"destructive"' is not assignable to type '"default" | "secondary" | "outline" | "ghost" | "link" | null | undefined'.
[21:51:30.076] src/pages/admin/ContentManager.tsx(620,40): error TS7006: Parameter 'content' implicitly has an 'any' type.
[21:51:30.076] src/pages/admin/DashboardRoutes.tsx(6,37): error TS2307: Cannot find module './Dashboard' or its corresponding type declarations.
[21:51:30.076] src/pages/admin/Diagnostics.tsx(8,33): error TS2307: Cannot find module '../../components/DatabaseDiagnostics' or its corresponding type declarations.
[21:51:30.076] src/pages/admin/Diagnostics.tsx(11,30): error TS2307: Cannot find module './AdminDiagnostics' or its corresponding type declarations.
[21:51:30.076] src/pages/admin/Orders.tsx(25,18): error TS2305: Module '"@/components/ui/select"' has no exported member 'SelectContent'.
[21:51:30.076] src/pages/admin/Orders.tsx(25,33): error TS2305: Module '"@/components/ui/select"' has no exported member 'SelectItem'.
[21:51:30.076] src/pages/admin/Orders.tsx(25,45): error TS2305: Module '"@/components/ui/select"' has no exported member 'SelectTrigger'.
[21:51:30.076] src/pages/admin/Orders.tsx(25,60): error TS2305: Module '"@/components/ui/select"' has no exported member 'SelectValue'.
[21:51:30.076] src/pages/admin/Orders.tsx(319,23): error TS2322: Type '{ children: Element[]; value: string | undefined; onValueChange: Dispatch<SetStateAction<string | undefined>>; disabled: boolean; }' is not assignable to type 'IntrinsicAttributes & SelectProps & RefAttributes<HTMLSelectElement>'.
[21:51:30.076]   Property 'onValueChange' does not exist on type 'IntrinsicAttributes & SelectProps & RefAttributes<HTMLSelectElement>'. Did you mean 'onVolumeChange'?
[21:51:30.077] src/pages/admin/Orders.tsx(340,23): error TS2322: Type '{ children: Element[]; value: "pending" | "completed" | "cancelled" | "in_progress" | "revision"; onValueChange: (status: "pending" | "completed" | "cancelled" | "in_progress" | "revision") => Promise<...>; disabled: boolean; }' is not assignable to type 'IntrinsicAttributes & SelectProps & RefAttributes<HTMLSelectElement>'.
[21:51:30.077]   Property 'onValueChange' does not exist on type 'IntrinsicAttributes & SelectProps & RefAttributes<HTMLSelectElement>'. Did you mean 'onVolumeChange'?
[21:51:30.077] src/pages/admin/Orders.tsx(454,25): error TS2322: Type '"destructive"' is not assignable to type '"default" | "secondary" | "outline" | "ghost" | "link" | null | undefined'.
[21:51:30.077] src/pages/admin/Orders.tsx(596,7): error TS2353: Object literal may only specify known properties, and 'accessorKey' does not exist in type 'DataTableColumn<Order>'.
[21:51:30.077] src/pages/admin/Orders.tsx(597,16): error TS7031: Binding element 'row' implicitly has an 'any' type.
[21:51:30.077] src/pages/admin/Orders.tsx(605,7): error TS2353: Object literal may only specify known properties, and 'accessorKey' does not exist in type 'DataTableColumn<Order>'.
[21:51:30.077] src/pages/admin/Orders.tsx(606,16): error TS7031: Binding element 'row' implicitly has an 'any' type.
[21:51:30.077] src/pages/admin/Orders.tsx(614,7): error TS2353: Object literal may only specify known properties, and 'accessorKey' does not exist in type 'DataTableColumn<Order>'.
[21:51:30.077] src/pages/admin/Orders.tsx(615,16): error TS7031: Binding element 'row' implicitly has an 'any' type.
[21:51:30.077] src/pages/admin/Orders.tsx(624,7): error TS2353: Object literal may only specify known properties, and 'accessorKey' does not exist in type 'DataTableColumn<Order>'.
[21:51:30.077] src/pages/admin/Orders.tsx(628,7): error TS2353: Object literal may only specify known properties, and 'accessorKey' does not exist in type 'DataTableColumn<Order>'.
[21:51:30.077] src/pages/admin/Orders.tsx(629,16): error TS7031: Binding element 'row' implicitly has an 'any' type.
[21:51:30.077] src/pages/admin/Orders.tsx(640,7): error TS2353: Object literal may only specify known properties, and 'accessorKey' does not exist in type 'DataTableColumn<Order>'.
[21:51:30.077] src/pages/admin/Orders.tsx(641,16): error TS7031: Binding element 'row' implicitly has an 'any' type.
[21:51:30.077] src/pages/admin/Orders.tsx(652,7): error TS2353: Object literal may only specify known properties, and 'accessorKey' does not exist in type 'DataTableColumn<Order>'.
[21:51:30.077] src/pages/admin/Orders.tsx(653,16): error TS7031: Binding element 'row' implicitly has an 'any' type.
[21:51:30.077] src/pages/admin/Orders.tsx(657,7): error TS2353: Object literal may only specify known properties, and 'accessorKey' does not exist in type 'DataTableColumn<Order>'.
[21:51:30.077] src/pages/admin/Orders.tsx(658,16): error TS7031: Binding element 'row' implicitly has an 'any' type.
[21:51:30.077] src/pages/admin/Orders.tsx(662,7): error TS2353: Object literal may only specify known properties, and 'id' does not exist in type 'DataTableColumn<Order>'.
[21:51:30.077] src/pages/admin/Orders.tsx(663,16): error TS7031: Binding element 'row' implicitly has an 'any' type.
[21:51:30.077] src/pages/admin/Orders.tsx(683,7): error TS2322: Type '{ children: (Element | null)[]; title: string; description: string; loading: boolean; }' is not assignable to type 'IntrinsicAttributes & FormLayoutProps'.
[21:51:30.077]   Property 'loading' does not exist on type 'IntrinsicAttributes & FormLayoutProps'. Did you mean 'isLoading'?
[21:51:30.077] src/pages/admin/Orders.tsx(693,40): error TS2322: Type '{ children: Element[]; value: string; onValueChange: Dispatch<SetStateAction<string>>; }' is not assignable to type 'IntrinsicAttributes & SelectProps & RefAttributes<HTMLSelectElement>'.
[21:51:30.077]   Property 'onValueChange' does not exist on type 'IntrinsicAttributes & SelectProps & RefAttributes<HTMLSelectElement>'. Did you mean 'onVolumeChange'?
[21:51:30.077] src/pages/admin/Orders.tsx(723,9): error TS2322: Type '{ columns: DataTableColumn<Order>[]; data: Order[]; searchKey: string; searchPlaceholder: string; }' is not assignable to type 'IntrinsicAttributes & DataTableProps<Order>'.
[21:51:30.077]   Property 'searchKey' does not exist on type 'IntrinsicAttributes & DataTableProps<Order>'.
[21:51:30.077] src/pages/admin/PostEditor.tsx(5,24): error TS2307: Cannot find module '@tinymce/tinymce-react' or its corresponding type declarations.
[21:51:30.077] src/pages/admin/PostEditor.tsx(325,37): error TS2559: Type 'string[]' has no properties in common with type 'InvalidateQueryFilters<unknown, Error, unknown, readonly unknown[]>'.
[21:51:30.077] src/pages/admin/PostEditor.tsx(528,26): error TS7006: Parameter 'evt' implicitly has an 'any' type.
[21:51:30.077] src/pages/admin/PostEditor.tsx(528,31): error TS7006: Parameter 'editor' implicitly has an 'any' type.
[21:51:30.077] src/pages/admin/PostEditor.tsx(830,52): error TS2339: Property 'updated_at' does not exist on type 'PostData'.
[21:51:30.077] src/pages/admin/Posts.tsx(8,57): error TS2307: Cannot find module '@/components/ui/popover' or its corresponding type declarations.
[21:51:30.078] src/pages/admin/Posts.tsx(20,8): error TS2307: Cannot find module '@/components/ui/alert-dialog' or its corresponding type declarations.
[21:51:30.078] src/pages/admin/Posts.tsx(21,18): error TS2305: Module '"@/components/ui/select"' has no exported member 'SelectContent'.
[21:51:30.078] src/pages/admin/Posts.tsx(21,33): error TS2305: Module '"@/components/ui/select"' has no exported member 'SelectItem'.
[21:51:30.078] src/pages/admin/Posts.tsx(21,45): error TS2305: Module '"@/components/ui/select"' has no exported member 'SelectTrigger'.
[21:51:30.078] src/pages/admin/Posts.tsx(21,60): error TS2305: Module '"@/components/ui/select"' has no exported member 'SelectValue'.
[21:51:30.078] src/pages/admin/Posts.tsx(23,68): error TS2307: Cannot find module '@/services/adminContentService' or its corresponding type declarations.
[21:51:30.078] src/pages/admin/Posts.tsx(321,23): error TS2322: Type '{ children: Element[]; value: any; onValueChange: (value: any) => void; }' is not assignable to type 'IntrinsicAttributes & SelectProps & RefAttributes<HTMLSelectElement>'.
[21:51:30.078]   Property 'onValueChange' does not exist on type 'IntrinsicAttributes & SelectProps & RefAttributes<HTMLSelectElement>'. Did you mean 'onVolumeChange'?
[21:51:30.078] src/pages/admin/Posts.tsx(321,39): error TS7006: Parameter 'value' implicitly has an 'any' type.
[21:51:30.078] src/pages/admin/Posts.tsx(340,23): error TS2322: Type '{ children: Element[]; value: any; onValueChange: (value: any) => void; }' is not assignable to type 'IntrinsicAttributes & SelectProps & RefAttributes<HTMLSelectElement>'.
[21:51:30.078]   Property 'onValueChange' does not exist on type 'IntrinsicAttributes & SelectProps & RefAttributes<HTMLSelectElement>'. Did you mean 'onVolumeChange'?
[21:51:30.078] src/pages/admin/Posts.tsx(340,39): error TS7006: Parameter 'value' implicitly has an 'any' type.
[21:51:30.078] src/pages/admin/Posts.tsx(359,23): error TS2322: Type '{ children: Element[]; value: string; onValueChange: (value: any) => void; }' is not assignable to type 'IntrinsicAttributes & SelectProps & RefAttributes<HTMLSelectElement>'.
[21:51:30.078]   Property 'onValueChange' does not exist on type 'IntrinsicAttributes & SelectProps & RefAttributes<HTMLSelectElement>'. Did you mean 'onVolumeChange'?
[21:51:30.078] src/pages/admin/Posts.tsx(359,39): error TS7006: Parameter 'value' implicitly has an 'any' type.
[21:51:30.078] src/pages/admin/Posts.tsx(406,13): error TS2353: Object literal may only specify known properties, and 'page' does not exist in type 'PaginationProps'.
[21:51:30.078] src/pages/admin/Services.tsx(31,21): error TS2339: Property 'isConnected' does not exist on type 'SupabaseContextType'.
[21:51:30.078] src/pages/admin/Tags.tsx(15,67): error TS2307: Cannot find module '@/lib/appwriteClient' or its corresponding type declarations.
[21:51:30.078] src/pages/admin/Tags.tsx(17,20): error TS2307: Cannot find module 'appwrite' or its corresponding type declarations.
[21:51:30.078] src/pages/admin/Tags.tsx(66,59): error TS7006: Parameter 'doc' implicitly has an 'any' type.
[21:51:30.078] src/pages/admin/analytics/AnalyticsDashboard.tsx(5,27): error TS2307: Cannot find module '@/components/Skeletons/TableSkeleton' or its corresponding type declarations.
[21:51:30.078] src/pages/admin/analytics/AnalyticsDashboard.tsx(6,27): error TS2307: Cannot find module '@/components/Common/ErrorBoundary' or its corresponding type declarations.
[21:51:30.078] src/pages/admin/analytics/AnalyticsDashboard.tsx(7,29): error TS2307: Cannot find module '@/hooks/useDebounce' or its corresponding type declarations.
[21:51:30.078] src/pages/admin/analytics/AnalyticsDashboard.tsx(22,25): error TS2339: Property 'totalUsers' does not exist on type 'Analytics'.
[21:51:30.078] src/pages/admin/analytics/AnalyticsDashboard.tsx(24,27): error TS2339: Property 'userGrowth' does not exist on type 'Analytics'.
[21:51:30.078] src/pages/admin/analytics/AnalyticsDashboard.tsx(25,31): error TS2339: Property 'userGrowth' does not exist on type 'Analytics'.
[21:51:30.078] src/pages/admin/analytics/AnalyticsDashboard.tsx(26,46): error TS2339: Property 'totalUsers' does not exist on type 'Analytics'.
[21:51:30.078] src/pages/admin/analytics/AnalyticsDashboard.tsx(26,79): error TS2339: Property 'userGrowth' does not exist on type 'Analytics'.
[21:51:30.078] src/pages/admin/analytics/AnalyticsDashboard.tsx(30,25): error TS2551: Property 'totalPosts' does not exist on type 'Analytics'. Did you mean 'topPosts'?
[21:51:30.078] src/pages/admin/analytics/AnalyticsDashboard.tsx(32,27): error TS2339: Property 'postGrowth' does not exist on type 'Analytics'.
[21:51:30.078] src/pages/admin/analytics/AnalyticsDashboard.tsx(33,31): error TS2339: Property 'postGrowth' does not exist on type 'Analytics'.
[21:51:30.078] src/pages/admin/analytics/AnalyticsDashboard.tsx(34,46): error TS2551: Property 'totalPosts' does not exist on type 'Analytics'. Did you mean 'topPosts'?
[21:51:30.078] src/pages/admin/analytics/AnalyticsDashboard.tsx(34,79): error TS2339: Property 'postGrowth' does not exist on type 'Analytics'.
[21:51:30.078] src/pages/admin/analytics/AnalyticsDashboard.tsx(38,25): error TS2339: Property 'pageViews' does not exist on type 'Analytics'.
[21:51:30.078] src/pages/admin/analytics/AnalyticsDashboard.tsx(40,27): error TS2339: Property 'viewGrowth' does not exist on type 'Analytics'.
[21:51:30.079] src/pages/admin/analytics/AnalyticsDashboard.tsx(41,31): error TS2339: Property 'viewGrowth' does not exist on type 'Analytics'.
[21:51:30.079] src/pages/admin/analytics/AnalyticsDashboard.tsx(42,45): error TS2339: Property 'pageViews' does not exist on type 'Analytics'.
[21:51:30.079] src/pages/admin/analytics/AnalyticsDashboard.tsx(42,77): error TS2339: Property 'viewGrowth' does not exist on type 'Analytics'.
[21:51:30.079] src/pages/admin/analytics/AnalyticsDashboard.tsx(46,28): error TS2339: Property 'conversionRate' does not exist on type 'Analytics'.
[21:51:30.079] src/pages/admin/analytics/AnalyticsDashboard.tsx(48,27): error TS2339: Property 'conversionGrowth' does not exist on type 'Analytics'.
[21:51:30.079] src/pages/admin/analytics/AnalyticsDashboard.tsx(49,31): error TS2339: Property 'conversionGrowth' does not exist on type 'Analytics'.
[21:51:30.079] src/pages/admin/analytics/AnalyticsDashboard.tsx(50,50): error TS2339: Property 'conversionRate' does not exist on type 'Analytics'.
[21:51:30.079] src/pages/admin/analytics/AnalyticsDashboard.tsx(50,88): error TS2339: Property 'conversionGrowth' does not exist on type 'Analytics'.
[21:51:30.079] src/pages/admin/analytics/AnalyticsDashboard.tsx(60,42): error TS2339: Property 'fetchAnalytics' does not exist on type 'DatabaseService'.
[21:51:30.079] src/pages/admin/analytics/AnalyticsDashboard.tsx(87,37): error TS2339: Property 'supabase' does not exist on type 'DatabaseService'.
[21:51:30.079] src/pages/admin/analytics/AnalyticsDashboard.tsx(101,23): error TS2339: Property 'supabase' does not exist on type 'DatabaseService'.
[21:51:30.079] src/pages/admin/analytics/AnalyticsDashboard.tsx(231,30): error TS2339: Property 'popularPosts' does not exist on type 'Analytics'.
[21:51:30.079] src/pages/admin/analytics/AnalyticsDashboard.tsx(231,48): error TS7006: Parameter 'post' implicitly has an 'any' type.
[21:51:30.079] src/pages/admin/analytics/AnalyticsDashboard.tsx(255,30): error TS2339: Property 'userActivity' does not exist on type 'Analytics'.
[21:51:30.079] src/pages/admin/analytics/AnalyticsDashboard.tsx(255,48): error TS7006: Parameter 'activity' implicitly has an 'any' type.
[21:51:30.079] src/pages/admin/analytics/AnalyticsDashboard.tsx(291,28): error TS2339: Property 'trafficSources' does not exist on type 'Analytics'.
[21:51:30.079] src/pages/admin/analytics/AnalyticsDashboard.tsx(291,48): error TS7006: Parameter 'source' implicitly has an 'any' type.
[21:51:30.079] src/pages/admin/analytics/AnalyticsDashboard.tsx(291,56): error TS7006: Parameter 'index' implicitly has an 'any' type.
[21:51:30.079] src/pages/admin/content/ContentList.tsx(69,11): error TS2353: Object literal may only specify known properties, and 'sortBy' does not exist in type '{ page?: number | undefined; limit?: number | undefined; service?: string | undefined; category?: string | undefined; status?: string | undefined; search?: string | undefined; }'.
[21:51:30.079] src/pages/admin/content/PostEditor.test.tsx(2,52): error TS2307: Cannot find module '@testing-library/react' or its corresponding type declarations.
[21:51:30.079] src/pages/admin/content/PostEditor.test.tsx(34,3): error TS2353: Object literal may only specify known properties, and 'meta_title' does not exist in type 'Post'.
[21:51:30.079] src/pages/admin/content/PostEditor.test.tsx(42,3): error TS2739: Type '{ id: string; name: string; }' is missing the following properties from type 'Tag': slug, count
[21:51:30.079] src/pages/admin/content/PostEditor.test.tsx(43,3): error TS2739: Type '{ id: string; name: string; }' is missing the following properties from type 'Tag': slug, count
[21:51:30.079] src/pages/admin/content/PostEditor.test.tsx(62,22): error TS2339: Property 'fetchTags' does not exist on type 'DatabaseService'.
[21:51:30.079] src/pages/admin/content/PostEditor.test.tsx(77,58): error TS2339: Property 'toHaveValue' does not exist on type 'JestMatchers<any>'.
[21:51:30.079] src/pages/admin/content/PostEditor.test.tsx(78,44): error TS2339: Property 'toHaveValue' does not exist on type 'JestMatchers<any>'.
[21:51:30.079] src/pages/admin/content/PostEditor.test.tsx(91,57): error TS2339: Property 'toHaveValue' does not exist on type 'JestMatchers<any>'.
[21:51:30.079] src/pages/admin/content/PostEditor.test.tsx(105,56): error TS2339: Property 'toBeInTheDocument' does not exist on type 'JestMatchers<any>'.
[21:51:30.079] src/pages/admin/content/PostEditor.test.tsx(106,58): error TS2339: Property 'toBeInTheDocument' does not exist on type 'JestMatchers<any>'.
[21:51:30.079] src/pages/admin/content/PostEditor.test.tsx(111,24): error TS2339: Property 'createPost' does not exist on type 'DatabaseService'.
[21:51:30.079] src/pages/admin/content/PostEditor.test.tsx(135,32): error TS2339: Property 'createPost' does not exist on type 'DatabaseService'.
[21:51:30.079] src/pages/admin/content/PostEditor.test.tsx(145,24): error TS2339: Property 'fetchPost' does not exist on type 'DatabaseService'.
[21:51:30.079] src/pages/admin/content/PostEditor.test.tsx(156,60): error TS2339: Property 'toHaveValue' does not exist on type 'JestMatchers<any>'.
[21:51:30.080] src/pages/admin/content/PostEditor.test.tsx(157,59): error TS2339: Property 'toHaveValue' does not exist on type 'JestMatchers<any>'.
[21:51:30.080] src/pages/admin/content/PostEditor.test.tsx(162,24): error TS2339: Property 'fetchPost' does not exist on type 'DatabaseService'.
[21:51:30.080] src/pages/admin/content/PostEditor.test.tsx(177,24): error TS2339: Property 'updatePost' does not exist on type 'DatabaseService'.
[21:51:30.080] src/pages/admin/content/PostEditor.test.tsx(186,60): error TS2339: Property 'toHaveValue' does not exist on type 'JestMatchers<any>'.
[21:51:30.080] src/pages/admin/content/PostEditor.test.tsx(199,32): error TS2339: Property 'updatePost' does not exist on type 'DatabaseService'.
[21:51:30.080] src/pages/admin/content/PostEditor.test.tsx(207,24): error TS2339: Property 'updatePost' does not exist on type 'DatabaseService'.
[21:51:30.080] src/pages/admin/content/PostEditor.test.tsx(216,60): error TS2339: Property 'toHaveValue' does not exist on type 'JestMatchers<any>'.
[21:51:30.080] src/pages/admin/content/PostEditor.test.tsx(233,24): error TS2339: Property 'uploadImage' does not exist on type 'DatabaseService'.
[21:51:30.080] src/pages/admin/content/PostEditor.test.tsx(245,32): error TS2339: Property 'uploadImage' does not exist on type 'DatabaseService'.
[21:51:30.080] src/pages/admin/content/PostEditor.test.tsx(253,24): error TS2339: Property 'uploadImage' does not exist on type 'DatabaseService'.
[21:51:30.080] src/pages/admin/content/PostEditor.test.tsx(287,88): error TS2339: Property 'toBeInTheDocument' does not exist on type 'JestMatchers<any>'.
[21:51:30.080] src/pages/admin/content/PostEditor.test.tsx(303,24): error TS2339: Property 'updatePost' does not exist on type 'DatabaseService'.
[21:51:30.093] src/pages/admin/content/PostEditor.test.tsx(313,60): error TS2339: Property 'toHaveValue' does not exist on type 'JestMatchers<any>'.
[21:51:30.094] src/pages/admin/content/PostEditor.test.tsx(325,32): error TS2339: Property 'updatePost' does not exist on type 'DatabaseService'.
[21:51:30.094] src/pages/admin/content/PostEditor.test.tsx(332,24): error TS2339: Property 'updatePost' does not exist on type 'DatabaseService'.
[21:51:30.095] src/pages/admin/content/PostEditor.test.tsx(342,60): error TS2339: Property 'toHaveValue' does not exist on type 'JestMatchers<any>'.
[21:51:30.099] src/pages/admin/content/PostEditor.tsx(3,54): error TS2307: Cannot find module '@/services/adminContentService' or its corresponding type declarations.
[21:51:30.099] src/pages/admin/content/PostEditor.tsx(26,3): error TS2305: Module '"@/components/ui/select"' has no exported member 'SelectContent'.
[21:51:30.099] src/pages/admin/content/PostEditor.tsx(27,3): error TS2724: '"@/components/ui/select"' has no exported member named 'SelectGroup'. Did you mean 'SelectProps'?
[21:51:30.099] src/pages/admin/content/PostEditor.tsx(28,3): error TS2305: Module '"@/components/ui/select"' has no exported member 'SelectItem'.
[21:51:30.099] src/pages/admin/content/PostEditor.tsx(29,3): error TS2305: Module '"@/components/ui/select"' has no exported member 'SelectLabel'.
[21:51:30.099] src/pages/admin/content/PostEditor.tsx(30,3): error TS2305: Module '"@/components/ui/select"' has no exported member 'SelectTrigger'.
[21:51:30.099] src/pages/admin/content/PostEditor.tsx(31,3): error TS2305: Module '"@/components/ui/select"' has no exported member 'SelectValue'.
[21:51:30.099] src/pages/admin/content/PostEditor.tsx(33,57): error TS2307: Cannot find module '@/components/ui/popover' or its corresponding type declarations.
[21:51:30.099] src/pages/admin/content/PostEditor.tsx(166,13): error TS7006: Parameter 'prev' implicitly has an 'any' type.
[21:51:30.099] src/pages/admin/content/PostEditor.tsx(212,15): error TS7006: Parameter 'prev' implicitly has an 'any' type.
[21:51:30.099] src/pages/admin/content/PostEditor.tsx(221,13): error TS7006: Parameter 'prev' implicitly has an 'any' type.
[21:51:30.099] src/pages/admin/content/PostEditor.tsx(223,31): error TS7006: Parameter 't' implicitly has an 'any' type.
[21:51:30.099] src/pages/admin/content/PostEditor.tsx(230,15): error TS7006: Parameter 'prev' implicitly has an 'any' type.
[21:51:30.099] src/pages/admin/content/PostEditor.tsx(239,13): error TS7006: Parameter 'prev' implicitly has an 'any' type.
[21:51:30.099] src/pages/admin/content/PostEditor.tsx(241,45): error TS7006: Parameter 'k' implicitly has an 'any' type.
[21:51:30.099] src/pages/admin/content/PostEditor.tsx(247,13): error TS7006: Parameter 'prev' implicitly has an 'any' type.
[21:51:30.099] src/pages/admin/content/PostEditor.tsx(402,50): error TS7006: Parameter 'prev' implicitly has an 'any' type.
[21:51:30.099] src/pages/admin/content/PostEditor.tsx(413,50): error TS7006: Parameter 'prev' implicitly has an 'any' type.
[21:51:30.099] src/pages/admin/content/PostEditor.tsx(422,27): error TS2322: Type '{ value: any; onChange: (value: string) => void; placeholder: string; }' is not assignable to type 'IntrinsicAttributes & RichTextEditorProps'.
[21:51:30.099]   Property 'value' does not exist on type 'IntrinsicAttributes & RichTextEditorProps'.
[21:51:30.099] src/pages/admin/content/PostEditor.tsx(423,56): error TS7006: Parameter 'prev' implicitly has an 'any' type.
[21:51:30.099] src/pages/admin/content/PostEditor.tsx(442,31): error TS2322: Type '"destructive"' is not assignable to type '"default" | "secondary" | "outline" | "ghost" | "link" | null | undefined'.
[21:51:30.099] src/pages/admin/content/PostEditor.tsx(445,54): error TS7006: Parameter 'prev' implicitly has an 'any' type.
[21:51:30.099] src/pages/admin/content/PostEditor.tsx(468,25): error TS2322: Type '{ children: Element[]; value: any; onValueChange: (value: any) => void; }' is not assignable to type 'IntrinsicAttributes & SelectProps & RefAttributes<HTMLSelectElement>'.
[21:51:30.099]   Property 'onValueChange' does not exist on type 'IntrinsicAttributes & SelectProps & RefAttributes<HTMLSelectElement>'. Did you mean 'onVolumeChange'?
[21:51:30.099] src/pages/admin/content/PostEditor.tsx(468,41): error TS7006: Parameter 'value' implicitly has an 'any' type.
[21:51:30.099] src/pages/admin/content/PostEditor.tsx(468,59): error TS7006: Parameter 'prev' implicitly has an 'any' type.
[21:51:30.100] src/pages/admin/content/PostEditor.tsx(488,52): error TS7006: Parameter 'prev' implicitly has an 'any' type.
[21:51:30.100] src/pages/admin/content/PostEditor.tsx(502,50): error TS7006: Parameter 'prev' implicitly has an 'any' type.
[21:51:30.100] src/pages/admin/content/PostEditor.tsx(516,50): error TS7006: Parameter 'prev' implicitly has an 'any' type.
[21:51:30.100] src/pages/admin/content/PostEditor.tsx(550,50): error TS7006: Parameter 'keyword' implicitly has an 'any' type.
[21:51:30.100] src/pages/admin/content/PostEditor.tsx(550,59): error TS7006: Parameter 'index' implicitly has an 'any' type.
[21:51:30.100] src/pages/admin/content/PostEditor.tsx(582,25): error TS2322: Type '{ children: Element[]; value: any; onValueChange: (value: any) => void; }' is not assignable to type 'IntrinsicAttributes & SelectProps & RefAttributes<HTMLSelectElement>'.
[21:51:30.100]   Property 'onValueChange' does not exist on type 'IntrinsicAttributes & SelectProps & RefAttributes<HTMLSelectElement>'. Did you mean 'onVolumeChange'?
[21:51:30.100] src/pages/admin/content/PostEditor.tsx(582,41): error TS7006: Parameter 'value' implicitly has an 'any' type.
[21:51:30.100] src/pages/admin/content/PostEditor.tsx(582,59): error TS7006: Parameter 'prev' implicitly has an 'any' type.
[21:51:30.100] src/pages/admin/content/PostEditor.tsx(603,52): error TS7006: Parameter 'prev' implicitly has an 'any' type.
[21:51:30.101] src/pages/admin/content/PostEditor.tsx(617,63): error TS7006: Parameter 'prev' implicitly has an 'any' type.
[21:51:30.101] src/pages/admin/content/PostEditor.tsx(631,25): error TS2322: Type '{ children: Element[]; value: any; onValueChange: (value: any) => void; }' is not assignable to type 'IntrinsicAttributes & SelectProps & RefAttributes<HTMLSelectElement>'.
[21:51:30.102]   Property 'onValueChange' does not exist on type 'IntrinsicAttributes & SelectProps & RefAttributes<HTMLSelectElement>'. Did you mean 'onVolumeChange'?
[21:51:30.102] src/pages/admin/content/PostEditor.tsx(631,41): error TS7006: Parameter 'value' implicitly has an 'any' type.
[21:51:30.102] src/pages/admin/content/PostEditor.tsx(631,59): error TS7006: Parameter 'prev' implicitly has an 'any' type.
[21:51:30.102] src/pages/admin/content/PostEditor.tsx(650,25): error TS2322: Type '{ children: Element[]; value: any; onValueChange: (value: any) => void; disabled: boolean; }' is not assignable to type 'IntrinsicAttributes & SelectProps & RefAttributes<HTMLSelectElement>'.
[21:51:30.102]   Property 'onValueChange' does not exist on type 'IntrinsicAttributes & SelectProps & RefAttributes<HTMLSelectElement>'. Did you mean 'onVolumeChange'?
[21:51:30.102] src/pages/admin/content/PostEditor.tsx(650,41): error TS7006: Parameter 'value' implicitly has an 'any' type.
[21:51:30.102] src/pages/admin/content/PostEditor.tsx(650,59): error TS7006: Parameter 'prev' implicitly has an 'any' type.
[21:51:30.102] src/pages/admin/content/PostEditor.tsx(698,43): error TS7006: Parameter 'tag' implicitly has an 'any' type.
[21:51:30.102] src/pages/admin/content/PostEditor.tsx(698,48): error TS7006: Parameter 'index' implicitly has an 'any' type.
[21:51:30.102] src/pages/admin/content/PostEditor.tsx(767,31): error TS2322: Type '(mediaUrl: string) => void' is not assignable to type '(media: { url: string; type: string; id: string; }) => void'.
[21:51:30.102]   Types of parameters 'mediaUrl' and 'media' are incompatible.
[21:51:30.102]     Type '{ url: string; type: string; id: string; }' is not assignable to type 'string'.
[21:51:30.102] src/pages/admin/content/PostsList.test.tsx(2,52): error TS2307: Cannot find module '@testing-library/react' or its corresponding type declarations.
[21:51:30.102] src/pages/admin/content/PostsList.test.tsx(26,3): error TS2740: Type '{ id: string; title: string; slug: string; content: string; status: "published"; author: { id: string; name: string; avatar: string; }; createdAt: string; updatedAt: string; tags: never[]; }' is missing the following properties from type 'Post': excerpt, service, category, publishedAt, and 2 more.
[21:51:30.102] src/pages/admin/content/PostsList.test.tsx(41,3): error TS2740: Type '{ id: string; title: string; slug: string; content: string; status: "draft"; author: { id: string; name: string; avatar: string; }; createdAt: string; updatedAt: string; tags: never[]; }' is missing the following properties from type 'Post': excerpt, service, category, publishedAt, and 2 more.
[21:51:30.102] src/pages/admin/content/PostsList.test.tsx(70,22): error TS2339: Property 'fetchPosts' does not exist on type 'DatabaseService'.
[21:51:30.102] src/pages/admin/content/PostsList.test.tsx(83,42): error TS2339: Property 'toBeInTheDocument' does not exist on type 'JestMatchers<any>'.
[21:51:30.102] src/pages/admin/content/PostsList.test.tsx(94,47): error TS2339: Property 'toBeInTheDocument' does not exist on type 'JestMatchers<any>'.
[21:51:30.102] src/pages/admin/content/PostsList.test.tsx(95,47): error TS2339: Property 'toBeInTheDocument' does not exist on type 'JestMatchers<any>'.
[21:51:30.102] src/pages/admin/content/PostsList.test.tsx(108,47): error TS2339: Property 'toBeInTheDocument' does not exist on type 'JestMatchers<any>'.
[21:51:30.102] src/pages/admin/content/PostsList.test.tsx(117,30): error TS2339: Property 'fetchPosts' does not exist on type 'DatabaseService'.
[21:51:30.102] src/pages/admin/content/PostsList.test.tsx(134,47): error TS2339: Property 'toBeInTheDocument' does not exist on type 'JestMatchers<any>'.
[21:51:30.102] src/pages/admin/content/PostsList.test.tsx(143,30): error TS2339: Property 'fetchPosts' does not exist on type 'DatabaseService'.
[21:51:30.102] src/pages/admin/content/PostsList.test.tsx(157,22): error TS2339: Property 'deletePost' does not exist on type 'DatabaseService'.
[21:51:30.102] src/pages/admin/content/PostsList.test.tsx(167,47): error TS2339: Property 'toBeInTheDocument' does not exist on type 'JestMatchers<any>'.
[21:51:30.102] src/pages/admin/content/PostsList.test.tsx(179,30): error TS2339: Property 'deletePost' does not exist on type 'DatabaseService'.
[21:51:30.102] src/pages/admin/content/PostsList.test.tsx(200,47): error TS2339: Property 'toBeInTheDocument' does not exist on type 'JestMatchers<any>'.
[21:51:30.102] src/pages/admin/content/PostsList.test.tsx(208,28): error TS2339: Property 'deletePost' does not exist on type 'DatabaseService'.
[21:51:30.102] src/pages/admin/content/PostsList.test.tsx(220,22): error TS2339: Property 'deletePost' does not exist on type 'DatabaseService'.
[21:51:30.102] src/pages/admin/content/PostsList.test.tsx(230,47): error TS2339: Property 'toBeInTheDocument' does not exist on type 'JestMatchers<any>'.
[21:51:30.102] src/pages/admin/content/PostsList.test.tsx(248,22): error TS2339: Property 'fetchPosts' does not exist on type 'DatabaseService'.
[21:51:30.102] src/pages/admin/content/PostsList.test.tsx(260,51): error TS2339: Property 'toBeInTheDocument' does not exist on type 'JestMatchers<any>'.
[21:51:30.102] src/pages/admin/content/PostsList.test.tsx(261,76): error TS2339: Property 'toBeInTheDocument' does not exist on type 'JestMatchers<any>'.
[21:51:30.102] src/pages/admin/content/PostsList.test.tsx(267,22): error TS2339: Property 'fetchPosts' does not exist on type 'DatabaseService'.
[21:51:30.102] src/pages/admin/content/PostsList.test.tsx(289,47): error TS2339: Property 'toBeInTheDocument' does not exist on type 'JestMatchers<any>'.
[21:51:30.102] src/pages/admin/content/PostsList.test.tsx(298,30): error TS2339: Property 'fetchPosts' does not exist on type 'DatabaseService'.
[21:51:30.103] src/pages/admin/content/PostsList.test.tsx(310,30): error TS2339: Property 'fetchPosts' does not exist on type 'DatabaseService'.
[21:51:30.103] src/pages/admin/content/PostsList.test.tsx(321,22): error TS2339: Property 'fetchPosts' does not exist on type 'DatabaseService'.
[21:51:30.103] src/pages/admin/content/PostsList.test.tsx(334,47): error TS2339: Property 'toBeInTheDocument' does not exist on type 'JestMatchers<any>'.
[21:51:30.103] src/pages/admin/content/PostsList.test.tsx(343,30): error TS2339: Property 'fetchPosts' does not exist on type 'DatabaseService'.
[21:51:30.103] src/pages/admin/content/PostsList.tsx(12,29): error TS2307: Cannot find module '@/components/Admin/PostStatusBadge' or its corresponding type declarations.
[21:51:30.103] src/pages/admin/content/PostsList.tsx(13,24): error TS2307: Cannot find module '@/components/Common/Pagination' or its corresponding type declarations.
[21:51:30.103] src/pages/admin/content/PostsList.tsx(14,27): error TS2307: Cannot find module '@/components/Skeletons/TableSkeleton' or its corresponding type declarations.
[21:51:30.103] src/pages/admin/content/PostsList.tsx(41,53): error TS2339: Property 'fetchPosts' does not exist on type 'DatabaseService'.
[21:51:30.103] src/pages/admin/content/PostsList.tsx(74,10): error TS7006: Parameter 'payload' implicitly has an 'any' type.
[21:51:30.103] src/pages/admin/content/PostsList.tsx(119,29): error TS2339: Property 'deletePost' does not exist on type 'DatabaseService'.
[21:51:30.103] src/pages/admin/database-demo.tsx(89,52): error TS2339: Property '$id' does not exist on type 'User'.
[21:51:30.103] src/pages/admin/database-demo.tsx(101,9): error TS2561: Object literal may only specify known properties, but 'authorId' does not exist in type 'PostInput'. Did you mean to write 'author_id'?
[21:51:30.103] src/pages/admin/database-demo.tsx(143,61): error TS2339: Property '$id' does not exist on type 'Post'.
[21:51:30.103] src/pages/admin/database-demo.tsx(147,40): error TS2339: Property '$id' does not exist on type 'Post'.
[21:51:30.103] src/pages/admin/database-demo.tsx(147,60): error TS2339: Property '$id' does not exist on type 'Post'.
[21:51:30.103] src/pages/admin/database-demo.tsx(148,24): error TS2339: Property '$id' does not exist on type 'Post'.
[21:51:30.103] src/pages/admin/database-demo.tsx(148,44): error TS2339: Property '$id' does not exist on type 'Post'.
[21:51:30.103] src/pages/admin/database-demo.tsx(160,40): error TS2339: Property '$id' does not exist on type 'Post'.
[21:51:30.103] src/pages/admin/database-demo.tsx(164,43): error TS2339: Property '$id' does not exist on type 'Post'.
[21:51:30.103] src/pages/admin/database-demo.tsx(164,56): error TS2339: Property '$id' does not exist on type 'Post'.
[21:51:30.103] src/pages/admin/database-demo.tsx(165,24): error TS2339: Property '$id' does not exist on type 'Post'.
[21:51:30.103] src/pages/admin/database-demo.tsx(165,37): error TS2339: Property '$id' does not exist on type 'Post'.
[21:51:30.103] src/pages/admin/database-demo.tsx(177,64): error TS2339: Property '$id' does not exist on type 'User'.
[21:51:30.103] src/pages/admin/database-demo.tsx(181,40): error TS2339: Property '$id' does not exist on type 'User'.
[21:51:30.103] src/pages/admin/database-demo.tsx(181,60): error TS2339: Property '$id' does not exist on type 'User'.
[21:51:30.103] src/pages/admin/database-demo.tsx(182,24): error TS2339: Property '$id' does not exist on type 'User'.
[21:51:30.103] src/pages/admin/database-demo.tsx(182,44): error TS2339: Property '$id' does not exist on type 'User'.
[21:51:30.103] src/pages/admin/database-demo.tsx(194,40): error TS2339: Property '$id' does not exist on type 'User'.
[21:51:30.103] src/pages/admin/database-demo.tsx(198,43): error TS2339: Property '$id' does not exist on type 'User'.
[21:51:30.103] src/pages/admin/database-demo.tsx(198,56): error TS2339: Property '$id' does not exist on type 'User'.
[21:51:30.104] src/pages/admin/database-demo.tsx(199,24): error TS2339: Property '$id' does not exist on type 'User'.
[21:51:30.104] src/pages/admin/database-demo.tsx(199,37): error TS2339: Property '$id' does not exist on type 'User'.
[21:51:30.104] src/pages/admin/database-demo.tsx(251,29): error TS2339: Property '$id' does not exist on type 'Post'.
[21:51:30.104] src/pages/admin/database-demo.tsx(324,29): error TS2339: Property '$id' does not exist on type 'User'.
[21:51:30.104] src/pages/admin/database-demo.tsx(342,30): error TS2551: Property 'isActive' does not exist on type 'User'. Did you mean 'is_active'?
[21:51:30.104] src/pages/admin/database-demo.tsx(346,31): error TS2551: Property 'isActive' does not exist on type 'User'. Did you mean 'is_active'?
[21:51:30.104] src/pages/admin/database-demo.tsx(356,41): error TS2551: Property 'isActive' does not exist on type 'User'. Did you mean 'is_active'?
[21:51:30.104] src/pages/admin/database-demo.tsx(387,71): error TS2339: Property '$id' does not exist on type 'Post'.
[21:51:30.104] src/pages/admin/database-demo.tsx(411,71): error TS2551: Property 'authorId' does not exist on type 'Post'. Did you mean 'author_id'?
[21:51:30.104] src/pages/admin/database-demo.tsx(415,62): error TS2551: Property '$createdAt' does not exist on type 'Post'. Did you mean 'created_at'?
[21:51:30.104] src/pages/admin/database-demo.tsx(419,62): error TS2551: Property '$updatedAt' does not exist on type 'Post'. Did you mean 'updated_at'?
[21:51:30.104] src/pages/admin/database-demo.tsx(421,28): error TS2551: Property 'publishedAt' does not exist on type 'Post'. Did you mean 'published_at'?
[21:51:30.104] src/pages/admin/database-demo.tsx(424,64): error TS2551: Property 'publishedAt' does not exist on type 'Post'. Did you mean 'published_at'?
[21:51:30.104] src/pages/admin/database-demo.tsx(442,71): error TS2339: Property '$id' does not exist on type 'User'.
[21:51:30.104] src/pages/admin/database-demo.tsx(467,31): error TS2551: Property 'isActive' does not exist on type 'User'. Did you mean 'is_active'?
[21:51:30.104] src/pages/admin/database-demo.tsx(471,32): error TS2551: Property 'isActive' does not exist on type 'User'. Did you mean 'is_active'?
[21:51:30.104] src/pages/admin/database-demo.tsx(476,62): error TS2551: Property '$createdAt' does not exist on type 'User'. Did you mean 'created_at'?
[21:51:30.104] src/pages/admin/database-demo.tsx(480,62): error TS2551: Property '$updatedAt' does not exist on type 'User'. Did you mean 'updated_at'?
[21:51:30.104] src/pages/admin/database-demo.tsx(482,28): error TS2551: Property 'lastLogin' does not exist on type 'User'. Did you mean 'last_login'?
[21:51:30.104] src/pages/admin/database-demo.tsx(485,64): error TS2551: Property 'lastLogin' does not exist on type 'User'. Did you mean 'last_login'?
[21:51:30.104] src/pages/admin/index.tsx(5,23): error TS2307: Cannot find module './dashboard/Dashboard' or its corresponding type declarations.
[21:51:30.104] src/pages/admin/index.tsx(8,23): error TS2307: Cannot find module './users/UsersList' or its corresponding type declarations.
[21:51:30.104] src/pages/admin/index.tsx(9,24): error TS2307: Cannot find module './users/UserEditor' or its corresponding type declarations.
[21:51:30.104] src/pages/admin/index.tsx(10,26): error TS2307: Cannot find module './media/MediaLibrary' or its corresponding type declarations.
[21:51:30.104] src/pages/admin/index.tsx(11,25): error TS2307: Cannot find module './media/MediaUpload' or its corresponding type declarations.
[21:51:30.104] src/pages/admin/index.tsx(12,22): error TS2307: Cannot find module './settings/Settings' or its corresponding type declarations.
[21:51:30.104] src/pages/admin/index.tsx(19,17): error TS2339: Property 'loading' does not exist on type '{ user: User | null; session: Session | null; isLoading: boolean; error: Error | null; signIn: (email: string, password: string) => Promise<void>; ... 4 more ...; isAdmin: boolean; }'.
[21:51:30.104] src/pages/admin/login.tsx(12,31): error TS2305: Module '"lucide-react"' has no exported member 'LoaderCircle'.
[21:51:30.104] src/pages/admin/login.tsx(32,27): error TS2339: Property 'role' does not exist on type 'UserResponse'.
[21:51:30.104]   Property 'role' does not exist on type '{ data: { user: User; }; error: null; }'.
[21:51:30.104] src/pages/admin/login.tsx(32,52): error TS2339: Property 'role' does not exist on type 'UserResponse'.
[21:51:30.104]   Property 'role' does not exist on type '{ data: { user: User; }; error: null; }'.
[21:51:30.104] src/pages/admin/login.tsx(225,25): error TS2322: Type '{ id: string; checked: boolean; onCheckedChange: (checked: any) => void; }' is not assignable to type 'IntrinsicAttributes & CheckboxProps & RefAttributes<HTMLInputElement>'.
[21:51:30.104]   Property 'onCheckedChange' does not exist on type 'IntrinsicAttributes & CheckboxProps & RefAttributes<HTMLInputElement>'.
[21:51:30.105] src/pages/admin/login.tsx(225,43): error TS7006: Parameter 'checked' implicitly has an 'any' type.
[21:51:30.105] src/pages/admin/newAdminDashboard.tsx(248,7): error TS2304: Cannot find name 'toast'.
[21:51:30.105] src/pages/admin/newAdminDashboard.tsx(252,7): error TS2304: Cannot find name 'toast'.
[21:51:30.105] src/pages/admin/newAdminDashboard.tsx(290,28): error TS2339: Property 'avatar' does not exist on type 'User'.
[21:51:30.105] src/pages/admin/newAdminDashboard.tsx(570,28): error TS2339: Property 'avatar' does not exist on type 'User'.
[21:51:30.105] src/pages/admin/newAdminDashboard.tsx(697,32): error TS2339: Property 'avatar' does not exist on type 'User'.
[21:51:30.105] src/pages/admin/payments.tsx(21,28): error TS2307: Cannot find module 'next-auth/react' or its corresponding type declarations.
[21:51:30.105] src/pages/admin/services/ServiceManager.tsx(261,9): error TS2322: Type 'string | null' is not assignable to type 'string | undefined'.
[21:51:30.105]   Type 'null' is not assignable to type 'string | undefined'.
[21:51:30.105] src/pages/admin/services/ServicePageEditor.tsx(5,10): error TS2305: Module '"@/types/admin"' has no exported member 'ServicePage'.
[21:51:30.105] src/pages/admin/services/ServicePageEditor.tsx(9,27): error TS2307: Cannot find module '@/components/Common/ErrorBoundary' or its corresponding type declarations.
[21:51:30.105] src/pages/admin/services/ServicePageEditor.tsx(10,29): error TS2307: Cannot find module '@/hooks/useDebounce' or its corresponding type declarations.
[21:51:30.105] src/pages/admin/services/ServicePageEditor.tsx(11,33): error TS2307: Cannot find module '@/hooks/useBeforeUnload' or its corresponding type declarations.
[21:51:30.105] src/pages/admin/services/ServicePageEditor.tsx(48,48): error TS2339: Property 'fetchServicePage' does not exist on type 'DatabaseService'.
[21:51:30.105] src/pages/admin/services/ServicePageEditor.tsx(76,31): error TS2551: Property 'updateServicePage' does not exist on type 'DatabaseService'. Did you mean 'deleteServicePage'?
[21:51:30.105] src/pages/admin/services/ServicePageEditor.tsx(133,47): error TS2551: Property 'createServicePage' does not exist on type 'DatabaseService'. Did you mean 'deleteServicePage'?
[21:51:30.105] src/pages/admin/services/ServicePageEditor.tsx(140,31): error TS2551: Property 'updateServicePage' does not exist on type 'DatabaseService'. Did you mean 'deleteServicePage'?
[21:51:30.105] src/pages/admin/services/ServicePageEditor.tsx(155,46): error TS2339: Property 'uploadImage' does not exist on type 'DatabaseService'.
[21:51:30.105] src/pages/admin/services/ServicePageEditor.tsx(156,15): error TS7006: Parameter 'prev' implicitly has an 'any' type.
[21:51:30.105] src/pages/admin/services/ServicePageEditor.tsx(178,13): error TS7006: Parameter 'prev' implicitly has an 'any' type.
[21:51:30.105] src/pages/admin/services/ServicePageEditor.tsx(366,15): error TS2322: Type '{ id: string; content: any; onChange: (content: string) => void; error: string; "aria-invalid": boolean; "aria-describedby": string | undefined; }' is not assignable to type 'IntrinsicAttributes & RichTextEditorProps'.
[21:51:30.105]   Property 'id' does not exist on type 'IntrinsicAttributes & RichTextEditorProps'.
[21:51:30.105] src/pages/admin/services/ServicePagesManager.tsx(5,10): error TS2305: Module '"@/types/admin"' has no exported member 'ServicePage'.
[21:51:30.105] src/pages/admin/services/ServicePagesManager.tsx(7,27): error TS2307: Cannot find module '@/components/Skeletons/TableSkeleton' or its corresponding type declarations.
[21:51:30.105] src/pages/admin/services/ServicePagesManager.tsx(8,27): error TS2307: Cannot find module '@/components/Common/ErrorBoundary' or its corresponding type declarations.
[21:51:30.105] src/pages/admin/services/ServicePagesManager.tsx(9,29): error TS2307: Cannot find module '@/hooks/useDebounce' or its corresponding type declarations.
[21:51:30.105] src/pages/admin/services/ServicePagesManager.tsx(24,42): error TS2551: Property 'fetchServicePages' does not exist on type 'DatabaseService'. Did you mean 'fetchServicePageBySlug'?
[21:51:30.105] src/pages/admin/services/ServicePagesManager.tsx(60,37): error TS2339: Property 'supabase' does not exist on type 'DatabaseService'.
[21:51:30.105] src/pages/admin/services/ServicePagesManager.tsx(74,23): error TS2339: Property 'supabase' does not exist on type 'DatabaseService'.
[21:51:30.105] src/pages/admin/services/ServicePagesManager.tsx(108,29): error TS2339: Property 'updateServicePagesOrder' does not exist on type 'DatabaseService'.
[21:51:30.105] src/pages/admin/services/ServicePagesManager.tsx(127,29): error TS2551: Property 'updateServicePage' does not exist on type 'DatabaseService'. Did you mean 'deleteServicePage'?
[21:51:30.105] src/pages/admin/services/ServicesList.tsx(89,44): error TS7006: Parameter 'service' implicitly has an 'any' type.
[21:51:30.105] src/pages/admin/services/ServicesList.tsx(99,52): error TS7006: Parameter 'service' implicitly has an 'any' type.
[21:51:30.105] src/pages/admin/services/ServicesList.tsx(100,48): error TS7006: Parameter 'pc' implicitly has an 'any' type.
[21:51:30.106] src/pages/admin/services/index.tsx(70,24): error TS2307: Cannot find module 'react-quill' or its corresponding type declarations.
[21:51:30.106] src/pages/admin/services/index.tsx(227,43): error TS7006: Parameter 'post' implicitly has an 'any' type.
[21:51:30.106] src/pages/admin/services/index.tsx(228,35): error TS7006: Parameter 'post' implicitly has an 'any' type.
[21:51:30.106] src/pages/admin/services/index.tsx(229,37): error TS7006: Parameter 'post' implicitly has an 'any' type.
[21:51:30.106] src/pages/admin/services/index.tsx(231,40): error TS7006: Parameter 'sum' implicitly has an 'any' type.
[21:51:30.106] src/pages/admin/services/index.tsx(231,45): error TS7006: Parameter 'post' implicitly has an 'any' type.
[21:51:30.106] src/pages/admin/services/index.tsx(232,40): error TS7006: Parameter 'sum' implicitly has an 'any' type.
[21:51:30.106] src/pages/admin/services/index.tsx(232,45): error TS7006: Parameter 'post' implicitly has an 'any' type.
[21:51:30.106] src/pages/admin/services/index.tsx(233,43): error TS7006: Parameter 'sum' implicitly has an 'any' type.
[21:51:30.106] src/pages/admin/services/index.tsx(233,48): error TS7006: Parameter 'post' implicitly has an 'any' type.
[21:51:30.106] src/pages/admin/services/index.tsx(278,54): error TS7006: Parameter 'post' implicitly has an 'any' type.
[21:51:30.106] src/pages/admin/services/index.tsx(279,21): error TS2345: Argument of type 'unknown[]' is not assignable to parameter of type 'SetStateAction<string[]>'.
[21:51:30.106]   Type 'unknown[]' is not assignable to type 'string[]'.
[21:51:30.106]     Type 'unknown' is not assignable to type 'string'.
[21:51:30.106] src/pages/admin/services/index.tsx(693,18): error TS2304: Cannot find name 'ChevronRight'.
[21:51:30.106] src/pages/admin/services/index.tsx(1295,30): error TS7006: Parameter 'content' implicitly has an 'any' type.
[21:51:30.106] src/pages/admin/services/index.tsx(1350,15): error TS2322: Type '"destructive"' is not assignable to type '"default" | "secondary" | "outline" | "ghost" | "link" | null | undefined'.
[21:51:30.106] src/pages/admin/system-metrics.tsx(2,28): error TS2307: Cannot find module 'next-auth/react' or its corresponding type declarations.
[21:51:30.106] src/pages/admin/system-metrics.tsx(27,8): error TS2307: Cannot find module '@mui/lab' or its corresponding type declarations.
[21:51:30.106] src/pages/admin/system-metrics.tsx(28,10): error TS2614: Module '"@/components/layouts/AdminLayout"' has no exported member 'AdminLayout'. Did you mean to use 'import AdminLayout from "@/components/layouts/AdminLayout"' instead?
[21:51:30.106] src/pages/admin/system-metrics.tsx(29,31): error TS2307: Cannot find module '@/hooks/useAdminGuard' or its corresponding type declarations.
[21:51:30.106] src/pages/admin/telegram-dashboard.tsx(2,28): error TS2307: Cannot find module 'next-auth/react' or its corresponding type declarations.
[21:51:30.106] src/pages/admin/telegram-dashboard.tsx(34,10): error TS2614: Module '"@/components/layouts/AdminLayout"' has no exported member 'AdminLayout'. Did you mean to use 'import AdminLayout from "@/components/layouts/AdminLayout"' instead?
[21:51:30.106] src/pages/admin/telegram-dashboard.tsx(35,31): error TS2307: Cannot find module '@/hooks/useAdminGuard' or its corresponding type declarations.
[21:51:30.106] src/pages/admin/users.tsx(19,47): error TS2307: Cannot find module '@/lib/appwriteClient' or its corresponding type declarations.
[21:51:30.106] src/pages/admin/users.tsx(120,53): error TS7006: Parameter 'doc' implicitly has an 'any' type.
[21:51:30.106] src/pages/admin/users/UserManagement.tsx(6,27): error TS2307: Cannot find module '@/components/Skeletons/TableSkeleton' or its corresponding type declarations.
[21:51:30.106] src/pages/admin/users/UserManagement.tsx(7,24): error TS2307: Cannot find module '@/components/Common/Pagination' or its corresponding type declarations.
[21:51:30.107] src/pages/admin/users/UserManagement.tsx(26,55): error TS2339: Property 'fetchUsers' does not exist on type 'DatabaseService'.
[21:51:30.107] src/pages/admin/users/UserManagement.tsx(47,37): error TS2339: Property 'supabase' does not exist on type 'DatabaseService'.
[21:51:30.110] src/pages/admin/users/UserManagement.tsx(56,10): error TS7006: Parameter 'payload' implicitly has an 'any' type.
[21:51:30.110] src/pages/admin/users/UserManagement.tsx(72,23): error TS2339: Property 'supabase' does not exist on type 'DatabaseService'.
[21:51:30.110] src/pages/admin/users/UserManagement.tsx(79,29): error TS2339: Property 'updateUserRole' does not exist on type 'DatabaseService'.
[21:51:30.110] src/pages/admin/users/UserManagement.tsx(89,29): error TS2339: Property 'updateUserStatus' does not exist on type 'DatabaseService'.
[21:51:30.110] src/pages/admin/users/UserManagement.tsx(287,27): error TS2367: This comparison appears to be unintentional because the types '"pending" | "inactive"' and '"banned"' have no overlap.
[21:51:30.110] src/pages/admin/users/UserManagement.tsx(296,34): error TS2339: Property 'createdAt' does not exist on type 'User'.
[21:51:30.110] src/pages/admin/users/UserManagement.tsx(300,22): error TS2367: This comparison appears to be unintentional because the types '"pending" | "active" | "inactive"' and '"banned"' have no overlap.
[21:51:30.110] src/pages/api/admin/payments/index.ts(2,28): error TS2307: Cannot find module 'next-auth/react' or its corresponding type declarations.
[21:51:30.110] src/pages/api/admin/payments/index.ts(3,10): error TS2305: Module '"@prisma/client"' has no exported member 'PrismaClient'.
[21:51:30.110] src/pages/api/admin/payments/index.ts(4,24): error TS2307: Cannot find module 'coinbase-commerce-node' or its corresponding type declarations.
[21:51:30.110] src/pages/api/admin/payments/index.ts(73,32): error TS7006: Parameter 'p' implicitly has an 'any' type.
[21:51:30.110] src/pages/api/admin/payments/index.ts(86,31): error TS7006: Parameter 'p' implicitly has an 'any' type.
[21:51:30.110] src/pages/api/admin/stats.ts(3,28): error TS2307: Cannot find module 'next-auth/react' or its corresponding type declarations.
[21:51:30.110] src/pages/api/admin/stats.ts(55,46): error TS7006: Parameter 'acc' implicitly has an 'any' type.
[21:51:30.110] src/pages/api/admin/stats.ts(55,51): error TS7006: Parameter 'msg' implicitly has an 'any' type.
[21:51:30.110] src/pages/api/admin/stats.ts(66,29): error TS18046: 'conversation' is of type 'unknown'.
[21:51:30.110] src/pages/api/admin/stats.ts(67,28): error TS18046: 'conversation' is of type 'unknown'.
[21:51:30.110] src/pages/api/admin/stats.ts(67,66): error TS18046: 'conversation' is of type 'unknown'.
[21:51:30.110] src/pages/api/admin/stats.ts(69,13): error TS18046: 'conversation' is of type 'unknown'.
[21:51:30.110] src/pages/api/admin/stats.ts(69,42): error TS18046: 'conversation' is of type 'unknown'.
[21:51:30.110] src/pages/api/admin/system-config.ts(2,28): error TS2307: Cannot find module 'next-auth/react' or its corresponding type declarations.
[21:51:30.110] src/pages/api/admin/system-config.ts(3,10): error TS2305: Module '"@prisma/client"' has no exported member 'PrismaClient'.
[21:51:30.110] src/pages/api/admin/system-metrics.ts(2,28): error TS2307: Cannot find module 'next-auth/react' or its corresponding type declarations.
[21:51:30.110] src/pages/api/admin/system-metrics.ts(3,10): error TS2305: Module '"@prisma/client"' has no exported member 'PrismaClient'.
[21:51:30.111] src/pages/api/admin/system-metrics.ts(5,10): error TS2724: '"@/services/storageService"' has no exported member named 'StorageService'. Did you mean 'storageService'?
[21:51:30.111] src/pages/api/admin/system-metrics.ts(97,29): error TS7006: Parameter 'acc' implicitly has an 'any' type.
[21:51:30.111] src/pages/api/admin/system-metrics.ts(97,34): error TS7006: Parameter 'curr' implicitly has an 'any' type.
[21:51:30.111] src/pages/api/admin/system-metrics.ts(125,37): error TS7006: Parameter 'acc' implicitly has an 'any' type.
[21:51:30.111] src/pages/api/admin/system-metrics.ts(125,42): error TS7006: Parameter 'curr' implicitly has an 'any' type.
[21:51:30.111] src/pages/api/admin/telegram-requests/[id]/index.ts(2,28): error TS2307: Cannot find module 'next-auth/react' or its corresponding type declarations.
[21:51:30.111] src/pages/api/admin/telegram-requests/[id]/index.ts(3,10): error TS2305: Module '"@prisma/client"' has no exported member 'PrismaClient'.
[21:51:30.111] src/pages/api/admin/telegram-requests/[id]/index.ts(5,10): error TS2724: '"@/services/storageService"' has no exported member named 'StorageService'. Did you mean 'storageService'?
[21:51:30.111] src/pages/api/admin/telegram-requests/[id]/index.ts(103,20): error TS2339: Property 'session' does not exist on type 'NextApiRequest'.
[21:51:30.111] src/pages/api/admin/telegram-requests/[id]/retry.ts(2,28): error TS2307: Cannot find module 'next-auth/react' or its corresponding type declarations.
[21:51:30.111] src/pages/api/admin/telegram-requests/[id]/retry.ts(3,10): error TS2305: Module '"@prisma/client"' has no exported member 'PrismaClient'.
[21:51:30.111] src/pages/api/admin/telegram-requests/[id]/retry.ts(6,10): error TS2724: '"@/services/storageService"' has no exported member named 'StorageService'. Did you mean 'storageService'?
[21:51:30.111] src/pages/api/admin/telegram-requests/[id]/retry.ts(129,20): error TS2339: Property 'session' does not exist on type 'NextApiRequest'.
[21:51:30.111] src/pages/api/admin/telegram-requests/index.ts(2,28): error TS2307: Cannot find module 'next-auth/react' or its corresponding type declarations.
[21:51:30.111] src/pages/api/admin/telegram-requests/index.ts(3,10): error TS2305: Module '"@prisma/client"' has no exported member 'PrismaClient'.
[21:51:30.111] src/pages/api/admin/telegram-requests/index.ts(120,41): error TS7006: Parameter 'request' implicitly has an 'any' type.
[21:51:30.111] src/pages/api/admin/users/index.ts(3,28): error TS2307: Cannot find module 'next-auth/react' or its corresponding type declarations.
[21:51:30.111] src/pages/api/check-ai-score.ts(2,28): error TS2307: Cannot find module 'next-auth/react' or its corresponding type declarations.
[21:51:30.111] src/pages/api/check-ai-score.ts(4,24): error TS2307: Cannot find module 'formidable' or its corresponding type declarations.
[21:51:30.111] src/pages/api/check-ai-score.ts(69,24): error TS7006: Parameter 'err' implicitly has an 'any' type.
[21:51:30.111] src/pages/api/check-ai-score.ts(69,29): error TS7006: Parameter 'fields' implicitly has an 'any' type.
[21:51:30.111] src/pages/api/check-ai-score.ts(69,37): error TS7006: Parameter 'files' implicitly has an 'any' type.
[21:51:30.111] src/pages/api/check-ai-score.ts(115,52): error TS2345: Argument of type '{ userId: any; orderId: string; content: string; fileUrl: string | undefined; chargeId: string | undefined; }' is not assignable to parameter of type '{ content: string; orderId: string; userId: string; fileBuffer: Buffer<ArrayBufferLike>; fileName: string; fileUrl?: string | undefined; chargeId?: string | undefined; }'.
[21:51:30.111]   Type '{ userId: any; orderId: string; content: string; fileUrl: string | undefined; chargeId: string | undefined; }' is missing the following properties from type '{ content: string; orderId: string; userId: string; fileBuffer: Buffer<ArrayBufferLike>; fileName: string; fileUrl?: string | undefined; chargeId?: string | undefined; }': fileBuffer, fileName
[21:51:30.111] src/pages/api/check-charge/[id].ts(2,35): error TS2307: Cannot find module 'coinbase-commerce-node' or its corresponding type declarations.
[21:51:30.111] src/pages/api/check-charge/[id].ts(3,28): error TS2307: Cannot find module 'next-auth/react' or its corresponding type declarations.
[21:51:30.111] src/pages/api/check-score-status.ts(2,28): error TS2307: Cannot find module 'next-auth/react' or its corresponding type declarations.
[21:51:30.111] src/pages/api/check-turnitin.ts(2,24): error TS2307: Cannot find module 'formidable' or its corresponding type declarations.
[21:51:30.111] src/pages/api/check-turnitin.ts(5,35): error TS2307: Cannot find module 'coinbase-commerce-node' or its corresponding type declarations.
[21:51:30.111] src/pages/api/check-turnitin.ts(6,28): error TS2307: Cannot find module 'next-auth/react' or its corresponding type declarations.
[21:51:30.112] src/pages/api/check-turnitin.ts(7,10): error TS2305: Module '"@prisma/client"' has no exported member 'PrismaClient'.
[21:51:30.112] src/pages/api/check-turnitin.ts(44,16): error TS7006: Parameter 'part' implicitly has an 'any' type.
[21:51:30.112] src/pages/api/check-turnitin.ts(56,11): error TS2488: Type 'unknown' must have a '[Symbol.iterator]()' method that returns an iterator.
[21:51:30.112] src/pages/api/check-turnitin.ts(57,24): error TS7006: Parameter 'err' implicitly has an 'any' type.
[21:51:30.112] src/pages/api/check-turnitin.ts(57,29): error TS7006: Parameter 'fields' implicitly has an 'any' type.
[21:51:30.112] src/pages/api/check-turnitin.ts(57,37): error TS7006: Parameter 'files' implicitly has an 'any' type.
[21:51:30.112] src/pages/api/check-turnitin.ts(101,29): error TS2339: Property 'sendDocument' does not exist on type 'TelegramBotInteractionService'.
[21:51:30.112] src/pages/api/create-charge.ts(2,35): error TS2307: Cannot find module 'coinbase-commerce-node' or its corresponding type declarations.
[21:51:30.112] src/pages/api/create-turnitin-payment.ts(2,35): error TS2307: Cannot find module 'coinbase-commerce-node' or its corresponding type declarations.
[21:51:30.112] src/pages/api/documents/upload.ts(2,28): error TS2307: Cannot find module 'next-auth/react' or its corresponding type declarations.
[21:51:30.112] src/pages/api/documents/upload.ts(3,10): error TS2305: Module '"@prisma/client"' has no exported member 'PrismaClient'.
[21:51:30.112] src/pages/api/documents/upload.ts(4,10): error TS2724: '"@/services/storageService"' has no exported member named 'StorageService'. Did you mean 'storageService'?
[21:51:30.112] src/pages/api/documents/upload.ts(7,24): error TS2307: Cannot find module 'formidable' or its corresponding type declarations.
[21:51:30.112] src/pages/api/documents/upload.ts(156,18): error TS7031: Binding element 'mimetype' implicitly has an 'any' type.
[21:51:30.112] src/pages/api/documents/upload.ts(159,22): error TS7006: Parameter 'err' implicitly has an 'any' type.
[21:51:30.112] src/pages/api/documents/upload.ts(159,27): error TS7006: Parameter 'fields' implicitly has an 'any' type.
[21:51:30.112] src/pages/api/documents/upload.ts(159,35): error TS7006: Parameter 'files' implicitly has an 'any' type.
[21:51:30.112] src/pages/api/emails/[id]/index.ts(2,28): error TS2307: Cannot find module 'next-auth/react' or its corresponding type declarations.
[21:51:30.112] src/pages/api/emails/[id]/index.ts(3,10): error TS2305: Module '"@prisma/client"' has no exported member 'PrismaClient'.
[21:51:30.114] src/pages/api/emails/[id]/index.ts(4,10): error TS2724: '"@/services/storageService"' has no exported member named 'StorageService'. Did you mean 'storageService'?
[21:51:30.114] src/pages/api/emails/index.ts(2,28): error TS2307: Cannot find module 'next-auth/react' or its corresponding type declarations.
[21:51:30.114] src/pages/api/emails/index.ts(3,10): error TS2305: Module '"@prisma/client"' has no exported member 'PrismaClient'.
[21:51:30.115] src/pages/api/emails/send.ts(2,28): error TS2307: Cannot find module 'next-auth/react' or its corresponding type declarations.
[21:51:30.115] src/pages/api/emails/send.ts(3,10): error TS2305: Module '"@prisma/client"' has no exported member 'PrismaClient'.
[21:51:30.126] src/pages/api/emails/send.ts(4,10): error TS2724: '"@/services/storageService"' has no exported member named 'StorageService'. Did you mean 'storageService'?
[21:51:30.126] src/pages/api/emails/send.ts(7,24): error TS2307: Cannot find module 'formidable' or its corresponding type declarations.
[21:51:30.127] src/pages/api/emails/send.ts(134,22): error TS7006: Parameter 'err' implicitly has an 'any' type.
[21:51:30.127] src/pages/api/emails/send.ts(134,27): error TS7006: Parameter 'fields' implicitly has an 'any' type.
[21:51:30.127] src/pages/api/emails/send.ts(134,35): error TS7006: Parameter 'files' implicitly has an 'any' type.
[21:51:30.127] src/pages/api/send-document.ts(4,24): error TS2307: Cannot find module 'nodemailer' or its corresponding type declarations.
[21:51:30.127] src/pages/api/services.ts(14,27): error TS7006: Parameter 'service' implicitly has an 'any' type.
[21:51:30.127] src/pages/api/upload.ts(2,24): error TS2307: Cannot find module 'formidable' or its corresponding type declarations.
[21:51:30.127] src/pages/api/upload.ts(8,28): error TS2307: Cannot find module 'next-auth/react' or its corresponding type declarations.
[21:51:30.127] src/pages/api/upload.ts(9,24): error TS2307: Cannot find module 'nodemailer' or its corresponding type declarations.
[21:51:30.127] src/pages/api/upload.ts(48,16): error TS7006: Parameter 'part' implicitly has an 'any' type.
[21:51:30.127] src/pages/api/upload.ts(61,24): error TS7006: Parameter 'err' implicitly has an 'any' type.
[21:51:30.127] src/pages/api/upload.ts(61,29): error TS7006: Parameter 'fields' implicitly has an 'any' type.
[21:51:30.127] src/pages/api/upload.ts(61,37): error TS7006: Parameter 'files' implicitly has an 'any' type.
[21:51:30.127] src/pages/api/users/[userId]/role.ts(1,29): error TS2307: Cannot find module '@clerk/clerk-sdk-node' or its corresponding type declarations.
[21:51:30.127] src/pages/api/users/[userId]/role.ts(17,64): error TS2339: Property 'auth' does not exist on type 'NextApiRequest'.
[21:51:30.127] src/pages/auth/ForgotPassword.tsx(12,11): error TS2339: Property 'resetPassword' does not exist on type '{ user: User | null; session: Session | null; isLoading: boolean; error: Error | null; signIn: (email: string, password: string) => Promise<void>; ... 4 more ...; isAdmin: boolean; }'.
[21:51:30.127] src/pages/auth/check-email.tsx(3,54): error TS2724: '"lucide-react"' has no exported member named 'RefreshIcon'. Did you mean 'RefreshCwIcon'?
[21:51:30.127] src/pages/auth/mfa-challenge.tsx(13,26): error TS2307: Cannot find module '@/components/auth/MfaChallenge' or its corresponding type declarations.
[21:51:30.127] src/pages/auth/mfa-challenge.tsx(16,33): error TS2307: Cannot find module '@/lib/appwrite' or its corresponding type declarations.
[21:51:30.127] src/pages/auth/mfa-challenge.tsx(30,43): error TS2339: Property 'debugMfaSession' does not exist on type '{ login(): Promise<void>; logout(): Promise<void>; isAdmin(userId: string): Promise<boolean>; getCurrentAdmin(): Promise<{ id: string; name: any; email: any; role: any; avatar: any; status: any; lastLogin: string; } | null>; }'.
[21:51:30.127] src/pages/auth/reset-password.tsx(23,27): error TS2339: Property 'loading' does not exist on type '{ user: User | null; session: Session | null; isLoading: boolean; error: Error | null; signIn: (email: string, password: string) => Promise<void>; ... 4 more ...; isAdmin: boolean; }'.
[21:51:30.127] src/pages/auth/reset-password.tsx(56,54): error TS2554: Expected 1 arguments, but got 2.
[21:51:30.127] src/pages/dashboard/Messages.tsx(598,27): error TS2322: Type '{ children: Element[]; button: true; selected: boolean; onClick: () => void; }' is not assignable to type 'IntrinsicAttributes & ListItemOwnProps & CommonProps & Omit<Omit<DetailedHTMLProps<LiHTMLAttributes<HTMLLIElement>, HTMLLIElement>, "ref"> & { ...; }, "style" | ... 15 more ... | "secondaryAction"> & MUIStyledCommonProps<...> & { ...; }'.
[21:51:30.128]   Property 'button' does not exist on type 'IntrinsicAttributes & ListItemOwnProps & CommonProps & Omit<Omit<DetailedHTMLProps<LiHTMLAttributes<HTMLLIElement>, HTMLLIElement>, "ref"> & { ...; }, "style" | ... 15 more ... | "secondaryAction"> & MUIStyledCommonProps<...> & { ...; }'.
[21:51:30.128] src/pages/dashboard/Profile.tsx(250,15): error TS2339: Property 'error' does not exist on type '{ success: boolean; message: string; }'.
[21:51:30.128] src/pages/dashboard/Profile.tsx(275,15): error TS2339: Property 'error' does not exist on type '{ success: boolean; message: string; }'.
[21:51:30.128] src/pages/learning-hub.tsx(64,64): error TS2322: Type '{ children: Element; variant: "outline"; className: string; asChild: true; }' is not assignable to type 'IntrinsicAttributes & ButtonProps & RefAttributes<HTMLButtonElement>'.
[21:51:30.128]   Property 'asChild' does not exist on type 'IntrinsicAttributes & ButtonProps & RefAttributes<HTMLButtonElement>'.
[21:51:30.128] src/pages/learning-hub.tsx(77,19): error TS2322: Type '{ children: Element; asChild: true; }' is not assignable to type 'IntrinsicAttributes & ButtonProps & RefAttributes<HTMLButtonElement>'.
[21:51:30.129]   Property 'asChild' does not exist on type 'IntrinsicAttributes & ButtonProps & RefAttributes<HTMLButtonElement>'.
[21:51:30.129] src/pages/profile/profile.tsx(3,32): error TS2307: Cannot find module './MessagingInterface' or its corresponding type declarations.
[21:51:30.129] src/pages/services/ServicePage.tsx(9,28): error TS2307: Cannot find module '@/utils/formatDate' or its corresponding type declarations.
[21:51:30.129] src/pages/services/adult-health-nursing.tsx(81,41): error TS7006: Parameter 'post' implicitly has an 'any' type.
[21:51:30.129] src/pages/services/adult-health-nursing.tsx(124,44): error TS7006: Parameter 'post' implicitly has an 'any' type.
[21:51:30.129] src/pages/services/adult-health-nursing.tsx(166,65): error TS7006: Parameter 'category' implicitly has an 'any' type.
[21:51:30.129] src/pages/services/adult-health-nursing.tsx(174,62): error TS7006: Parameter 'post' implicitly has an 'any' type.
[21:51:30.129] src/pages/services/adult-health-nursing.tsx(191,69): error TS7006: Parameter 'like' implicitly has an 'any' type.
[21:51:30.129] src/pages/services/adult-health-nursing.tsx(296,42): error TS7006: Parameter 'comment' implicitly has an 'any' type.
[21:51:30.129] src/pages/services/adult-health-nursing.tsx(335,41): error TS7006: Parameter 'relatedPost' implicitly has an 'any' type.
[21:51:30.129] src/pages/services/adult-health-nursing.tsx(383,67): error TS7006: Parameter 'like' implicitly has an 'any' type.
[21:51:30.129] src/pages/services/adult-health-nursing.tsx(455,21): error TS2339: Property 'category' does not exist on type '{ serviceType: string; status: string; }'.
[21:51:30.129] src/pages/services/adult-health-nursing.tsx(469,39): error TS7006: Parameter 'post' implicitly has an 'any' type.
[21:51:30.129] src/pages/services/adult-health-nursing.tsx(517,67): error TS7006: Parameter 'like' implicitly has an 'any' type.
[21:51:30.129] src/pages/services/adult-health-nursing.tsx(770,9): error TS2304: Cannot find name 'postsResponse'.
[21:51:30.129] src/pages/services/adult-health-nursing.tsx(770,39): error TS7006: Parameter 'post' implicitly has an 'any' type.
[21:51:30.129] src/pages/services/adult-health-nursing.tsx(812,44): error TS7006: Parameter 'post' implicitly has an 'any' type.
[21:51:30.129] src/pages/services/adult-health-nursing.tsx(817,67): error TS7006: Parameter 'like' implicitly has an 'any' type.
[21:51:30.129] src/pages/services/adult-health-nursing.tsx(820,51): error TS7006: Parameter 'post' implicitly has an 'any' type.
[21:51:30.129] src/pages/services/adult-health-nursing.tsx(833,18): error TS2304: Cannot find name 'postsResponse'.
[21:51:30.129] src/pages/services/adult-health-nursing.tsx(875,41): error TS7006: Parameter 'post' implicitly has an 'any' type.
[21:51:30.129] src/pages/services/adult-health-nursing.tsx(922,69): error TS7006: Parameter 'like' implicitly has an 'any' type.
[21:51:30.129] src/pages/services/adult-health-nursing.tsx(1045,31): error TS2339: Property 'photoURL' does not exist on type 'User'.
[21:51:30.129] src/pages/services/adult-health-nursing.tsx(1046,31): error TS2339: Property 'displayName' does not exist on type 'User'.
[21:51:30.143] src/pages/services/adult-health-nursing.tsx(1240,36): error TS2339: Property 'photoURL' does not exist on type 'User'.
[21:51:30.143] src/pages/services/adult-health-nursing.tsx(1241,36): error TS2339: Property 'displayName' does not exist on type 'User'.
[21:51:30.143] src/pages/services/child-nursing.tsx(525,22): error TS2339: Property 'displayName' does not exist on type 'User'.
[21:51:30.143] src/pages/services/child-nursing.tsx(526,24): error TS2339: Property 'photoURL' does not exist on type 'User'.
[21:51:30.143] src/pages/services/child-nursing.tsx(654,31): error TS2339: Property 'photoURL' does not exist on type 'User'.
[21:51:30.143] src/pages/services/child-nursing.tsx(655,31): error TS2339: Property 'displayName' does not exist on type 'User'.
[21:51:30.144] src/pages/services/child-nursing.tsx(849,36): error TS2339: Property 'photoURL' does not exist on type 'User'.
[21:51:30.144] src/pages/services/child-nursing.tsx(850,36): error TS2339: Property 'displayName' does not exist on type 'User'.
[21:51:30.144] src/pages/services/crypto.tsx(563,22): error TS2339: Property 'displayName' does not exist on type 'User'.
[21:51:30.144] src/pages/services/crypto.tsx(564,24): error TS2339: Property 'photoURL' does not exist on type 'User'.
[21:51:30.144] src/pages/services/crypto.tsx(689,31): error TS2339: Property 'photoURL' does not exist on type 'User'.
[21:51:30.144] src/pages/services/crypto.tsx(690,31): error TS2339: Property 'displayName' does not exist on type 'User'.
[21:51:30.144] src/pages/services/crypto.tsx(905,36): error TS2339: Property 'photoURL' does not exist on type 'User'.
[21:51:30.144] src/pages/services/crypto.tsx(906,36): error TS2339: Property 'displayName' does not exist on type 'User'.
[21:51:30.144] src/pages/services/index.tsx(143,23): error TS2322: Type '{ children: Element; asChild: true; size: "lg"; className: string; }' is not assignable to type 'IntrinsicAttributes & ButtonProps & RefAttributes<HTMLButtonElement>'.
[21:51:30.144]   Property 'asChild' does not exist on type 'IntrinsicAttributes & ButtonProps & RefAttributes<HTMLButtonElement>'.
[21:51:30.144] src/pages/services/mental-health-nursing.tsx(158,58): error TS7006: Parameter 'post' implicitly has an 'any' type.
[21:51:30.144] src/pages/services/mental-health-nursing.tsx(181,67): error TS7006: Parameter 'post' implicitly has an 'any' type.
[21:51:30.144] src/pages/services/mental-health-nursing.tsx(204,73): error TS7006: Parameter 'category' implicitly has an 'any' type.
[21:51:30.144] src/pages/services/mental-health-nursing.tsx(212,55): error TS7006: Parameter 'post' implicitly has an 'any' type.
[21:51:30.144] src/pages/services/mental-health-nursing.tsx(213,43): error TS7006: Parameter 'acc' implicitly has an 'any' type.
[21:51:30.144] src/pages/services/mental-health-nursing.tsx(213,48): error TS7006: Parameter 'tag' implicitly has an 'any' type.
[21:51:30.144] src/pages/services/mental-health-nursing.tsx(219,27): error TS2571: Object is of type 'unknown'.
[21:51:30.144] src/pages/services/mental-health-nursing.tsx(219,34): error TS2571: Object is of type 'unknown'.
[21:51:30.145] src/pages/services/mental-health-nursing.tsx(231,56): error TS7006: Parameter 'like' implicitly has an 'any' type.
[21:51:30.145] src/pages/services/mental-health-nursing.tsx(234,53): error TS7006: Parameter 'post' implicitly has an 'any' type.
[21:51:30.145] src/pages/services/mental-health-nursing.tsx(240,59): error TS7006: Parameter 'post' implicitly has an 'any' type.
[21:51:30.145] src/pages/services/mental-health-nursing.tsx(405,65): error TS7006: Parameter 'comment' implicitly has an 'any' type.
[21:51:30.145] src/pages/services/mental-health-nursing.tsx(434,62): error TS7006: Parameter 'relatedPost' implicitly has an 'any' type.
[21:51:30.145] src/pages/services/mental-health-nursing.tsx(462,42): error TS7006: Parameter 'post' implicitly has an 'any' type.
[21:51:30.145] src/pages/services/mental-health-nursing.tsx(465,54): error TS7006: Parameter 'like' implicitly has an 'any' type.
[21:51:30.145] src/pages/services/mental-health-nursing.tsx(467,55): error TS7006: Parameter 'post' implicitly has an 'any' type.
[21:51:30.145] src/pages/services/mental-health-nursing.tsx(619,22): error TS2339: Property 'displayName' does not exist on type 'User'.
[21:51:30.145] src/pages/services/mental-health-nursing.tsx(620,24): error TS2339: Property 'photoURL' does not exist on type 'User'.
[21:51:30.145] src/pages/services/mental-health-nursing.tsx(741,31): error TS2339: Property 'photoURL' does not exist on type 'User'.
[21:51:30.145] src/pages/services/mental-health-nursing.tsx(742,31): error TS2339: Property 'displayName' does not exist on type 'User'.
[21:51:30.145] src/pages/services/mental-health-nursing.tsx(936,36): error TS2339: Property 'photoURL' does not exist on type 'User'.
[21:51:30.145] src/pages/services/mental-health-nursing.tsx(937,36): error TS2339: Property 'displayName' does not exist on type 'User'.
[21:51:30.145] src/pages/services/newServiceBlogTemplate.tsx(93,57): error TS2339: Property 'fetchCategories' does not exist on type 'DatabaseService'.
[21:51:30.145] src/pages/services/newServiceBlogTemplate.tsx(94,60): error TS7006: Parameter 'cat' implicitly has an 'any' type.
[21:51:30.145] src/pages/services/newServiceBlogTemplate.tsx(98,48): error TS2339: Property 'fetchPosts' does not exist on type 'DatabaseService'.
[21:51:30.145] src/pages/services/newServiceBlogTemplate.tsx(99,46): error TS7006: Parameter 'post' implicitly has an 'any' type.
[21:51:30.145] src/pages/services/newServiceBlogTemplate.tsx(102,28): error TS7006: Parameter 'a' implicitly has an 'any' type.
[21:51:30.145] src/pages/services/newServiceBlogTemplate.tsx(102,31): error TS7006: Parameter 'b' implicitly has an 'any' type.
[21:51:30.145] src/pages/services/newServiceBlogTemplate.tsx(108,48): error TS7006: Parameter 'post' implicitly has an 'any' type.
[21:51:30.145] src/pages/services/newServiceBlogTemplate.tsx(109,20): error TS7006: Parameter 'acc' implicitly has an 'any' type.
[21:51:30.145] src/pages/services/newServiceBlogTemplate.tsx(109,25): error TS7006: Parameter 'tag' implicitly has an 'any' type.
[21:51:30.145] src/pages/services/newServiceBlogTemplate.tsx(115,27): error TS2571: Object is of type 'unknown'.
[21:51:30.145] src/pages/services/newServiceBlogTemplate.tsx(115,34): error TS2571: Object is of type 'unknown'.
[21:51:30.145] src/pages/services/newServiceBlogTemplate.tsx(124,42): error TS7006: Parameter 'p' implicitly has an 'any' type.
[21:51:30.145] src/pages/services/newServiceBlogTemplate.tsx(128,23): error TS7006: Parameter 'p' implicitly has an 'any' type.
[21:51:30.145] src/pages/services/newServiceBlogTemplate.tsx(130,29): error TS7006: Parameter 'tag' implicitly has an 'any' type.
[21:51:30.145] src/pages/services/newServiceBlogTemplate.tsx(176,47): error TS2339: Property 'fetchPosts' does not exist on type 'DatabaseService'.
[21:51:30.145] src/pages/services/newServiceBlogTemplate.tsx(177,46): error TS7006: Parameter 'post' implicitly has an 'any' type.
[21:51:30.145] src/pages/services/newServiceBlogTemplate.tsx(185,48): error TS2339: Property 'fetchPosts' does not exist on type 'DatabaseService'.
[21:51:30.145] src/pages/services/newServiceBlogTemplate.tsx(186,46): error TS7006: Parameter 'post' implicitly has an 'any' type.
[21:51:30.145] src/pages/services/newServicepage.tsx(2,8): error TS2300: Duplicate identifier 'React'.
[21:51:30.145] src/pages/services/newServicepage.tsx(3,8): error TS2300: Duplicate identifier 'ServiceBlogTemplate'.
[21:51:30.145] src/pages/services/newServicepage.tsx(3,33): error TS2307: Cannot find module './ServiceBlogTemplate' or its corresponding type declarations.
[21:51:30.145] src/pages/services/newServicepage.tsx(17,16): error TS2528: A module cannot have multiple default exports.
[21:51:30.145] src/pages/services/newServicepage.tsx(20,8): error TS2300: Duplicate identifier 'React'.
[21:51:30.145] src/pages/services/newServicepage.tsx(21,8): error TS2300: Duplicate identifier 'ServiceBlogTemplate'.
[21:51:30.145] src/pages/services/newServicepage.tsx(21,33): error TS2307: Cannot find module './ServiceBlogTemplate' or its corresponding type declarations.
[21:51:30.145] src/pages/services/newServicepage.tsx(35,16): error TS2528: A module cannot have multiple default exports.
[21:51:30.145] src/pages/services/newServicepage.tsx(38,8): error TS2300: Duplicate identifier 'React'.
[21:51:30.145] src/pages/services/newServicepage.tsx(39,8): error TS2300: Duplicate identifier 'ServiceBlogTemplate'.
[21:51:30.145] src/pages/services/newServicepage.tsx(39,33): error TS2307: Cannot find module './ServiceBlogTemplate' or its corresponding type declarations.
[21:51:30.146] src/pages/services/newServicepage.tsx(53,16): error TS2528: A module cannot have multiple default exports.
[21:51:30.146] src/pages/services/special-education.tsx(29,20): error TS2322: Type 'ServicePage | null' is not assignable to type 'ServicePage | undefined'.
[21:51:30.146]   Type 'null' is not assignable to type 'ServicePage | undefined'.
[21:51:30.146] src/pages/tools/check-turnitin.tsx(419,5): error TS2552: Cannot find name 'generateReceipt'. Did you mean 'generateReceiptId'?
[21:51:30.146] src/pages/user/Profile.tsx(60,27): error TS2339: Property 'user_metadata' does not exist on type 'User'.
[21:51:30.146] src/pages/user/Profile.tsx(62,28): error TS2339: Property 'created_at' does not exist on type 'User'.
[21:51:30.146] src/pages/user/Profile.tsx(229,47): error TS2339: Property 'created_at' does not exist on type 'User'.
[21:51:30.146] src/polyfills.ts(11,7): error TS2322: Type 'string' is not assignable to type '"development" | "production" | "test"'.
[21:51:30.146] src/providers/AuthProvider.tsx(76,34): error TS2339: Property 'signIn' does not exist on type 'LoadedClerk'.
[21:51:30.146] src/providers/AuthProvider.tsx(109,34): error TS2339: Property 'signIn' does not exist on type 'LoadedClerk'.
[21:51:30.146] src/providers/AuthProvider.tsx(115,15): error TS18049: 'clerk.session' is possibly 'null' or 'undefined'.
[21:51:30.146] src/providers/AuthProvider.tsx(115,29): error TS2339: Property 'sync' does not exist on type 'ActiveSessionResource'.
[21:51:30.146] src/providers/AuthProvider.tsx(146,34): error TS2339: Property 'signUp' does not exist on type 'LoadedClerk'.
[21:51:30.146] src/providers/AuthProvider.tsx(191,19): error TS2339: Property 'signIn' does not exist on type 'LoadedClerk'.
[21:51:30.147] src/providers/AuthProvider.tsx(220,19): error TS2339: Property 'signIn' does not exist on type 'LoadedClerk'.
[21:51:30.147] src/providers/AuthProvider.tsx(222,19): error TS2339: Property 'signIn' does not exist on type 'LoadedClerk'.
[21:51:30.147] src/providers/AuthProvider.tsx(237,19): error TS2339: Property 'signIn' does not exist on type 'LoadedClerk'.
[21:51:30.147] src/providers/AuthProvider.tsx(239,19): error TS2339: Property 'signIn' does not exist on type 'LoadedClerk'.
[21:51:30.147] src/providers/ClerkProvider.tsx(29,7): error TS2304: Cannot find name 'toast'.
[21:51:30.147] src/providers/ClerkProvider.tsx(41,11): error TS2339: Property 'theme' does not exist on type 'ServerContextJSONValue'.
[21:51:30.147] src/providers/QueryProvider.tsx(17,7): error TS2353: Object literal may only specify known properties, and 'suspense' does not exist in type 'OmitKeyof<QueryObserverOptions<unknown, Error, unknown, unknown, readonly unknown[], never>, "suspense" | "queryKey", "strictly">'.
[21:51:30.147] src/router.tsx(169,5): error TS2353: Object literal may only specify known properties, and 'future' does not exist in type 'NonIndexRouteObject'.
[21:51:30.147] src/routes/AdminDashboardRoutes.tsx(5,27): error TS2307: Cannot find module '@/components/Admin/DashboardHome' or its corresponding type declarations.
[21:51:30.147] src/routes/AdminDashboardRoutes.tsx(6,23): error TS2307: Cannot find module '@/components/Admin/PostsList' or its corresponding type declarations.
[21:51:30.147] src/routes/AdminDashboardRoutes.tsx(7,24): error TS2307: Cannot find module '@/components/Admin/PostEditor' or its corresponding type declarations.
[21:51:30.147] src/routes/AdminDashboardRoutes.tsx(8,28): error TS2307: Cannot find module '@/components/Admin/CategoriesList' or its corresponding type declarations.
[21:51:30.147] src/routes/AdminDashboardRoutes.tsx(9,22): error TS2307: Cannot find module '@/components/Admin/TagsList' or its corresponding type declarations.
[21:51:30.147] src/routes/AdminDashboardRoutes.tsx(10,26): error TS2307: Cannot find module '@/components/Admin/MediaLibrary' or its corresponding type declarations.
[21:51:30.148] src/routes/AdminDashboardRoutes.tsx(11,25): error TS2307: Cannot find module '@/components/Admin/MediaUpload' or its corresponding type declarations.
[21:51:30.148] src/routes/AdminDashboardRoutes.tsx(12,23): error TS2307: Cannot find module '@/components/Admin/UsersList' or its corresponding type declarations.
[21:51:30.148] src/routes/AdminDashboardRoutes.tsx(13,32): error TS2307: Cannot find module '@/components/Admin/AnalyticsDashboard' or its corresponding type declarations.
[21:51:30.148] src/routes/AdminDashboardRoutes.tsx(14,26): error TS2307: Cannot find module '@/components/Admin/SettingsPage' or its corresponding type declarations.
[21:51:30.148] src/routes/AdminDashboardRoutes.tsx(15,33): error TS2307: Cannot find module '@/components/Admin/ServicePagesManager' or its corresponding type declarations.
[21:51:30.148] src/routes/AdminDashboardRoutes.tsx(16,31): error TS2307: Cannot find module '@/components/Admin/ServicePageEditor' or its corresponding type declarations.
[21:51:30.148] src/routes/AdminProtectedRoute.tsx(20,35): error TS2554: Expected 1 arguments, but got 0.
[21:51:30.148] src/routes/AdminProtectedRoute.tsx(22,13): error TS2801: This condition will always return true since this 'Promise<boolean>' is always defined.
[21:51:30.148] src/routes/AdminProtectedRoute.tsx(24,21): error TS2339: Property 'refreshSession' does not exist on type '{ isAdmin: (userId: string) => Promise<boolean>; getAdmin: (userId: string) => Promise<AdminUser | null>; addAdmin: (email: string, role?: string) => Promise<...>; removeAdmin: (userId: string) => Promise<...>; }'.
[21:51:30.148] src/routes/AdminRoutes.tsx(3,25): error TS2307: Cannot find module '@/components/admin/AdminLayout' or its corresponding type declarations.
[21:51:30.148] src/routes/AdminRoutes.tsx(9,26): error TS2307: Cannot find module '@/pages/admin/dashboard/DashboardHome' or its corresponding type declarations.
[21:51:30.148] src/routes/AdminRoutes.tsx(14,26): error TS2307: Cannot find module '@/components/admin/ServicePagesManager' or its corresponding type declarations.
[21:51:30.148] src/routes/AdminRoutes.tsx(22,42): error TS2307: Cannot find module '@/pages/admin/content/TagsList' or its corresponding type declarations.
[21:51:30.148] src/routes/AdminRoutes.tsx(23,46): error TS2307: Cannot find module '@/pages/admin/media/MediaLibrary' or its corresponding type declarations.
[21:51:30.148] src/routes/AdminRoutes.tsx(24,45): error TS2307: Cannot find module '@/pages/admin/media/MediaUpload' or its corresponding type declarations.
[21:51:30.148] src/routes/AdminRoutes.tsx(25,43): error TS2307: Cannot find module '@/pages/admin/users/UsersList' or its corresponding type declarations.
[21:51:30.148] src/routes/AdminRoutes.tsx(26,51): error TS2307: Cannot find module '@/components/admin/ServicePageEditor' or its corresponding type declarations.
[21:51:30.148] src/routes/AdminRoutes.tsx(36,20): error TS2339: Property 'loading' does not exist on type '{ user: User | null; session: Session | null; isLoading: boolean; error: Error | null; signIn: (email: string, password: string) => Promise<void>; ... 4 more ...; isAdmin: boolean; }'.
[21:51:30.148] src/routes/AdminRoutes.tsx(36,29): error TS2339: Property 'isAuthenticated' does not exist on type '{ user: User | null; session: Session | null; isLoading: boolean; error: Error | null; signIn: (email: string, password: string) => Promise<void>; ... 4 more ...; isAdmin: boolean; }'.
[21:51:30.148] src/routes/AdminServicePagesRoutes.tsx(3,33): error TS2307: Cannot find module '@/components/Admin/ServicePagesManager' or its corresponding type declarations.
[21:51:30.148] src/routes/AdminServicePagesRoutes.tsx(4,31): error TS2307: Cannot find module '@/components/Admin/ServicePageEditor' or its corresponding type declarations.
[21:51:30.148] src/routes/AppRoutes.tsx(14,22): error TS2307: Cannot find module '@/pages/auth/register' or its corresponding type declarations.
[21:51:30.148] src/routes/AppRoutes.tsx(15,28): error TS2307: Cannot find module '@/pages/auth/forgot-password' or its corresponding type declarations.
[21:51:30.148] src/routes/AppRoutes.tsx(31,36): error TS2307: Cannot find module '@/pages/services/Services' or its corresponding type declarations.
[21:51:30.148] src/routes/AppRoutes.tsx(32,42): error TS2307: Cannot find module '@/pages/services/ServiceDetails' or its corresponding type declarations.
[21:51:30.148] src/routes/admin.tsx(10,42): error TS2307: Cannot find module '@/pages/admin/Dashboard' or its corresponding type declarations.
[21:51:30.148] src/routes/admin.tsx(11,39): error TS2307: Cannot find module '@/pages/admin/ManageUsers' or its corresponding type declarations.
[21:51:30.148] src/routes/admin.tsx(12,41): error TS2307: Cannot find module '@/pages/admin/ManageContent' or its corresponding type declarations.
[21:51:30.148] src/routes/admin.tsx(13,42): error TS2307: Cannot find module '@/pages/admin/ManageServices' or its corresponding type declarations.
[21:51:30.148] src/routes/admin.tsx(14,42): error TS2307: Cannot find module '@/pages/admin/ManageComments' or its corresponding type declarations.
[21:51:30.148] src/routes/admin.tsx(16,36): error TS2307: Cannot find module '@/pages/admin/Settings' or its corresponding type declarations.
[21:51:30.148] src/routes/admin.tsx(17,41): error TS2307: Cannot find module '@/pages/admin/services/ServiceEditor' or its corresponding type declarations.
[21:51:30.148] src/routes/admin.tsx(19,41): error TS2307: Cannot find module '@/pages/admin/services/CreateService' or its corresponding type declarations.
[21:51:30.148] src/routes/admin.tsx(22,41): error TS2307: Cannot find module '@/pages/admin/content/CreateContent' or its corresponding type declarations.
[21:51:30.148] src/routes/admin.tsx(23,40): error TS2307: Cannot find module '@/pages/admin/content/MediaLibrary' or its corresponding type declarations.
[21:51:30.148] src/routes/admin.tsx(24,37): error TS2307: Cannot find module '@/pages/admin/users/UsersList' or its corresponding type declarations.
[21:51:30.148] src/routes/admin.tsx(25,37): error TS2307: Cannot find module '@/pages/admin/users/UserRoles' or its corresponding type declarations.
[21:51:30.149] src/routes/admin.tsx(26,39): error TS2307: Cannot find module '@/pages/admin/users/UserProfile' or its corresponding type declarations.
[21:51:30.149] src/routes/pages.tsx(15,38): error TS2307: Cannot find module '../pages/support/Support247' or its corresponding type declarations.
[21:51:30.149] src/routes/pages.tsx(16,36): error TS2307: Cannot find module '../pages/tools/Turnitin' or its corresponding type declarations.
[21:51:30.150] src/routes/pages.tsx(17,36): error TS2307: Cannot find module '../pages/learning/index' or its corresponding type declarations.
[21:51:30.150] src/routes/pages.tsx(20,40): error TS2307: Cannot find module '../pages/deepresearch/DeepResearch' or its corresponding type declarations.
[21:51:30.150] src/routes/pages.tsx(21,32): error TS2307: Cannot find module '../pages/Home/Homepage' or its corresponding type declarations.
[21:51:30.150] src/routes/services.tsx(13,45): error TS2307: Cannot find module '../pages/services/AssignmentWriting' or its corresponding type declarations.
[21:51:30.150] src/routes/services.tsx(14,40): error TS2307: Cannot find module '../pages/services/EssayWriting' or its corresponding type declarations.
[21:51:30.150] src/routes/services.tsx(15,47): error TS2307: Cannot find module '../pages/services/DissertationWriting' or its corresponding type declarations.
[21:51:30.150] src/routes/services.tsx(16,43): error TS2307: Cannot find module '../pages/services/ResearchWriting' or its corresponding type declarations.
[21:51:30.150] src/routes/services.tsx(17,40): error TS2307: Cannot find module '../pages/services/Proofreading' or its corresponding type declarations.
[21:51:30.150] src/routes/services.tsx(18,42): error TS2307: Cannot find module '../pages/services/OnlineTutoring' or its corresponding type declarations.
[21:51:30.150] src/routes/services.tsx(19,41): error TS2307: Cannot find module '../pages/services/CheckTurnitin' or its corresponding type declarations.
[21:51:30.150] src/scripts/createAdmin.ts(64,36): error TS2339: Property 'createAdminUser' does not exist on type '{ isAdmin: (userId: string) => Promise<boolean>; getAdmin: (userId: string) => Promise<AdminUser | null>; addAdmin: (email: string, role?: string) => Promise<...>; removeAdmin: (userId: string) => Promise<...>; }'.
[21:51:30.150] src/services/adminService.ts(173,25): error TS2339: Property 'metadata' does not exist on type 'ContentBlock'.
[21:51:30.150] src/services/adminService.ts(174,22): error TS2339: Property 'order' does not exist on type 'ContentBlock'.
[21:51:30.150] src/services/adminService.ts(231,27): error TS2339: Property 'metadata' does not exist on type 'ContentBlock'.
[21:51:30.150] src/services/adminService.ts(232,24): error TS2339: Property 'order' does not exist on type 'ContentBlock'.
[21:51:30.150] src/services/aiScoreChecker.ts(1,10): error TS2305: Module '"@prisma/client"' has no exported member 'PrismaClient'.
[21:51:30.150] src/services/authService.ts(2,26): error TS2307: Cannot find module '@/utils/supabase' or its corresponding type declarations.
[21:51:30.150] src/services/contentService.ts(5,35): error TS2307: Cannot find module '@/utils/formatters' or its corresponding type declarations.
[21:51:30.150] src/services/documentCleanup.ts(25,43): error TS7006: Parameter 'doc' implicitly has an 'any' type.
[21:51:30.150] src/services/documentCleanup.ts(33,29): error TS7006: Parameter 'd' implicitly has an 'any' type.
[21:51:30.150] src/services/documentProcessor.ts(21,15): error TS2304: Cannot find name 'currentUser'.
[21:51:30.150] src/services/interactionsService.ts(1,26): error TS2307: Cannot find module '@/utils/supabase' or its corresponding type declarations.
[21:51:30.150] src/services/paymentVerification.ts(3,35): error TS2307: Cannot find module '@coinbase/commerce.js' or its corresponding type declarations.
[21:51:30.150] src/services/paymentVerification.ts(41,7): error TS2345: Argument of type 'string' is not assignable to parameter of type 'Record<string, string> | WebhookRequiredHeaders | WebhookUnbrandedRequiredHeaders'.
[21:51:30.150] src/services/paymentVerification.ts(44,11): error TS2304: Cannot find name 'prisma'.
[21:51:30.150] src/services/storageService.ts(1,26): error TS2307: Cannot find module '@/utils/supabase' or its corresponding type declarations.
[21:51:30.150] src/services/supabaseService.ts(193,32): error TS2339: Property 'views' does not exist on type '{}'.
[21:51:30.150] src/services/supabaseService.ts(196,32): error TS2339: Property 'id' does not exist on type '{}'.
[21:51:30.150] src/services/telegramBotInteractionService.ts(1,10): error TS2305: Module '"@prisma/client"' has no exported member 'PrismaClient'.
[21:51:30.150] src/services/telegramBotInteractionService.ts(30,52): error TS2339: Property 'chatId' does not exist on type '{ readonly botToken: string; readonly botChatId: string; readonly webhookSecret: string; readonly webhookUrl: string; readonly maxRetries: 3; readonly retryDelay: 5000; readonly requestTimeout: 30000; readonly maxFileSize: number; readonly allowedFileTypes: readonly [...]; readonly scoreFormat: { ...; }; }'.
[21:51:30.150] src/services/telegramBotService.ts(2,10): error TS2305: Module '"@prisma/client"' has no exported member 'PrismaClient'.
[21:51:30.150] src/services/telegramRetryService.ts(1,10): error TS2305: Module '"@prisma/client"' has no exported member 'PrismaClient'.
[21:51:30.150] src/services/telegramRetryService.ts(90,9): error TS18047: 'fileData' is possibly 'null'.
[21:51:30.150] src/services/telegramRetryService.ts(90,18): error TS2339: Property 'buffer' does not exist on type '{ path: string; url: string; size?: number | undefined; }'.
[21:51:30.150] src/services/telegramRetryService.ts(147,9): error TS18047: 'fileData' is possibly 'null'.
[21:51:30.150] src/services/telegramRetryService.ts(147,18): error TS2339: Property 'buffer' does not exist on type '{ path: string; url: string; size?: number | undefined; }'.
[21:51:30.150] src/types/admin.ts(247,18): error TS2430: Interface 'AdminUser' incorrectly extends interface 'Author'.
[21:51:30.150]   Types of property 'role' are incompatible.
[21:51:30.150]     Type 'UserRole' is not assignable to type 'string'.
[21:51:30.151] src/types/clerk.ts(1,10): error TS2305: Module '"@clerk/clerk-react"' has no exported member 'Clerk'.
[21:51:30.151] src/types/user.ts(1,10): error TS2305: Module '"@clerk/clerk-react"' has no exported member 'User'.
[21:51:30.151] src/utils/errorRecovery.ts(75,41): error TS2307: Cannot find module '@/hooks/useAppKitAuth' or its corresponding type declarations.
[21:51:30.189] â€‰ELIFECYCLEâ€‰ Command failed with exit code 2.
[21:51:30.201] Failed to execute command: pnpm build
[21:51:30.202] Error: Command failed: pnpm build
[21:51:30.202]     at genericNodeError (node:internal/errors:983:15)
[21:51:30.202]     at wrappedFn (node:internal/errors:537:14)
[21:51:30.202]     at checkExecSyncError (node:child_process:882:11)
[21:51:30.202]     at execSync (node:child_process:954:15)
[21:51:30.202]     at runCommand (/vercel/path0/scripts/vercel-build.js:5:5)
[21:51:30.203]     at Object.<anonymous> (/vercel/path0/scripts/vercel-build.js:21:1)
[21:51:30.203]     at Module._compile (node:internal/modules/cjs/loader:1554:14)
[21:51:30.203]     at Object..js (node:internal/modules/cjs/loader:1706:10)
[21:51:30.203]     at Module.load (node:internal/modules/cjs/loader:1289:32)
[21:51:30.203]     at Function._load (node:internal/modules/cjs/loader:1108:12) {
[21:51:30.203]   status: 2,
[21:51:30.203]   signal: null,
[21:51:30.203]   output: [ null, null, null ],
[21:51:30.203]   pid: 188,
[21:51:30.203]   stdout: null,
[21:51:30.203]   stderr: null
[21:51:30.203] }
[21:51:30.222] â€‰ELIFECYCLEâ€‰ Command failed with exit code 1.
[21:51:30.241] Error: Command "pnpm vercel-build" exited with 1
[21:51:31.071] 